2018-11-23 11:41:31 | INFO  | restartedMain | org.springframework.boot.context.embedded.AnnotationConfigEmbeddedWebApplicationContext | [AbstractApplicationContext.java:583] | Refreshing org.springframework.boot.context.embedded.AnnotationConfigEmbeddedWebApplicationContext@57dc7b05: startup date [Fri Nov 23 11:41:31 CST 2018]; root of context hierarchy
2018-11-23 11:41:33 | INFO  | restartedMain | org.springframework.beans.factory.support.DefaultListableBeanFactory | [DefaultListableBeanFactory.java:828] | Overriding bean definition for bean 'currentUserHolder' with a different definition: replacing [Root bean: class [null]; scope=; abstract=false; lazyInit=false; autowireMode=3; dependencyCheck=0; autowireCandidate=true; primary=false; factoryBeanName=beanConfig; factoryMethodName=currentUserHolder; initMethodName=null; destroyMethodName=(inferred); defined in class path resource [com/mhc/bi/config/BeanConfig.class]] with [Root bean: class [null]; scope=; abstract=false; lazyInit=false; autowireMode=3; dependencyCheck=0; autowireCandidate=true; primary=false; factoryBeanName=com.mhc.framework.support.session.base.AppAutoConfiguration; factoryMethodName=currentUserHolder; initMethodName=null; destroyMethodName=(inferred); defined in class path resource [com/mhc/framework/support/session/base/AppAutoConfiguration.class]]
2018-11-23 11:41:33 | INFO  | restartedMain | org.springframework.data.repository.config.RepositoryConfigurationDelegate | [RepositoryConfigurationDelegate.java:165] | Multiple Spring Data modules found, entering strict repository configuration mode!
2018-11-23 11:41:33 | INFO  | restartedMain | org.springframework.beans.factory.annotation.AutowiredAnnotationBeanPostProcessor | [AutowiredAnnotationBeanPostProcessor.java:155] | JSR-330 'javax.inject.Inject' annotation found and supported for autowiring
2018-11-23 11:41:34 | INFO  | restartedMain | org.springframework.context.support.PostProcessorRegistrationDelegate$BeanPostProcessorChecker | [PostProcessorRegistrationDelegate.java:327] | Bean 'org.springframework.transaction.annotation.ProxyTransactionManagementConfiguration' of type [org.springframework.transaction.annotation.ProxyTransactionManagementConfiguration$$EnhancerBySpringCGLIB$$20e7352a] is not eligible for getting processed by all BeanPostProcessors (for example: not eligible for auto-proxying)
2018-11-23 11:41:34 | WARN  | restartedMain | org.springframework.boot.context.embedded.AnnotationConfigEmbeddedWebApplicationContext | [AbstractApplicationContext.java:551] | Exception encountered during context initialization - cancelling refresh attempt: org.springframework.context.ApplicationContextException: Unable to start embedded container; nested exception is java.lang.NoSuchMethodError: org.eclipse.jetty.servlet.ServletMapping.setDefault(Z)V
2018-11-23 11:41:34 | INFO  | restartedMain | org.springframework.boot.autoconfigure.logging.AutoConfigurationReportLoggingInitializer | [AutoConfigurationReportLoggingInitializer.java:101] | 

Error starting ApplicationContext. To display the auto-configuration report re-run your application with 'debug' enabled.
2018-11-23 11:41:34 | ERROR | restartedMain | org.springframework.boot.SpringApplication | [SpringApplication.java:771] | Application startup failed
org.springframework.context.ApplicationContextException: Unable to start embedded container; nested exception is java.lang.NoSuchMethodError: org.eclipse.jetty.servlet.ServletMapping.setDefault(Z)V
	at org.springframework.boot.context.embedded.EmbeddedWebApplicationContext.onRefresh(EmbeddedWebApplicationContext.java:137)
	at org.springframework.context.support.AbstractApplicationContext.refresh(AbstractApplicationContext.java:537)
	at org.springframework.boot.context.embedded.EmbeddedWebApplicationContext.refresh(EmbeddedWebApplicationContext.java:122)
	at org.springframework.boot.SpringApplication.refresh(SpringApplication.java:693)
	at org.springframework.boot.SpringApplication.refreshContext(SpringApplication.java:360)
	at org.springframework.boot.SpringApplication.run(SpringApplication.java:303)
	at org.springframework.boot.SpringApplication.run(SpringApplication.java:1118)
	at org.springframework.boot.SpringApplication.run(SpringApplication.java:1107)
	at com.mhc.bi.TheAdvisorApplication.main(TheAdvisorApplication.java:13)
	at sun.reflect.NativeMethodAccessorImpl.invoke0(Native Method)
	at sun.reflect.NativeMethodAccessorImpl.invoke(NativeMethodAccessorImpl.java:62)
	at sun.reflect.DelegatingMethodAccessorImpl.invoke(DelegatingMethodAccessorImpl.java:43)
	at java.lang.reflect.Method.invoke(Method.java:498)
	at org.springframework.boot.devtools.restart.RestartLauncher.run(RestartLauncher.java:49)
Caused by: java.lang.NoSuchMethodError: org.eclipse.jetty.servlet.ServletMapping.setDefault(Z)V
	at org.springframework.boot.context.embedded.jetty.JettyEmbeddedServletContainerFactory.addDefaultServlet(JettyEmbeddedServletContainerFactory.java:455)
	at org.springframework.boot.context.embedded.jetty.JettyEmbeddedServletContainerFactory.configureWebAppContext(JettyEmbeddedServletContainerFactory.java:360)
	at org.springframework.boot.context.embedded.jetty.JettyEmbeddedServletContainerFactory.getEmbeddedServletContainer(JettyEmbeddedServletContainerFactory.java:175)
	at org.springframework.boot.context.embedded.EmbeddedWebApplicationContext.createEmbeddedServletContainer(EmbeddedWebApplicationContext.java:164)
	at org.springframework.boot.context.embedded.EmbeddedWebApplicationContext.onRefresh(EmbeddedWebApplicationContext.java:134)
	... 13 common frames omitted
2018-11-23 11:54:05 | INFO  | restartedMain | org.springframework.boot.context.embedded.AnnotationConfigEmbeddedWebApplicationContext | [AbstractApplicationContext.java:583] | Refreshing org.springframework.boot.context.embedded.AnnotationConfigEmbeddedWebApplicationContext@60c4f619: startup date [Fri Nov 23 11:54:05 CST 2018]; root of context hierarchy
2018-11-23 11:54:06 | INFO  | restartedMain | org.springframework.beans.factory.support.DefaultListableBeanFactory | [DefaultListableBeanFactory.java:828] | Overriding bean definition for bean 'currentUserHolder' with a different definition: replacing [Root bean: class [null]; scope=; abstract=false; lazyInit=false; autowireMode=3; dependencyCheck=0; autowireCandidate=true; primary=false; factoryBeanName=beanConfig; factoryMethodName=currentUserHolder; initMethodName=null; destroyMethodName=(inferred); defined in class path resource [com/mhc/bi/config/BeanConfig.class]] with [Root bean: class [null]; scope=; abstract=false; lazyInit=false; autowireMode=3; dependencyCheck=0; autowireCandidate=true; primary=false; factoryBeanName=com.mhc.framework.support.session.base.AppAutoConfiguration; factoryMethodName=currentUserHolder; initMethodName=null; destroyMethodName=(inferred); defined in class path resource [com/mhc/framework/support/session/base/AppAutoConfiguration.class]]
2018-11-23 11:54:06 | INFO  | restartedMain | org.springframework.data.repository.config.RepositoryConfigurationDelegate | [RepositoryConfigurationDelegate.java:165] | Multiple Spring Data modules found, entering strict repository configuration mode!
2018-11-23 11:54:06 | INFO  | restartedMain | org.springframework.beans.factory.annotation.AutowiredAnnotationBeanPostProcessor | [AutowiredAnnotationBeanPostProcessor.java:155] | JSR-330 'javax.inject.Inject' annotation found and supported for autowiring
2018-11-23 11:54:07 | INFO  | restartedMain | org.springframework.context.support.PostProcessorRegistrationDelegate$BeanPostProcessorChecker | [PostProcessorRegistrationDelegate.java:327] | Bean 'org.springframework.transaction.annotation.ProxyTransactionManagementConfiguration' of type [org.springframework.transaction.annotation.ProxyTransactionManagementConfiguration$$EnhancerBySpringCGLIB$$9482fa49] is not eligible for getting processed by all BeanPostProcessors (for example: not eligible for auto-proxying)
2018-11-23 11:54:07 | INFO  | restartedMain | org.springframework.boot.context.embedded.tomcat.TomcatEmbeddedServletContainer | [TomcatEmbeddedServletContainer.java:92] | Tomcat initialized with port(s): 8080 (http)
2018-11-23 11:54:07 | INFO  | localhost-startStop-1 | org.springframework.web.context.ContextLoader | [EmbeddedWebApplicationContext.java:276] | Root WebApplicationContext: initialization completed in 2395 ms
2018-11-23 11:54:08 | INFO  | localhost-startStop-1 | org.springframework.boot.web.servlet.ServletRegistrationBean | [ServletRegistrationBean.java:190] | Mapping servlet: 'dispatcherServlet' to [/]
2018-11-23 11:54:08 | INFO  | localhost-startStop-1 | org.springframework.boot.web.servlet.FilterRegistrationBean | [AbstractFilterRegistrationBean.java:258] | Mapping filter: 'characterEncodingFilter' to: [/*]
2018-11-23 11:54:08 | INFO  | localhost-startStop-1 | org.springframework.boot.web.servlet.FilterRegistrationBean | [AbstractFilterRegistrationBean.java:258] | Mapping filter: 'hiddenHttpMethodFilter' to: [/*]
2018-11-23 11:54:08 | INFO  | localhost-startStop-1 | org.springframework.boot.web.servlet.FilterRegistrationBean | [AbstractFilterRegistrationBean.java:258] | Mapping filter: 'httpPutFormContentFilter' to: [/*]
2018-11-23 11:54:08 | INFO  | localhost-startStop-1 | org.springframework.boot.web.servlet.FilterRegistrationBean | [AbstractFilterRegistrationBean.java:258] | Mapping filter: 'requestContextFilter' to: [/*]
2018-11-23 11:54:08 | WARN  | restartedMain | org.springframework.boot.context.embedded.AnnotationConfigEmbeddedWebApplicationContext | [AbstractApplicationContext.java:551] | Exception encountered during context initialization - cancelling refresh attempt: org.springframework.beans.factory.UnsatisfiedDependencyException: Error creating bean with name 'userController': Unsatisfied dependency expressed through field 'currentUserHolder'; nested exception is org.springframework.beans.factory.BeanCreationException: Error creating bean with name 'com.mhc.framework.support.session.base.AppAutoConfiguration': Injection of autowired dependencies failed; nested exception is java.lang.IllegalArgumentException: Could not resolve placeholder 'spring.application.name' in value "${spring.application.name}"
2018-11-23 11:54:08 | INFO  | restartedMain | org.springframework.boot.autoconfigure.logging.AutoConfigurationReportLoggingInitializer | [AutoConfigurationReportLoggingInitializer.java:101] | 

Error starting ApplicationContext. To display the auto-configuration report re-run your application with 'debug' enabled.
2018-11-23 11:54:08 | ERROR | restartedMain | org.springframework.boot.SpringApplication | [SpringApplication.java:771] | Application startup failed
org.springframework.beans.factory.UnsatisfiedDependencyException: Error creating bean with name 'userController': Unsatisfied dependency expressed through field 'currentUserHolder'; nested exception is org.springframework.beans.factory.BeanCreationException: Error creating bean with name 'com.mhc.framework.support.session.base.AppAutoConfiguration': Injection of autowired dependencies failed; nested exception is java.lang.IllegalArgumentException: Could not resolve placeholder 'spring.application.name' in value "${spring.application.name}"
	at org.springframework.beans.factory.annotation.AutowiredAnnotationBeanPostProcessor$AutowiredFieldElement.inject(AutowiredAnnotationBeanPostProcessor.java:588)
	at org.springframework.beans.factory.annotation.InjectionMetadata.inject(InjectionMetadata.java:88)
	at org.springframework.beans.factory.annotation.AutowiredAnnotationBeanPostProcessor.postProcessPropertyValues(AutowiredAnnotationBeanPostProcessor.java:366)
	at org.springframework.beans.factory.support.AbstractAutowireCapableBeanFactory.populateBean(AbstractAutowireCapableBeanFactory.java:1272)
	at org.springframework.beans.factory.support.AbstractAutowireCapableBeanFactory.doCreateBean(AbstractAutowireCapableBeanFactory.java:553)
	at org.springframework.beans.factory.support.AbstractAutowireCapableBeanFactory.createBean(AbstractAutowireCapableBeanFactory.java:483)
	at org.springframework.beans.factory.support.AbstractBeanFactory$1.getObject(AbstractBeanFactory.java:312)
	at org.springframework.beans.factory.support.DefaultSingletonBeanRegistry.getSingleton(DefaultSingletonBeanRegistry.java:230)
	at org.springframework.beans.factory.support.AbstractBeanFactory.doGetBean(AbstractBeanFactory.java:308)
	at org.springframework.beans.factory.support.AbstractBeanFactory.getBean(AbstractBeanFactory.java:197)
	at org.springframework.beans.factory.support.DefaultListableBeanFactory.preInstantiateSingletons(DefaultListableBeanFactory.java:761)
	at org.springframework.context.support.AbstractApplicationContext.finishBeanFactoryInitialization(AbstractApplicationContext.java:867)
	at org.springframework.context.support.AbstractApplicationContext.refresh(AbstractApplicationContext.java:543)
	at org.springframework.boot.context.embedded.EmbeddedWebApplicationContext.refresh(EmbeddedWebApplicationContext.java:122)
	at org.springframework.boot.SpringApplication.refresh(SpringApplication.java:693)
	at org.springframework.boot.SpringApplication.refreshContext(SpringApplication.java:360)
	at org.springframework.boot.SpringApplication.run(SpringApplication.java:303)
	at org.springframework.boot.SpringApplication.run(SpringApplication.java:1118)
	at org.springframework.boot.SpringApplication.run(SpringApplication.java:1107)
	at com.mhc.bi.TheAdvisorApplication.main(TheAdvisorApplication.java:13)
	at sun.reflect.NativeMethodAccessorImpl.invoke0(Native Method)
	at sun.reflect.NativeMethodAccessorImpl.invoke(NativeMethodAccessorImpl.java:62)
	at sun.reflect.DelegatingMethodAccessorImpl.invoke(DelegatingMethodAccessorImpl.java:43)
	at java.lang.reflect.Method.invoke(Method.java:498)
	at org.springframework.boot.devtools.restart.RestartLauncher.run(RestartLauncher.java:49)
Caused by: org.springframework.beans.factory.BeanCreationException: Error creating bean with name 'com.mhc.framework.support.session.base.AppAutoConfiguration': Injection of autowired dependencies failed; nested exception is java.lang.IllegalArgumentException: Could not resolve placeholder 'spring.application.name' in value "${spring.application.name}"
	at org.springframework.beans.factory.annotation.AutowiredAnnotationBeanPostProcessor.postProcessPropertyValues(AutowiredAnnotationBeanPostProcessor.java:372)
	at org.springframework.beans.factory.support.AbstractAutowireCapableBeanFactory.populateBean(AbstractAutowireCapableBeanFactory.java:1272)
	at org.springframework.beans.factory.support.AbstractAutowireCapableBeanFactory.doCreateBean(AbstractAutowireCapableBeanFactory.java:553)
	at org.springframework.beans.factory.support.AbstractAutowireCapableBeanFactory.createBean(AbstractAutowireCapableBeanFactory.java:483)
	at org.springframework.beans.factory.support.AbstractBeanFactory$1.getObject(AbstractBeanFactory.java:312)
	at org.springframework.beans.factory.support.DefaultSingletonBeanRegistry.getSingleton(DefaultSingletonBeanRegistry.java:230)
	at org.springframework.beans.factory.support.AbstractBeanFactory.doGetBean(AbstractBeanFactory.java:308)
	at org.springframework.beans.factory.support.AbstractBeanFactory.getBean(AbstractBeanFactory.java:197)
	at org.springframework.beans.factory.support.ConstructorResolver.instantiateUsingFactoryMethod(ConstructorResolver.java:372)
	at org.springframework.beans.factory.support.AbstractAutowireCapableBeanFactory.instantiateUsingFactoryMethod(AbstractAutowireCapableBeanFactory.java:1181)
	at org.springframework.beans.factory.support.AbstractAutowireCapableBeanFactory.createBeanInstance(AbstractAutowireCapableBeanFactory.java:1075)
	at org.springframework.beans.factory.support.AbstractAutowireCapableBeanFactory.doCreateBean(AbstractAutowireCapableBeanFactory.java:513)
	at org.springframework.beans.factory.support.AbstractAutowireCapableBeanFactory.createBean(AbstractAutowireCapableBeanFactory.java:483)
	at org.springframework.beans.factory.support.AbstractBeanFactory$1.getObject(AbstractBeanFactory.java:312)
	at org.springframework.beans.factory.support.DefaultSingletonBeanRegistry.getSingleton(DefaultSingletonBeanRegistry.java:230)
	at org.springframework.beans.factory.support.AbstractBeanFactory.doGetBean(AbstractBeanFactory.java:308)
	at org.springframework.beans.factory.support.AbstractBeanFactory.getBean(AbstractBeanFactory.java:202)
	at org.springframework.beans.factory.config.DependencyDescriptor.resolveCandidate(DependencyDescriptor.java:208)
	at org.springframework.beans.factory.support.DefaultListableBeanFactory.doResolveDependency(DefaultListableBeanFactory.java:1138)
	at org.springframework.beans.factory.support.DefaultListableBeanFactory.resolveDependency(DefaultListableBeanFactory.java:1066)
	at org.springframework.beans.factory.annotation.AutowiredAnnotationBeanPostProcessor$AutowiredFieldElement.inject(AutowiredAnnotationBeanPostProcessor.java:585)
	... 24 common frames omitted
Caused by: java.lang.IllegalArgumentException: Could not resolve placeholder 'spring.application.name' in value "${spring.application.name}"
	at org.springframework.util.PropertyPlaceholderHelper.parseStringValue(PropertyPlaceholderHelper.java:174)
	at org.springframework.util.PropertyPlaceholderHelper.replacePlaceholders(PropertyPlaceholderHelper.java:126)
	at org.springframework.core.env.AbstractPropertyResolver.doResolvePlaceholders(AbstractPropertyResolver.java:236)
	at org.springframework.core.env.AbstractPropertyResolver.resolveRequiredPlaceholders(AbstractPropertyResolver.java:210)
	at org.springframework.context.support.PropertySourcesPlaceholderConfigurer$2.resolveStringValue(PropertySourcesPlaceholderConfigurer.java:172)
	at org.springframework.beans.factory.support.AbstractBeanFactory.resolveEmbeddedValue(AbstractBeanFactory.java:837)
	at org.springframework.beans.factory.support.DefaultListableBeanFactory.doResolveDependency(DefaultListableBeanFactory.java:1086)
	at org.springframework.beans.factory.support.DefaultListableBeanFactory.resolveDependency(DefaultListableBeanFactory.java:1066)
	at org.springframework.beans.factory.annotation.AutowiredAnnotationBeanPostProcessor$AutowiredFieldElement.inject(AutowiredAnnotationBeanPostProcessor.java:585)
	at org.springframework.beans.factory.annotation.InjectionMetadata.inject(InjectionMetadata.java:88)
	at org.springframework.beans.factory.annotation.AutowiredAnnotationBeanPostProcessor.postProcessPropertyValues(AutowiredAnnotationBeanPostProcessor.java:366)
	... 44 common frames omitted
2018-11-23 11:56:46 | INFO  | restartedMain | org.springframework.boot.context.embedded.AnnotationConfigEmbeddedWebApplicationContext | [AbstractApplicationContext.java:583] | Refreshing org.springframework.boot.context.embedded.AnnotationConfigEmbeddedWebApplicationContext@54d3e12: startup date [Fri Nov 23 11:56:46 CST 2018]; root of context hierarchy
2018-11-23 11:56:47 | INFO  | restartedMain | org.springframework.beans.factory.support.DefaultListableBeanFactory | [DefaultListableBeanFactory.java:828] | Overriding bean definition for bean 'currentUserHolder' with a different definition: replacing [Root bean: class [null]; scope=; abstract=false; lazyInit=false; autowireMode=3; dependencyCheck=0; autowireCandidate=true; primary=false; factoryBeanName=beanConfig; factoryMethodName=currentUserHolder; initMethodName=null; destroyMethodName=(inferred); defined in class path resource [com/mhc/bi/config/BeanConfig.class]] with [Root bean: class [null]; scope=; abstract=false; lazyInit=false; autowireMode=3; dependencyCheck=0; autowireCandidate=true; primary=false; factoryBeanName=com.mhc.framework.support.session.base.AppAutoConfiguration; factoryMethodName=currentUserHolder; initMethodName=null; destroyMethodName=(inferred); defined in class path resource [com/mhc/framework/support/session/base/AppAutoConfiguration.class]]
2018-11-23 11:56:47 | INFO  | restartedMain | org.springframework.data.repository.config.RepositoryConfigurationDelegate | [RepositoryConfigurationDelegate.java:165] | Multiple Spring Data modules found, entering strict repository configuration mode!
2018-11-23 11:56:48 | INFO  | restartedMain | org.springframework.beans.factory.annotation.AutowiredAnnotationBeanPostProcessor | [AutowiredAnnotationBeanPostProcessor.java:155] | JSR-330 'javax.inject.Inject' annotation found and supported for autowiring
2018-11-23 11:56:48 | INFO  | restartedMain | org.springframework.context.support.PostProcessorRegistrationDelegate$BeanPostProcessorChecker | [PostProcessorRegistrationDelegate.java:327] | Bean 'org.springframework.transaction.annotation.ProxyTransactionManagementConfiguration' of type [org.springframework.transaction.annotation.ProxyTransactionManagementConfiguration$$EnhancerBySpringCGLIB$$38733fe8] is not eligible for getting processed by all BeanPostProcessors (for example: not eligible for auto-proxying)
2018-11-23 11:56:48 | INFO  | restartedMain | org.springframework.boot.context.embedded.tomcat.TomcatEmbeddedServletContainer | [TomcatEmbeddedServletContainer.java:92] | Tomcat initialized with port(s): 8080 (http)
2018-11-23 11:56:49 | INFO  | localhost-startStop-1 | org.springframework.web.context.ContextLoader | [EmbeddedWebApplicationContext.java:276] | Root WebApplicationContext: initialization completed in 2465 ms
2018-11-23 11:56:49 | INFO  | localhost-startStop-1 | org.springframework.boot.web.servlet.ServletRegistrationBean | [ServletRegistrationBean.java:190] | Mapping servlet: 'dispatcherServlet' to [/]
2018-11-23 11:56:49 | INFO  | localhost-startStop-1 | org.springframework.boot.web.servlet.FilterRegistrationBean | [AbstractFilterRegistrationBean.java:258] | Mapping filter: 'characterEncodingFilter' to: [/*]
2018-11-23 11:56:49 | INFO  | localhost-startStop-1 | org.springframework.boot.web.servlet.FilterRegistrationBean | [AbstractFilterRegistrationBean.java:258] | Mapping filter: 'hiddenHttpMethodFilter' to: [/*]
2018-11-23 11:56:49 | INFO  | localhost-startStop-1 | org.springframework.boot.web.servlet.FilterRegistrationBean | [AbstractFilterRegistrationBean.java:258] | Mapping filter: 'httpPutFormContentFilter' to: [/*]
2018-11-23 11:56:49 | INFO  | localhost-startStop-1 | org.springframework.boot.web.servlet.FilterRegistrationBean | [AbstractFilterRegistrationBean.java:258] | Mapping filter: 'requestContextFilter' to: [/*]
2018-11-23 11:56:49 | WARN  | restartedMain | org.springframework.boot.context.embedded.AnnotationConfigEmbeddedWebApplicationContext | [AbstractApplicationContext.java:551] | Exception encountered during context initialization - cancelling refresh attempt: org.springframework.beans.factory.UnsatisfiedDependencyException: Error creating bean with name 'userController': Unsatisfied dependency expressed through field 'currentUserHolder'; nested exception is org.springframework.beans.factory.BeanCreationException: Error creating bean with name 'com.mhc.framework.support.session.base.AppAutoConfiguration': Injection of autowired dependencies failed; nested exception is java.lang.IllegalArgumentException: Could not resolve placeholder 'spring.application.name' in value "${spring.application.name}"
2018-11-23 11:56:49 | INFO  | restartedMain | org.springframework.boot.autoconfigure.logging.AutoConfigurationReportLoggingInitializer | [AutoConfigurationReportLoggingInitializer.java:101] | 

Error starting ApplicationContext. To display the auto-configuration report re-run your application with 'debug' enabled.
2018-11-23 11:56:49 | ERROR | restartedMain | org.springframework.boot.SpringApplication | [SpringApplication.java:771] | Application startup failed
org.springframework.beans.factory.UnsatisfiedDependencyException: Error creating bean with name 'userController': Unsatisfied dependency expressed through field 'currentUserHolder'; nested exception is org.springframework.beans.factory.BeanCreationException: Error creating bean with name 'com.mhc.framework.support.session.base.AppAutoConfiguration': Injection of autowired dependencies failed; nested exception is java.lang.IllegalArgumentException: Could not resolve placeholder 'spring.application.name' in value "${spring.application.name}"
	at org.springframework.beans.factory.annotation.AutowiredAnnotationBeanPostProcessor$AutowiredFieldElement.inject(AutowiredAnnotationBeanPostProcessor.java:588)
	at org.springframework.beans.factory.annotation.InjectionMetadata.inject(InjectionMetadata.java:88)
	at org.springframework.beans.factory.annotation.AutowiredAnnotationBeanPostProcessor.postProcessPropertyValues(AutowiredAnnotationBeanPostProcessor.java:366)
	at org.springframework.beans.factory.support.AbstractAutowireCapableBeanFactory.populateBean(AbstractAutowireCapableBeanFactory.java:1272)
	at org.springframework.beans.factory.support.AbstractAutowireCapableBeanFactory.doCreateBean(AbstractAutowireCapableBeanFactory.java:553)
	at org.springframework.beans.factory.support.AbstractAutowireCapableBeanFactory.createBean(AbstractAutowireCapableBeanFactory.java:483)
	at org.springframework.beans.factory.support.AbstractBeanFactory$1.getObject(AbstractBeanFactory.java:312)
	at org.springframework.beans.factory.support.DefaultSingletonBeanRegistry.getSingleton(DefaultSingletonBeanRegistry.java:230)
	at org.springframework.beans.factory.support.AbstractBeanFactory.doGetBean(AbstractBeanFactory.java:308)
	at org.springframework.beans.factory.support.AbstractBeanFactory.getBean(AbstractBeanFactory.java:197)
	at org.springframework.beans.factory.support.DefaultListableBeanFactory.preInstantiateSingletons(DefaultListableBeanFactory.java:761)
	at org.springframework.context.support.AbstractApplicationContext.finishBeanFactoryInitialization(AbstractApplicationContext.java:867)
	at org.springframework.context.support.AbstractApplicationContext.refresh(AbstractApplicationContext.java:543)
	at org.springframework.boot.context.embedded.EmbeddedWebApplicationContext.refresh(EmbeddedWebApplicationContext.java:122)
	at org.springframework.boot.SpringApplication.refresh(SpringApplication.java:693)
	at org.springframework.boot.SpringApplication.refreshContext(SpringApplication.java:360)
	at org.springframework.boot.SpringApplication.run(SpringApplication.java:303)
	at org.springframework.boot.SpringApplication.run(SpringApplication.java:1118)
	at org.springframework.boot.SpringApplication.run(SpringApplication.java:1107)
	at com.mhc.bi.TheAdvisorApplication.main(TheAdvisorApplication.java:13)
	at sun.reflect.NativeMethodAccessorImpl.invoke0(Native Method)
	at sun.reflect.NativeMethodAccessorImpl.invoke(NativeMethodAccessorImpl.java:62)
	at sun.reflect.DelegatingMethodAccessorImpl.invoke(DelegatingMethodAccessorImpl.java:43)
	at java.lang.reflect.Method.invoke(Method.java:498)
	at org.springframework.boot.devtools.restart.RestartLauncher.run(RestartLauncher.java:49)
Caused by: org.springframework.beans.factory.BeanCreationException: Error creating bean with name 'com.mhc.framework.support.session.base.AppAutoConfiguration': Injection of autowired dependencies failed; nested exception is java.lang.IllegalArgumentException: Could not resolve placeholder 'spring.application.name' in value "${spring.application.name}"
	at org.springframework.beans.factory.annotation.AutowiredAnnotationBeanPostProcessor.postProcessPropertyValues(AutowiredAnnotationBeanPostProcessor.java:372)
	at org.springframework.beans.factory.support.AbstractAutowireCapableBeanFactory.populateBean(AbstractAutowireCapableBeanFactory.java:1272)
	at org.springframework.beans.factory.support.AbstractAutowireCapableBeanFactory.doCreateBean(AbstractAutowireCapableBeanFactory.java:553)
	at org.springframework.beans.factory.support.AbstractAutowireCapableBeanFactory.createBean(AbstractAutowireCapableBeanFactory.java:483)
	at org.springframework.beans.factory.support.AbstractBeanFactory$1.getObject(AbstractBeanFactory.java:312)
	at org.springframework.beans.factory.support.DefaultSingletonBeanRegistry.getSingleton(DefaultSingletonBeanRegistry.java:230)
	at org.springframework.beans.factory.support.AbstractBeanFactory.doGetBean(AbstractBeanFactory.java:308)
	at org.springframework.beans.factory.support.AbstractBeanFactory.getBean(AbstractBeanFactory.java:197)
	at org.springframework.beans.factory.support.ConstructorResolver.instantiateUsingFactoryMethod(ConstructorResolver.java:372)
	at org.springframework.beans.factory.support.AbstractAutowireCapableBeanFactory.instantiateUsingFactoryMethod(AbstractAutowireCapableBeanFactory.java:1181)
	at org.springframework.beans.factory.support.AbstractAutowireCapableBeanFactory.createBeanInstance(AbstractAutowireCapableBeanFactory.java:1075)
	at org.springframework.beans.factory.support.AbstractAutowireCapableBeanFactory.doCreateBean(AbstractAutowireCapableBeanFactory.java:513)
	at org.springframework.beans.factory.support.AbstractAutowireCapableBeanFactory.createBean(AbstractAutowireCapableBeanFactory.java:483)
	at org.springframework.beans.factory.support.AbstractBeanFactory$1.getObject(AbstractBeanFactory.java:312)
	at org.springframework.beans.factory.support.DefaultSingletonBeanRegistry.getSingleton(DefaultSingletonBeanRegistry.java:230)
	at org.springframework.beans.factory.support.AbstractBeanFactory.doGetBean(AbstractBeanFactory.java:308)
	at org.springframework.beans.factory.support.AbstractBeanFactory.getBean(AbstractBeanFactory.java:202)
	at org.springframework.beans.factory.config.DependencyDescriptor.resolveCandidate(DependencyDescriptor.java:208)
	at org.springframework.beans.factory.support.DefaultListableBeanFactory.doResolveDependency(DefaultListableBeanFactory.java:1138)
	at org.springframework.beans.factory.support.DefaultListableBeanFactory.resolveDependency(DefaultListableBeanFactory.java:1066)
	at org.springframework.beans.factory.annotation.AutowiredAnnotationBeanPostProcessor$AutowiredFieldElement.inject(AutowiredAnnotationBeanPostProcessor.java:585)
	... 24 common frames omitted
Caused by: java.lang.IllegalArgumentException: Could not resolve placeholder 'spring.application.name' in value "${spring.application.name}"
	at org.springframework.util.PropertyPlaceholderHelper.parseStringValue(PropertyPlaceholderHelper.java:174)
	at org.springframework.util.PropertyPlaceholderHelper.replacePlaceholders(PropertyPlaceholderHelper.java:126)
	at org.springframework.core.env.AbstractPropertyResolver.doResolvePlaceholders(AbstractPropertyResolver.java:236)
	at org.springframework.core.env.AbstractPropertyResolver.resolveRequiredPlaceholders(AbstractPropertyResolver.java:210)
	at org.springframework.context.support.PropertySourcesPlaceholderConfigurer$2.resolveStringValue(PropertySourcesPlaceholderConfigurer.java:172)
	at org.springframework.beans.factory.support.AbstractBeanFactory.resolveEmbeddedValue(AbstractBeanFactory.java:837)
	at org.springframework.beans.factory.support.DefaultListableBeanFactory.doResolveDependency(DefaultListableBeanFactory.java:1086)
	at org.springframework.beans.factory.support.DefaultListableBeanFactory.resolveDependency(DefaultListableBeanFactory.java:1066)
	at org.springframework.beans.factory.annotation.AutowiredAnnotationBeanPostProcessor$AutowiredFieldElement.inject(AutowiredAnnotationBeanPostProcessor.java:585)
	at org.springframework.beans.factory.annotation.InjectionMetadata.inject(InjectionMetadata.java:88)
	at org.springframework.beans.factory.annotation.AutowiredAnnotationBeanPostProcessor.postProcessPropertyValues(AutowiredAnnotationBeanPostProcessor.java:366)
	... 44 common frames omitted
