2018-09-29 15:06:15.765 INFO [restartedMain]com.mhc.bi.TheAdvisorApplication.logStarting:50 -Starting TheAdvisorApplication on mac.local with PID 760 (/Users/peilongcheng/gitcode/theadvisor/target/classes started by peilongcheng in /Users/peilongcheng/gitcode/theadvisor)
2018-09-29 15:06:15.767 INFO [restartedMain]com.mhc.bi.TheAdvisorApplication.logStartupProfileInfo:680 -No active profile set, falling back to default profiles: default
2018-09-29 15:06:15.912 INFO [restartedMain]o.s.b.w.s.c.AnnotationConfigServletWebServerApplicationContext.prepareRefresh:590 -Refreshing org.springframework.boot.web.servlet.context.AnnotationConfigServletWebServerApplicationContext@697db3ab: startup date [Sat Sep 29 15:06:15 CST 2018]; root of context hierarchy
2018-09-29 15:06:16.743 WARN [restartedMain]org.mybatis.spring.mapper.ClassPathMapperScanner.checkCandidate:239 -Skipping MapperFactoryBean with name 'desktopDocument2Mapper' and 'com.mhc.bi.mapper.hue.DesktopDocument2Mapper' mapperInterface. Bean already defined with the same name!
2018-09-29 15:06:16.744 WARN [restartedMain]org.mybatis.spring.mapper.ClassPathMapperScanner.checkCandidate:239 -Skipping MapperFactoryBean with name 'executeInstanceMapper' and 'com.mhc.bi.mapper.theadvisor.ExecuteInstanceMapper' mapperInterface. Bean already defined with the same name!
2018-09-29 15:06:16.744 WARN [restartedMain]org.mybatis.spring.mapper.ClassPathMapperScanner.checkCandidate:239 -Skipping MapperFactoryBean with name 'hueShellMapper' and 'com.mhc.bi.mapper.theadvisor.HueShellMapper' mapperInterface. Bean already defined with the same name!
2018-09-29 15:06:16.744 WARN [restartedMain]org.mybatis.spring.mapper.ClassPathMapperScanner.checkCandidate:239 -Skipping MapperFactoryBean with name 'jobPlanMapper' and 'com.mhc.bi.mapper.theadvisor.JobPlanMapper' mapperInterface. Bean already defined with the same name!
2018-09-29 15:06:16.745 WARN [restartedMain]org.mybatis.spring.mapper.ClassPathMapperScanner.checkCandidate:239 -Skipping MapperFactoryBean with name 'shellContentMapper' and 'com.mhc.bi.mapper.theadvisor.ShellContentMapper' mapperInterface. Bean already defined with the same name!
2018-09-29 15:06:16.745 WARN [restartedMain]org.mybatis.spring.mapper.ClassPathMapperScanner.checkCandidate:239 -Skipping MapperFactoryBean with name 'taskInstanceMapper' and 'com.mhc.bi.mapper.theadvisor.TaskInstanceMapper' mapperInterface. Bean already defined with the same name!
2018-09-29 15:06:16.745 WARN [restartedMain]org.mybatis.spring.mapper.ClassPathMapperScanner.doScan:166 -No MyBatis mapper was found in '[com.mhc.bi.mapper]' package. Please check your configuration.
2018-09-29 15:06:17.831 INFO [restartedMain]o.s.boot.web.embedded.tomcat.TomcatWebServer.initialize:91 -Tomcat initialized with port(s): 8090 (http)
2018-09-29 15:06:17.851 INFO [restartedMain]org.apache.coyote.http11.Http11NioProtocol.log:180 -Initializing ProtocolHandler ["http-nio-8090"]
2018-09-29 15:06:17.866 INFO [restartedMain]org.apache.catalina.core.StandardService.log:180 -Starting service [Tomcat]
2018-09-29 15:06:17.867 INFO [restartedMain]org.apache.catalina.core.StandardEngine.log:180 -Starting Servlet Engine: Apache Tomcat/8.5.34
2018-09-29 15:06:17.876 INFO [localhost-startStop-1]org.apache.catalina.core.AprLifecycleListener.log:180 -The APR based Apache Tomcat Native library which allows optimal performance in production environments was not found on the java.library.path: [/Users/peilongcheng/Library/Java/Extensions:/Library/Java/Extensions:/Network/Library/Java/Extensions:/System/Library/Java/Extensions:/usr/lib/java:.]
2018-09-29 15:06:18.008 INFO [localhost-startStop-1]o.a.catalina.core.ContainerBase.[Tomcat].[localhost].[/].log:180 -Initializing Spring embedded WebApplicationContext
2018-09-29 15:06:18.009 INFO [localhost-startStop-1]org.springframework.web.context.ContextLoader.prepareWebApplicationContext:285 -Root WebApplicationContext: initialization completed in 2097 ms
2018-09-29 15:06:18.111 INFO [localhost-startStop-1]o.s.boot.web.servlet.ServletRegistrationBean.addRegistration:187 -Servlet dispatcherServlet mapped to [/]
2018-09-29 15:06:18.115 INFO [localhost-startStop-1]o.s.boot.web.servlet.FilterRegistrationBean.configure:245 -Mapping filter: 'characterEncodingFilter' to: [/*]
2018-09-29 15:06:18.115 INFO [localhost-startStop-1]o.s.boot.web.servlet.FilterRegistrationBean.configure:245 -Mapping filter: 'hiddenHttpMethodFilter' to: [/*]
2018-09-29 15:06:18.116 INFO [localhost-startStop-1]o.s.boot.web.servlet.FilterRegistrationBean.configure:245 -Mapping filter: 'httpPutFormContentFilter' to: [/*]
2018-09-29 15:06:18.117 INFO [localhost-startStop-1]o.s.boot.web.servlet.FilterRegistrationBean.configure:245 -Mapping filter: 'requestContextFilter' to: [/*]
2018-09-29 15:06:18.648 INFO [restartedMain]o.s.web.servlet.handler.SimpleUrlHandlerMapping.registerHandler:373 -Mapped URL path [/**/favicon.ico] onto handler of type [class org.springframework.web.servlet.resource.ResourceHttpRequestHandler]
2018-09-29 15:06:18.821 INFO [restartedMain]o.s.w.s.m.method.annotation.RequestMappingHandlerAdapter.initControllerAdviceCache:588 -Looking for @ControllerAdvice: org.springframework.boot.web.servlet.context.AnnotationConfigServletWebServerApplicationContext@697db3ab: startup date [Sat Sep 29 15:06:15 CST 2018]; root of context hierarchy
2018-09-29 15:06:18.923 INFO [restartedMain]o.s.w.s.m.method.annotation.RequestMappingHandlerMapping.register:549 -Mapped "{[/hueshell/select],methods=[GET]}" onto public java.lang.Object com.mhc.bi.controller.HueShellController.select()
2018-09-29 15:06:18.925 INFO [restartedMain]o.s.w.s.m.method.annotation.RequestMappingHandlerMapping.register:549 -Mapped "{[/hueshell/submit],methods=[GET]}" onto public java.lang.String com.mhc.bi.controller.HueShellController.export(java.lang.String)
2018-09-29 15:06:18.925 INFO [restartedMain]o.s.w.s.m.method.annotation.RequestMappingHandlerMapping.register:549 -Mapped "{[/hueshell/insert],methods=[GET]}" onto public int com.mhc.bi.controller.HueShellController.insertIntoHueShell()
2018-09-29 15:06:18.927 WARN [restartedMain]o.s.b.w.s.c.AnnotationConfigServletWebServerApplicationContext.refresh:558 -Exception encountered during context initialization - cancelling refresh attempt: org.springframework.beans.factory.BeanCreationException: Error creating bean with name 'requestMappingHandlerMapping' defined in class path resource [org/springframework/boot/autoconfigure/web/servlet/WebMvcAutoConfiguration$EnableWebMvcConfiguration.class]: Invocation of init method failed; nested exception is java.lang.IllegalStateException: Ambiguous mapping. Cannot map 'hueShellController' method 
public java.lang.Object com.mhc.bi.controller.HueShellController.selectAllTest(java.lang.String)
to {[/hueshell/submit],methods=[GET]}: There is already 'hueShellController' bean method
public java.lang.String com.mhc.bi.controller.HueShellController.export(java.lang.String) mapped.
2018-09-29 15:06:18.935 INFO [restartedMain]org.apache.catalina.core.StandardService.log:180 -Stopping service [Tomcat]
2018-09-29 15:06:18.965 INFO [restartedMain]o.s.b.a.logging.ConditionEvaluationReportLoggingListener.logAutoConfigurationReport:101 -

Error starting ApplicationContext. To display the conditions report re-run your application with 'debug' enabled.
2018-09-29 15:06:51.716 INFO [restartedMain]com.mhc.bi.TheAdvisorApplication.logStarting:50 -Starting TheAdvisorApplication on mac.local with PID 767 (/Users/peilongcheng/gitcode/theadvisor/target/classes started by peilongcheng in /Users/peilongcheng/gitcode/theadvisor)
2018-09-29 15:06:51.721 INFO [restartedMain]com.mhc.bi.TheAdvisorApplication.logStartupProfileInfo:680 -No active profile set, falling back to default profiles: default
2018-09-29 15:06:51.846 INFO [restartedMain]o.s.b.w.s.c.AnnotationConfigServletWebServerApplicationContext.prepareRefresh:590 -Refreshing org.springframework.boot.web.servlet.context.AnnotationConfigServletWebServerApplicationContext@647ecae7: startup date [Sat Sep 29 15:06:51 CST 2018]; root of context hierarchy
2018-09-29 15:06:52.741 WARN [restartedMain]org.mybatis.spring.mapper.ClassPathMapperScanner.checkCandidate:239 -Skipping MapperFactoryBean with name 'desktopDocument2Mapper' and 'com.mhc.bi.mapper.hue.DesktopDocument2Mapper' mapperInterface. Bean already defined with the same name!
2018-09-29 15:06:52.741 WARN [restartedMain]org.mybatis.spring.mapper.ClassPathMapperScanner.checkCandidate:239 -Skipping MapperFactoryBean with name 'executeInstanceMapper' and 'com.mhc.bi.mapper.theadvisor.ExecuteInstanceMapper' mapperInterface. Bean already defined with the same name!
2018-09-29 15:06:52.742 WARN [restartedMain]org.mybatis.spring.mapper.ClassPathMapperScanner.checkCandidate:239 -Skipping MapperFactoryBean with name 'hueShellMapper' and 'com.mhc.bi.mapper.theadvisor.HueShellMapper' mapperInterface. Bean already defined with the same name!
2018-09-29 15:06:52.742 WARN [restartedMain]org.mybatis.spring.mapper.ClassPathMapperScanner.checkCandidate:239 -Skipping MapperFactoryBean with name 'jobPlanMapper' and 'com.mhc.bi.mapper.theadvisor.JobPlanMapper' mapperInterface. Bean already defined with the same name!
2018-09-29 15:06:52.742 WARN [restartedMain]org.mybatis.spring.mapper.ClassPathMapperScanner.checkCandidate:239 -Skipping MapperFactoryBean with name 'shellContentMapper' and 'com.mhc.bi.mapper.theadvisor.ShellContentMapper' mapperInterface. Bean already defined with the same name!
2018-09-29 15:06:52.743 WARN [restartedMain]org.mybatis.spring.mapper.ClassPathMapperScanner.checkCandidate:239 -Skipping MapperFactoryBean with name 'taskInstanceMapper' and 'com.mhc.bi.mapper.theadvisor.TaskInstanceMapper' mapperInterface. Bean already defined with the same name!
2018-09-29 15:06:52.743 WARN [restartedMain]org.mybatis.spring.mapper.ClassPathMapperScanner.doScan:166 -No MyBatis mapper was found in '[com.mhc.bi.mapper]' package. Please check your configuration.
2018-09-29 15:06:53.794 INFO [restartedMain]o.s.boot.web.embedded.tomcat.TomcatWebServer.initialize:91 -Tomcat initialized with port(s): 8090 (http)
2018-09-29 15:06:53.818 INFO [restartedMain]org.apache.coyote.http11.Http11NioProtocol.log:180 -Initializing ProtocolHandler ["http-nio-8090"]
2018-09-29 15:06:53.832 INFO [restartedMain]org.apache.catalina.core.StandardService.log:180 -Starting service [Tomcat]
2018-09-29 15:06:53.832 INFO [restartedMain]org.apache.catalina.core.StandardEngine.log:180 -Starting Servlet Engine: Apache Tomcat/8.5.34
2018-09-29 15:06:53.842 INFO [localhost-startStop-1]org.apache.catalina.core.AprLifecycleListener.log:180 -The APR based Apache Tomcat Native library which allows optimal performance in production environments was not found on the java.library.path: [/Users/peilongcheng/Library/Java/Extensions:/Library/Java/Extensions:/Network/Library/Java/Extensions:/System/Library/Java/Extensions:/usr/lib/java:.]
2018-09-29 15:06:53.929 INFO [localhost-startStop-1]o.a.catalina.core.ContainerBase.[Tomcat].[localhost].[/].log:180 -Initializing Spring embedded WebApplicationContext
2018-09-29 15:06:53.929 INFO [localhost-startStop-1]org.springframework.web.context.ContextLoader.prepareWebApplicationContext:285 -Root WebApplicationContext: initialization completed in 2083 ms
2018-09-29 15:06:53.995 INFO [localhost-startStop-1]o.s.boot.web.servlet.ServletRegistrationBean.addRegistration:187 -Servlet dispatcherServlet mapped to [/]
2018-09-29 15:06:53.999 INFO [localhost-startStop-1]o.s.boot.web.servlet.FilterRegistrationBean.configure:245 -Mapping filter: 'characterEncodingFilter' to: [/*]
2018-09-29 15:06:54.000 INFO [localhost-startStop-1]o.s.boot.web.servlet.FilterRegistrationBean.configure:245 -Mapping filter: 'hiddenHttpMethodFilter' to: [/*]
2018-09-29 15:06:54.000 INFO [localhost-startStop-1]o.s.boot.web.servlet.FilterRegistrationBean.configure:245 -Mapping filter: 'httpPutFormContentFilter' to: [/*]
2018-09-29 15:06:54.000 INFO [localhost-startStop-1]o.s.boot.web.servlet.FilterRegistrationBean.configure:245 -Mapping filter: 'requestContextFilter' to: [/*]
2018-09-29 15:06:54.542 INFO [restartedMain]o.s.web.servlet.handler.SimpleUrlHandlerMapping.registerHandler:373 -Mapped URL path [/**/favicon.ico] onto handler of type [class org.springframework.web.servlet.resource.ResourceHttpRequestHandler]
2018-09-29 15:06:54.704 INFO [restartedMain]o.s.w.s.m.method.annotation.RequestMappingHandlerAdapter.initControllerAdviceCache:588 -Looking for @ControllerAdvice: org.springframework.boot.web.servlet.context.AnnotationConfigServletWebServerApplicationContext@647ecae7: startup date [Sat Sep 29 15:06:51 CST 2018]; root of context hierarchy
2018-09-29 15:06:54.781 INFO [restartedMain]o.s.w.s.m.method.annotation.RequestMappingHandlerMapping.register:549 -Mapped "{[/hueshell/submit],methods=[GET]}" onto public java.lang.String com.mhc.bi.controller.HueShellController.export(java.lang.String)
2018-09-29 15:06:54.783 INFO [restartedMain]o.s.w.s.m.method.annotation.RequestMappingHandlerMapping.register:549 -Mapped "{[/hueshell/select],methods=[GET]}" onto public java.lang.Object com.mhc.bi.controller.HueShellController.select()
2018-09-29 15:06:54.783 INFO [restartedMain]o.s.w.s.m.method.annotation.RequestMappingHandlerMapping.register:549 -Mapped "{[/hueshell/insert],methods=[GET]}" onto public int com.mhc.bi.controller.HueShellController.insertIntoHueShell()
2018-09-29 15:06:54.784 INFO [restartedMain]o.s.w.s.m.method.annotation.RequestMappingHandlerMapping.register:549 -Mapped "{[/hueshell/selecttest],methods=[GET]}" onto public java.lang.Object com.mhc.bi.controller.HueShellController.selectAllTest(java.lang.String)
2018-09-29 15:06:54.786 INFO [restartedMain]o.s.w.s.m.method.annotation.RequestMappingHandlerMapping.register:549 -Mapped "{[/jobplan/delete],methods=[GET]}" onto public java.lang.Object com.mhc.bi.controller.JobPlanController.delete()
2018-09-29 15:06:54.786 INFO [restartedMain]o.s.w.s.m.method.annotation.RequestMappingHandlerMapping.register:549 -Mapped "{[/jobplan/insert],methods=[GET]}" onto public java.lang.Object com.mhc.bi.controller.JobPlanController.insertShellContent()
2018-09-29 15:06:54.787 INFO [restartedMain]o.s.w.s.m.method.annotation.RequestMappingHandlerMapping.register:549 -Mapped "{[/jobplan/selectall],methods=[GET]}" onto public java.lang.Object com.mhc.bi.controller.JobPlanController.selectAllFromJobPlan()
2018-09-29 15:06:54.787 INFO [restartedMain]o.s.w.s.m.method.annotation.RequestMappingHandlerMapping.register:549 -Mapped "{[/jobplan/update],methods=[GET]}" onto public java.lang.Object com.mhc.bi.controller.JobPlanController.updateShellContent()
2018-09-29 15:06:54.790 INFO [restartedMain]o.s.w.s.m.method.annotation.RequestMappingHandlerMapping.register:549 -Mapped "{[/shellcontent/delete],methods=[GET]}" onto public java.lang.Object com.mhc.bi.controller.ShellContentController.delete()
2018-09-29 15:06:54.790 INFO [restartedMain]o.s.w.s.m.method.annotation.RequestMappingHandlerMapping.register:549 -Mapped "{[/shellcontent/insert],methods=[GET]}" onto public java.lang.Object com.mhc.bi.controller.ShellContentController.insertShellContent()
2018-09-29 15:06:54.791 INFO [restartedMain]o.s.w.s.m.method.annotation.RequestMappingHandlerMapping.register:549 -Mapped "{[/shellcontent/update],methods=[GET]}" onto public java.lang.Object com.mhc.bi.controller.ShellContentController.updateShellContent()
2018-09-29 15:06:54.791 INFO [restartedMain]o.s.w.s.m.method.annotation.RequestMappingHandlerMapping.register:549 -Mapped "{[/shellcontent/selectall],methods=[GET]}" onto public java.lang.Object com.mhc.bi.controller.ShellContentController.selectAllFromShellContent()
2018-09-29 15:06:54.792 INFO [restartedMain]o.s.w.s.m.method.annotation.RequestMappingHandlerMapping.register:549 -Mapped "{[/shellcontent/selectbyname],methods=[GET]}" onto public java.lang.Object com.mhc.bi.controller.ShellContentController.selectstartnode(java.lang.String)
2018-09-29 15:06:54.797 INFO [restartedMain]o.s.w.s.m.method.annotation.RequestMappingHandlerMapping.register:549 -Mapped "{[/taskinstance/delete],methods=[GET]}" onto public java.lang.Object com.mhc.bi.controller.TaskInstanceController.delete()
2018-09-29 15:06:54.798 INFO [restartedMain]o.s.w.s.m.method.annotation.RequestMappingHandlerMapping.register:549 -Mapped "{[/taskinstance/start1],methods=[GET]}" onto public java.lang.Object com.mhc.bi.controller.TaskInstanceController.start()
2018-09-29 15:06:54.798 INFO [restartedMain]o.s.w.s.m.method.annotation.RequestMappingHandlerMapping.register:549 -Mapped "{[/taskinstance/updatestatus],methods=[GET]}" onto public java.lang.Object com.mhc.bi.controller.TaskInstanceController.start2()
2018-09-29 15:06:54.798 INFO [restartedMain]o.s.w.s.m.method.annotation.RequestMappingHandlerMapping.register:549 -Mapped "{[/taskinstance/update],methods=[GET]}" onto public java.lang.Object com.mhc.bi.controller.TaskInstanceController.updateShellContent()
2018-09-29 15:06:54.799 INFO [restartedMain]o.s.w.s.m.method.annotation.RequestMappingHandlerMapping.register:549 -Mapped "{[/taskinstance/insert],methods=[GET]}" onto public java.lang.Object com.mhc.bi.controller.TaskInstanceController.insertTaskInstance()
2018-09-29 15:06:54.799 INFO [restartedMain]o.s.w.s.m.method.annotation.RequestMappingHandlerMapping.register:549 -Mapped "{[/taskinstance/createTaskInstance],methods=[GET]}" onto public void com.mhc.bi.controller.TaskInstanceController.createTaskInstance()
2018-09-29 15:06:54.800 INFO [restartedMain]o.s.w.s.m.method.annotation.RequestMappingHandlerMapping.register:549 -Mapped "{[/hello],methods=[GET]}" onto public int com.mhc.bi.controller.TestController.hello()
2018-09-29 15:06:54.800 INFO [restartedMain]o.s.w.s.m.method.annotation.RequestMappingHandlerMapping.register:549 -Mapped "{[/desktopdocument2],methods=[GET]}" onto public com.mhc.bi.domain.hue.DesktopDocument2 com.mhc.bi.controller.TestController.getDesktopDocument2(java.lang.String)
2018-09-29 15:06:54.801 INFO [restartedMain]o.s.w.s.m.method.annotation.RequestMappingHandlerMapping.register:549 -Mapped "{[/dingding],methods=[GET]}" onto public void com.mhc.bi.controller.TestController.sendDingDingMsg(java.lang.String)
2018-09-29 15:06:54.804 INFO [restartedMain]o.s.w.s.m.method.annotation.RequestMappingHandlerMapping.register:549 -Mapped "{[/error]}" onto public org.springframework.http.ResponseEntity<java.util.Map<java.lang.String, java.lang.Object>> org.springframework.boot.autoconfigure.web.servlet.error.BasicErrorController.error(javax.servlet.http.HttpServletRequest)
2018-09-29 15:06:54.805 INFO [restartedMain]o.s.w.s.m.method.annotation.RequestMappingHandlerMapping.register:549 -Mapped "{[/error],produces=[text/html]}" onto public org.springframework.web.servlet.ModelAndView org.springframework.boot.autoconfigure.web.servlet.error.BasicErrorController.errorHtml(javax.servlet.http.HttpServletRequest,javax.servlet.http.HttpServletResponse)
2018-09-29 15:06:54.829 INFO [restartedMain]o.s.web.servlet.handler.SimpleUrlHandlerMapping.registerHandler:373 -Mapped URL path [/webjars/**] onto handler of type [class org.springframework.web.servlet.resource.ResourceHttpRequestHandler]
2018-09-29 15:06:54.830 INFO [restartedMain]o.s.web.servlet.handler.SimpleUrlHandlerMapping.registerHandler:373 -Mapped URL path [/**] onto handler of type [class org.springframework.web.servlet.resource.ResourceHttpRequestHandler]
2018-09-29 15:06:55.059 INFO [restartedMain]o.s.boot.devtools.autoconfigure.OptionalLiveReloadServer.startServer:57 -LiveReload server is running on port 35729
2018-09-29 15:06:55.103 INFO [restartedMain]o.s.jmx.export.annotation.AnnotationMBeanExporter.afterSingletonsInstantiated:433 -Registering beans for JMX exposure on startup
2018-09-29 15:06:55.104 INFO [restartedMain]o.s.jmx.export.annotation.AnnotationMBeanExporter.autodetect:895 -Bean with name 'first' has been autodetected for JMX exposure
2018-09-29 15:06:55.104 INFO [restartedMain]o.s.jmx.export.annotation.AnnotationMBeanExporter.autodetect:895 -Bean with name 'second' has been autodetected for JMX exposure
2018-09-29 15:06:55.111 INFO [restartedMain]o.s.jmx.export.annotation.AnnotationMBeanExporter.registerBeanInstance:668 -Located MBean 'first': registering with JMX server as MBean [com.zaxxer.hikari:name=first,type=HikariDataSource]
2018-09-29 15:06:55.114 INFO [restartedMain]o.s.jmx.export.annotation.AnnotationMBeanExporter.registerBeanInstance:668 -Located MBean 'second': registering with JMX server as MBean [com.zaxxer.hikari:name=second,type=HikariDataSource]
2018-09-29 15:06:55.128 INFO [restartedMain]o.s.s.annotation.ScheduledAnnotationBeanPostProcessor.finishRegistration:276 -No TaskScheduler/ScheduledExecutorService bean found for scheduled processing
2018-09-29 15:06:55.141 INFO [restartedMain]org.apache.coyote.http11.Http11NioProtocol.log:180 -Starting ProtocolHandler ["http-nio-8090"]
2018-09-29 15:06:55.172 INFO [restartedMain]org.apache.tomcat.util.net.NioSelectorPool.log:180 -Using a shared selector for servlet write/read
2018-09-29 15:06:55.186 INFO [restartedMain]o.s.boot.web.embedded.tomcat.TomcatWebServer.start:206 -Tomcat started on port(s): 8090 (http) with context path ''
2018-09-29 15:06:55.191 INFO [restartedMain]com.mhc.bi.TheAdvisorApplication.logStarted:59 -Started TheAdvisorApplication in 4.128 seconds (JVM running for 4.798)
2018-09-29 15:07:01.603 INFO [http-nio-8090-exec-1]o.a.catalina.core.ContainerBase.[Tomcat].[localhost].[/].log:180 -Initializing Spring FrameworkServlet 'dispatcherServlet'
2018-09-29 15:07:01.604 INFO [http-nio-8090-exec-1]org.springframework.web.servlet.DispatcherServlet.initServletBean:494 -FrameworkServlet 'dispatcherServlet': initialization started
2018-09-29 15:07:01.629 INFO [http-nio-8090-exec-1]org.springframework.web.servlet.DispatcherServlet.initServletBean:509 -FrameworkServlet 'dispatcherServlet': initialization completed in 25 ms
2018-09-29 15:07:01.688 INFO [http-nio-8090-exec-1]com.zaxxer.hikari.HikariDataSource.getConnection:110 -HikariPool-1 - Starting...
2018-09-29 15:07:02.380 INFO [http-nio-8090-exec-1]com.zaxxer.hikari.HikariDataSource.getConnection:123 -HikariPool-1 - Start completed.
2018-09-29 15:07:55.511 INFO [Thread-9]o.s.b.w.s.c.AnnotationConfigServletWebServerApplicationContext.doClose:993 -Closing org.springframework.boot.web.servlet.context.AnnotationConfigServletWebServerApplicationContext@647ecae7: startup date [Sat Sep 29 15:06:51 CST 2018]; root of context hierarchy
2018-09-29 15:07:55.515 INFO [Thread-9]o.s.jmx.export.annotation.AnnotationMBeanExporter.destroy:451 -Unregistering JMX-exposed beans on shutdown
2018-09-29 15:07:55.516 INFO [Thread-9]o.s.jmx.export.annotation.AnnotationMBeanExporter.unregisterBeans:185 -Unregistering JMX-exposed beans
2018-09-29 15:07:55.518 INFO [Thread-9]com.zaxxer.hikari.HikariDataSource.close:381 -HikariPool-1 - Shutdown initiated...
2018-09-29 15:07:55.527 INFO [Thread-9]com.zaxxer.hikari.HikariDataSource.close:383 -HikariPool-1 - Shutdown completed.
