2018-11-01 00:03:41.795 INFO [restartedMain]com.mhc.bi.TheAdvisorApplication.logStarting:48 -Starting TheAdvisorApplication on mac.local with PID 9512 (/Users/peilongcheng/gitcode/ghost/target/classes started by peilongcheng in /Users/peilongcheng/gitcode/ghost)
2018-11-01 00:03:41.797 INFO [restartedMain]com.mhc.bi.TheAdvisorApplication.logStartupProfileInfo:593 -No active profile set, falling back to default profiles: default
2018-11-01 00:03:42.102 INFO [background-preinit]org.hibernate.validator.internal.util.Version.<clinit>:30 -HV000001: Hibernate Validator 5.3.6.Final
2018-11-01 00:03:42.182 INFO [restartedMain]o.s.b.c.e.AnnotationConfigEmbeddedWebApplicationContext.prepareRefresh:583 -Refreshing org.springframework.boot.context.embedded.AnnotationConfigEmbeddedWebApplicationContext@6a6edec5: startup date [Thu Nov 01 00:03:42 CST 2018]; root of context hierarchy
2018-11-01 00:03:43.080 WARN [restartedMain]org.mybatis.spring.mapper.ClassPathMapperScanner.checkCandidate:239 -Skipping MapperFactoryBean with name 'desktopDocument2Mapper' and 'com.mhc.bi.mapper.hue.DesktopDocument2Mapper' mapperInterface. Bean already defined with the same name!
2018-11-01 00:03:43.080 WARN [restartedMain]org.mybatis.spring.mapper.ClassPathMapperScanner.checkCandidate:239 -Skipping MapperFactoryBean with name 'executeInstanceMapper' and 'com.mhc.bi.mapper.theadvisor.ExecuteInstanceMapper' mapperInterface. Bean already defined with the same name!
2018-11-01 00:03:43.081 WARN [restartedMain]org.mybatis.spring.mapper.ClassPathMapperScanner.checkCandidate:239 -Skipping MapperFactoryBean with name 'hueShellMapper' and 'com.mhc.bi.mapper.theadvisor.HueShellMapper' mapperInterface. Bean already defined with the same name!
2018-11-01 00:03:43.081 WARN [restartedMain]org.mybatis.spring.mapper.ClassPathMapperScanner.checkCandidate:239 -Skipping MapperFactoryBean with name 'jobPlanMapper' and 'com.mhc.bi.mapper.theadvisor.JobPlanMapper' mapperInterface. Bean already defined with the same name!
2018-11-01 00:03:43.081 WARN [restartedMain]org.mybatis.spring.mapper.ClassPathMapperScanner.checkCandidate:239 -Skipping MapperFactoryBean with name 'shellContentMapper' and 'com.mhc.bi.mapper.theadvisor.ShellContentMapper' mapperInterface. Bean already defined with the same name!
2018-11-01 00:03:43.082 WARN [restartedMain]org.mybatis.spring.mapper.ClassPathMapperScanner.checkCandidate:239 -Skipping MapperFactoryBean with name 'taskInstanceMapper' and 'com.mhc.bi.mapper.theadvisor.TaskInstanceMapper' mapperInterface. Bean already defined with the same name!
2018-11-01 00:03:43.082 WARN [restartedMain]org.mybatis.spring.mapper.ClassPathMapperScanner.doScan:166 -No MyBatis mapper was found in '[com.mhc.bi.mapper]' package. Please check your configuration.
2018-11-01 00:03:43.242 INFO [restartedMain]o.s.d.repository.config.RepositoryConfigurationDelegate.multipleStoresDetected:165 -Multiple Spring Data modules found, entering strict repository configuration mode!
2018-11-01 00:03:43.962 INFO [restartedMain]o.s.c.s.PostProcessorRegistrationDelegate$BeanPostProcessorChecker.postProcessAfterInitialization:327 -Bean 'org.springframework.transaction.annotation.ProxyTransactionManagementConfiguration' of type [org.springframework.transaction.annotation.ProxyTransactionManagementConfiguration$$EnhancerBySpringCGLIB$$f5fee331] is not eligible for getting processed by all BeanPostProcessors (for example: not eligible for auto-proxying)
2018-11-01 00:03:44.460 INFO [restartedMain]o.s.b.c.embedded.tomcat.TomcatEmbeddedServletContainer.initialize:92 -Tomcat initialized with port(s): 8088 (http)
2018-11-01 00:03:44.480 INFO [restartedMain]org.apache.coyote.http11.Http11NioProtocol.log:180 -Initializing ProtocolHandler ["http-nio-8088"]
2018-11-01 00:03:44.498 INFO [restartedMain]org.apache.catalina.core.StandardService.log:180 -Starting service [Tomcat]
2018-11-01 00:03:44.498 INFO [restartedMain]org.apache.catalina.core.StandardEngine.log:180 -Starting Servlet Engine: Apache Tomcat/8.5.31
2018-11-01 00:03:44.636 INFO [localhost-startStop-1]o.a.catalina.core.ContainerBase.[Tomcat].[localhost].[/].log:180 -Initializing Spring embedded WebApplicationContext
2018-11-01 00:03:44.636 INFO [localhost-startStop-1]org.springframework.web.context.ContextLoader.prepareEmbeddedWebApplicationContext:276 -Root WebApplicationContext: initialization completed in 2454 ms
2018-11-01 00:03:45.149 INFO [localhost-startStop-1]o.s.boot.web.servlet.ServletRegistrationBean.onStartup:190 -Mapping servlet: 'dispatcherServlet' to [/]
2018-11-01 00:03:45.154 INFO [localhost-startStop-1]o.s.boot.web.servlet.FilterRegistrationBean.configure:258 -Mapping filter: 'characterEncodingFilter' to: [/*]
2018-11-01 00:03:45.155 INFO [localhost-startStop-1]o.s.boot.web.servlet.FilterRegistrationBean.configure:258 -Mapping filter: 'hiddenHttpMethodFilter' to: [/*]
2018-11-01 00:03:45.155 INFO [localhost-startStop-1]o.s.boot.web.servlet.FilterRegistrationBean.configure:258 -Mapping filter: 'acuraFilter' to: [/*]
2018-11-01 00:03:45.156 INFO [localhost-startStop-1]o.s.boot.web.servlet.FilterRegistrationBean.configure:258 -Mapping filter: 'httpPutFormContentFilter' to: [/*]
2018-11-01 00:03:45.156 INFO [localhost-startStop-1]o.s.boot.web.servlet.FilterRegistrationBean.configure:258 -Mapping filter: 'requestContextFilter' to: [/*]
2018-11-01 00:03:45.180 INFO [localhost-startStop-1]com.mhc.framework.support.auth.filter.AcuraFilter.init:74 -------AcuraFilter init----
2018-11-01 00:03:46.061 INFO [restartedMain]o.s.w.s.m.method.annotation.RequestMappingHandlerAdapter.initControllerAdviceCache:534 -Looking for @ControllerAdvice: org.springframework.boot.context.embedded.AnnotationConfigEmbeddedWebApplicationContext@6a6edec5: startup date [Thu Nov 01 00:03:42 CST 2018]; root of context hierarchy
2018-11-01 00:03:46.159 INFO [restartedMain]o.s.w.s.m.method.annotation.RequestMappingHandlerMapping.register:543 -Mapped "{[/taskPlan/getDependencies],methods=[POST]}" onto public com.mhc.bi.common.ActionResult com.mhc.bi.controller.JobPlan.JobPlanController.getDependencies(int)
2018-11-01 00:03:46.160 INFO [restartedMain]o.s.w.s.m.method.annotation.RequestMappingHandlerMapping.register:543 -Mapped "{[/taskPlan/select],methods=[POST]}" onto public com.mhc.bi.common.ActionResult com.mhc.bi.controller.JobPlan.JobPlanController.select(java.lang.Integer,java.lang.Integer,java.lang.String,java.lang.Integer)
2018-11-01 00:03:46.163 INFO [restartedMain]o.s.w.s.m.method.annotation.RequestMappingHandlerMapping.register:543 -Mapped "{[/center/**],methods=[GET]}" onto public java.lang.String com.mhc.bi.controller.LoginController.center()
2018-11-01 00:03:46.164 INFO [restartedMain]o.s.w.s.m.method.annotation.RequestMappingHandlerMapping.register:543 -Mapped "{[/hueshell/selecttest],methods=[GET]}" onto public java.lang.Object com.mhc.bi.controller.TableMessage.HueShellController.selectAllTest(java.lang.String)
2018-11-01 00:03:46.165 INFO [restartedMain]o.s.w.s.m.method.annotation.RequestMappingHandlerMapping.register:543 -Mapped "{[/hueshell/submit],methods=[GET]}" onto public boolean com.mhc.bi.controller.TableMessage.HueShellController.export(int)
2018-11-01 00:03:46.165 INFO [restartedMain]o.s.w.s.m.method.annotation.RequestMappingHandlerMapping.register:543 -Mapped "{[/hueshell/select],methods=[GET]}" onto public java.lang.Object com.mhc.bi.controller.TableMessage.HueShellController.select()
2018-11-01 00:03:46.167 INFO [restartedMain]o.s.w.s.m.method.annotation.RequestMappingHandlerMapping.register:543 -Mapped "{[/jobplan/delete],methods=[GET]}" onto public java.lang.Object com.mhc.bi.controller.TableMessage.JobPlanController2.delete()
2018-11-01 00:03:46.167 INFO [restartedMain]o.s.w.s.m.method.annotation.RequestMappingHandlerMapping.register:543 -Mapped "{[/jobplan/insert],methods=[GET]}" onto public java.lang.Object com.mhc.bi.controller.TableMessage.JobPlanController2.insertShellContent()
2018-11-01 00:03:46.167 INFO [restartedMain]o.s.w.s.m.method.annotation.RequestMappingHandlerMapping.register:543 -Mapped "{[/jobplan/selectall],methods=[GET]}" onto public java.lang.Object com.mhc.bi.controller.TableMessage.JobPlanController2.selectAllFromJobPlan()
2018-11-01 00:03:46.168 INFO [restartedMain]o.s.w.s.m.method.annotation.RequestMappingHandlerMapping.register:543 -Mapped "{[/jobplan/update],methods=[GET]}" onto public java.lang.Object com.mhc.bi.controller.TableMessage.JobPlanController2.updateShellContent()
2018-11-01 00:03:46.170 INFO [restartedMain]o.s.w.s.m.method.annotation.RequestMappingHandlerMapping.register:543 -Mapped "{[/shellcontent/delete],methods=[GET]}" onto public java.lang.Object com.mhc.bi.controller.TableMessage.ShellContentController.delete()
2018-11-01 00:03:46.170 INFO [restartedMain]o.s.w.s.m.method.annotation.RequestMappingHandlerMapping.register:543 -Mapped "{[/shellcontent/insert],methods=[GET]}" onto public java.lang.Object com.mhc.bi.controller.TableMessage.ShellContentController.insertShellContent()
2018-11-01 00:03:46.170 INFO [restartedMain]o.s.w.s.m.method.annotation.RequestMappingHandlerMapping.register:543 -Mapped "{[/shellcontent/update],methods=[GET]}" onto public java.lang.Object com.mhc.bi.controller.TableMessage.ShellContentController.updateShellContent()
2018-11-01 00:03:46.171 INFO [restartedMain]o.s.w.s.m.method.annotation.RequestMappingHandlerMapping.register:543 -Mapped "{[/shellcontent/selectall],methods=[GET]}" onto public java.lang.Object com.mhc.bi.controller.TableMessage.ShellContentController.selectAllFromShellContent()
2018-11-01 00:03:46.171 INFO [restartedMain]o.s.w.s.m.method.annotation.RequestMappingHandlerMapping.register:543 -Mapped "{[/shellcontent/selectbyname],methods=[GET]}" onto public java.lang.Object com.mhc.bi.controller.TableMessage.ShellContentController.selectstartnode(java.lang.String)
2018-11-01 00:03:46.176 INFO [restartedMain]o.s.w.s.m.method.annotation.RequestMappingHandlerMapping.register:543 -Mapped "{[/taskinstance/delete],methods=[GET]}" onto public java.lang.Object com.mhc.bi.controller.TableMessage.TaskInstanceController2.delete()
2018-11-01 00:03:46.177 INFO [restartedMain]o.s.w.s.m.method.annotation.RequestMappingHandlerMapping.register:543 -Mapped "{[/taskinstance/start1],methods=[GET]}" onto public java.lang.Object com.mhc.bi.controller.TableMessage.TaskInstanceController2.start()
2018-11-01 00:03:46.177 INFO [restartedMain]o.s.w.s.m.method.annotation.RequestMappingHandlerMapping.register:543 -Mapped "{[/taskinstance/updatestatus],methods=[GET]}" onto public java.lang.Object com.mhc.bi.controller.TableMessage.TaskInstanceController2.start2()
2018-11-01 00:03:46.177 INFO [restartedMain]o.s.w.s.m.method.annotation.RequestMappingHandlerMapping.register:543 -Mapped "{[/taskinstance/update],methods=[GET]}" onto public java.lang.Object com.mhc.bi.controller.TableMessage.TaskInstanceController2.updateShellContent()
2018-11-01 00:03:46.177 INFO [restartedMain]o.s.w.s.m.method.annotation.RequestMappingHandlerMapping.register:543 -Mapped "{[/taskinstance/insert],methods=[GET]}" onto public java.lang.Object com.mhc.bi.controller.TableMessage.TaskInstanceController2.insertTaskInstance()
2018-11-01 00:03:46.178 INFO [restartedMain]o.s.w.s.m.method.annotation.RequestMappingHandlerMapping.register:543 -Mapped "{[/taskinstance/createTaskInstance],methods=[GET]}" onto public void com.mhc.bi.controller.TableMessage.TaskInstanceController2.createTaskInstance()
2018-11-01 00:03:46.179 INFO [restartedMain]o.s.w.s.m.method.annotation.RequestMappingHandlerMapping.register:543 -Mapped "{[/submit/save],methods=[POST]}" onto public com.mhc.bi.common.ActionResult com.mhc.bi.controller.TaskSubmit.TaskSubmitController.save(int,java.lang.String)
2018-11-01 00:03:46.179 INFO [restartedMain]o.s.w.s.m.method.annotation.RequestMappingHandlerMapping.register:543 -Mapped "{[/submit/getContent],methods=[POST]}" onto public com.mhc.bi.common.ActionResult com.mhc.bi.controller.TaskSubmit.TaskSubmitController.getContent(int)
2018-11-01 00:03:46.179 INFO [restartedMain]o.s.w.s.m.method.annotation.RequestMappingHandlerMapping.register:543 -Mapped "{[/submit/getDirectory],methods=[POST]}" onto public com.mhc.bi.common.ActionResult com.mhc.bi.controller.TaskSubmit.TaskSubmitController.getDirectory()
2018-11-01 00:03:46.179 INFO [restartedMain]o.s.w.s.m.method.annotation.RequestMappingHandlerMapping.register:543 -Mapped "{[/submit/submit],methods=[POST]}" onto public com.mhc.bi.common.ActionResult com.mhc.bi.controller.TaskSubmit.TaskSubmitController.submit(int)
2018-11-01 00:03:46.180 INFO [restartedMain]o.s.w.s.m.method.annotation.RequestMappingHandlerMapping.register:543 -Mapped "{[/hello]}" onto public java.lang.String com.mhc.bi.controller.TestController.hello()
2018-11-01 00:03:46.180 INFO [restartedMain]o.s.w.s.m.method.annotation.RequestMappingHandlerMapping.register:543 -Mapped "{[/desktopdocument2],methods=[GET]}" onto public com.mhc.bi.domain.hue.DesktopDocument2 com.mhc.bi.controller.TestController.getDesktopDocument2(java.lang.String)
2018-11-01 00:03:46.181 INFO [restartedMain]o.s.w.s.m.method.annotation.RequestMappingHandlerMapping.register:543 -Mapped "{[/dingding],methods=[GET]}" onto public void com.mhc.bi.controller.TestController.sendDingDingMsg(java.lang.String)
2018-11-01 00:03:46.181 INFO [restartedMain]o.s.w.s.m.method.annotation.RequestMappingHandlerMapping.register:543 -Mapped "{[/user/getUser],methods=[GET]}" onto public java.lang.Object com.mhc.bi.controller.UserMessage.UserController.getUser()
2018-11-01 00:03:46.182 INFO [restartedMain]o.s.w.s.m.method.annotation.RequestMappingHandlerMapping.register:543 -Mapped "{[/taskInstance/select],methods=[POST]}" onto public com.mhc.bi.common.ActionResult com.mhc.bi.controller.taskInstance.TaskInstanceController.select(int,int,java.lang.String,java.lang.String,int,int,int,int)
2018-11-01 00:03:46.183 INFO [restartedMain]o.s.w.s.m.method.annotation.RequestMappingHandlerMapping.register:543 -Mapped "{[/error]}" onto public org.springframework.http.ResponseEntity<java.util.Map<java.lang.String, java.lang.Object>> org.springframework.boot.autoconfigure.web.BasicErrorController.error(javax.servlet.http.HttpServletRequest)
2018-11-01 00:03:46.184 INFO [restartedMain]o.s.w.s.m.method.annotation.RequestMappingHandlerMapping.register:543 -Mapped "{[/error],produces=[text/html]}" onto public org.springframework.web.servlet.ModelAndView org.springframework.boot.autoconfigure.web.BasicErrorController.errorHtml(javax.servlet.http.HttpServletRequest,javax.servlet.http.HttpServletResponse)
2018-11-01 00:03:46.230 INFO [restartedMain]o.s.web.servlet.handler.SimpleUrlHandlerMapping.registerHandler:362 -Mapped URL path [/webjars/**] onto handler of type [class org.springframework.web.servlet.resource.ResourceHttpRequestHandler]
2018-11-01 00:03:46.231 INFO [restartedMain]o.s.web.servlet.handler.SimpleUrlHandlerMapping.registerHandler:362 -Mapped URL path [/**] onto handler of type [class org.springframework.web.servlet.resource.ResourceHttpRequestHandler]
2018-11-01 00:03:46.308 INFO [restartedMain]o.s.web.servlet.handler.SimpleUrlHandlerMapping.registerHandler:362 -Mapped URL path [/**/favicon.ico] onto handler of type [class org.springframework.web.servlet.resource.ResourceHttpRequestHandler]
2018-11-01 00:03:47.232 INFO [restartedMain]o.s.boot.devtools.autoconfigure.OptionalLiveReloadServer.startServer:58 -LiveReload server is running on port 35729
2018-11-01 00:03:47.395 INFO [restartedMain]o.s.jmx.export.annotation.AnnotationMBeanExporter.afterSingletonsInstantiated:431 -Registering beans for JMX exposure on startup
2018-11-01 00:03:47.420 INFO [restartedMain]org.apache.coyote.http11.Http11NioProtocol.log:180 -Starting ProtocolHandler ["http-nio-8088"]
2018-11-01 00:03:47.451 INFO [restartedMain]org.apache.tomcat.util.net.NioSelectorPool.log:180 -Using a shared selector for servlet write/read
2018-11-01 00:03:47.481 INFO [restartedMain]o.s.b.c.embedded.tomcat.TomcatEmbeddedServletContainer.start:216 -Tomcat started on port(s): 8088 (http)
2018-11-01 00:03:47.493 INFO [restartedMain]com.mhc.bi.TheAdvisorApplication.logStarted:57 -Started TheAdvisorApplication in 6.509 seconds (JVM running for 7.48)
2018-11-01 00:03:51.080 INFO [Thread-9]o.s.b.c.e.AnnotationConfigEmbeddedWebApplicationContext.doClose:984 -Closing org.springframework.boot.context.embedded.AnnotationConfigEmbeddedWebApplicationContext@6a6edec5: startup date [Thu Nov 01 00:03:42 CST 2018]; root of context hierarchy
2018-11-01 00:03:51.089 INFO [Thread-9]o.s.jmx.export.annotation.AnnotationMBeanExporter.destroy:449 -Unregistering JMX-exposed beans on shutdown
2018-11-01 00:03:51.160 INFO [localhost-startStop-1]com.mhc.framework.support.auth.filter.AcuraFilter.destroy:167 ------AcuraFilter destroy----
2018-11-01 00:36:17.052 INFO [restartedMain]com.mhc.bi.TheAdvisorApplication.logStarting:48 -Starting TheAdvisorApplication on mac.local with PID 9682 (/Users/peilongcheng/gitcode/ghost/target/classes started by peilongcheng in /Users/peilongcheng/gitcode/ghost)
2018-11-01 00:36:17.054 INFO [restartedMain]com.mhc.bi.TheAdvisorApplication.logStartupProfileInfo:593 -No active profile set, falling back to default profiles: default
2018-11-01 00:36:17.477 INFO [background-preinit]org.hibernate.validator.internal.util.Version.<clinit>:30 -HV000001: Hibernate Validator 5.3.6.Final
2018-11-01 00:36:17.498 INFO [restartedMain]o.s.b.c.e.AnnotationConfigEmbeddedWebApplicationContext.prepareRefresh:583 -Refreshing org.springframework.boot.context.embedded.AnnotationConfigEmbeddedWebApplicationContext@4538757f: startup date [Thu Nov 01 00:36:17 CST 2018]; root of context hierarchy
2018-11-01 00:36:18.189 WARN [restartedMain]org.mybatis.spring.mapper.ClassPathMapperScanner.checkCandidate:239 -Skipping MapperFactoryBean with name 'desktopDocument2Mapper' and 'com.mhc.bi.mapper.hue.DesktopDocument2Mapper' mapperInterface. Bean already defined with the same name!
2018-11-01 00:36:18.189 WARN [restartedMain]org.mybatis.spring.mapper.ClassPathMapperScanner.checkCandidate:239 -Skipping MapperFactoryBean with name 'executeInstanceMapper' and 'com.mhc.bi.mapper.theadvisor.ExecuteInstanceMapper' mapperInterface. Bean already defined with the same name!
2018-11-01 00:36:18.189 WARN [restartedMain]org.mybatis.spring.mapper.ClassPathMapperScanner.checkCandidate:239 -Skipping MapperFactoryBean with name 'hueShellMapper' and 'com.mhc.bi.mapper.theadvisor.HueShellMapper' mapperInterface. Bean already defined with the same name!
2018-11-01 00:36:18.189 WARN [restartedMain]org.mybatis.spring.mapper.ClassPathMapperScanner.checkCandidate:239 -Skipping MapperFactoryBean with name 'jobPlanMapper' and 'com.mhc.bi.mapper.theadvisor.JobPlanMapper' mapperInterface. Bean already defined with the same name!
2018-11-01 00:36:18.190 WARN [restartedMain]org.mybatis.spring.mapper.ClassPathMapperScanner.checkCandidate:239 -Skipping MapperFactoryBean with name 'shellContentMapper' and 'com.mhc.bi.mapper.theadvisor.ShellContentMapper' mapperInterface. Bean already defined with the same name!
2018-11-01 00:36:18.190 WARN [restartedMain]org.mybatis.spring.mapper.ClassPathMapperScanner.checkCandidate:239 -Skipping MapperFactoryBean with name 'taskInstanceMapper' and 'com.mhc.bi.mapper.theadvisor.TaskInstanceMapper' mapperInterface. Bean already defined with the same name!
2018-11-01 00:36:18.190 WARN [restartedMain]org.mybatis.spring.mapper.ClassPathMapperScanner.doScan:166 -No MyBatis mapper was found in '[com.mhc.bi.mapper]' package. Please check your configuration.
2018-11-01 00:36:18.341 INFO [restartedMain]o.s.d.repository.config.RepositoryConfigurationDelegate.multipleStoresDetected:165 -Multiple Spring Data modules found, entering strict repository configuration mode!
2018-11-01 00:36:18.957 INFO [restartedMain]o.s.c.s.PostProcessorRegistrationDelegate$BeanPostProcessorChecker.postProcessAfterInitialization:327 -Bean 'org.springframework.transaction.annotation.ProxyTransactionManagementConfiguration' of type [org.springframework.transaction.annotation.ProxyTransactionManagementConfiguration$$EnhancerBySpringCGLIB$$84bbddc] is not eligible for getting processed by all BeanPostProcessors (for example: not eligible for auto-proxying)
2018-11-01 00:36:19.430 INFO [restartedMain]o.s.b.c.embedded.tomcat.TomcatEmbeddedServletContainer.initialize:92 -Tomcat initialized with port(s): 8088 (http)
2018-11-01 00:36:19.449 INFO [restartedMain]org.apache.coyote.http11.Http11NioProtocol.log:180 -Initializing ProtocolHandler ["http-nio-8088"]
2018-11-01 00:36:19.462 INFO [restartedMain]org.apache.catalina.core.StandardService.log:180 -Starting service [Tomcat]
2018-11-01 00:36:19.462 INFO [restartedMain]org.apache.catalina.core.StandardEngine.log:180 -Starting Servlet Engine: Apache Tomcat/8.5.31
2018-11-01 00:36:19.600 INFO [localhost-startStop-1]o.a.catalina.core.ContainerBase.[Tomcat].[localhost].[/].log:180 -Initializing Spring embedded WebApplicationContext
2018-11-01 00:36:19.600 INFO [localhost-startStop-1]org.springframework.web.context.ContextLoader.prepareEmbeddedWebApplicationContext:276 -Root WebApplicationContext: initialization completed in 2102 ms
2018-11-01 00:36:19.965 INFO [localhost-startStop-1]o.s.boot.web.servlet.ServletRegistrationBean.onStartup:190 -Mapping servlet: 'dispatcherServlet' to [/]
2018-11-01 00:36:19.968 INFO [localhost-startStop-1]o.s.boot.web.servlet.FilterRegistrationBean.configure:258 -Mapping filter: 'characterEncodingFilter' to: [/*]
2018-11-01 00:36:19.968 INFO [localhost-startStop-1]o.s.boot.web.servlet.FilterRegistrationBean.configure:258 -Mapping filter: 'hiddenHttpMethodFilter' to: [/*]
2018-11-01 00:36:19.969 INFO [localhost-startStop-1]o.s.boot.web.servlet.FilterRegistrationBean.configure:258 -Mapping filter: 'acuraFilter' to: [/*]
2018-11-01 00:36:19.969 INFO [localhost-startStop-1]o.s.boot.web.servlet.FilterRegistrationBean.configure:258 -Mapping filter: 'httpPutFormContentFilter' to: [/*]
2018-11-01 00:36:19.969 INFO [localhost-startStop-1]o.s.boot.web.servlet.FilterRegistrationBean.configure:258 -Mapping filter: 'requestContextFilter' to: [/*]
2018-11-01 00:36:20.068 INFO [localhost-startStop-1]com.mhc.framework.support.auth.filter.AcuraFilter.init:74 -------AcuraFilter init----
2018-11-01 00:36:20.847 INFO [restartedMain]o.s.w.s.m.method.annotation.RequestMappingHandlerAdapter.initControllerAdviceCache:534 -Looking for @ControllerAdvice: org.springframework.boot.context.embedded.AnnotationConfigEmbeddedWebApplicationContext@4538757f: startup date [Thu Nov 01 00:36:17 CST 2018]; root of context hierarchy
2018-11-01 00:36:20.908 INFO [restartedMain]o.s.w.s.m.method.annotation.RequestMappingHandlerMapping.register:543 -Mapped "{[/taskPlan/select],methods=[POST]}" onto public com.mhc.bi.common.ActionResult com.mhc.bi.controller.JobPlan.JobPlanController.select(java.lang.Integer,java.lang.Integer,java.lang.String,java.lang.Integer)
2018-11-01 00:36:20.909 INFO [restartedMain]o.s.w.s.m.method.annotation.RequestMappingHandlerMapping.register:543 -Mapped "{[/taskPlan/getDependencies],methods=[POST]}" onto public com.mhc.bi.common.ActionResult com.mhc.bi.controller.JobPlan.JobPlanController.getDependencies(int)
2018-11-01 00:36:20.911 INFO [restartedMain]o.s.w.s.m.method.annotation.RequestMappingHandlerMapping.register:543 -Mapped "{[/center/**],methods=[GET]}" onto public java.lang.String com.mhc.bi.controller.LoginController.center()
2018-11-01 00:36:20.912 INFO [restartedMain]o.s.w.s.m.method.annotation.RequestMappingHandlerMapping.register:543 -Mapped "{[/hueshell/select],methods=[GET]}" onto public java.lang.Object com.mhc.bi.controller.TableMessage.HueShellController.select()
2018-11-01 00:36:20.913 INFO [restartedMain]o.s.w.s.m.method.annotation.RequestMappingHandlerMapping.register:543 -Mapped "{[/hueshell/submit],methods=[GET]}" onto public boolean com.mhc.bi.controller.TableMessage.HueShellController.export(int)
2018-11-01 00:36:20.913 INFO [restartedMain]o.s.w.s.m.method.annotation.RequestMappingHandlerMapping.register:543 -Mapped "{[/hueshell/selecttest],methods=[GET]}" onto public java.lang.Object com.mhc.bi.controller.TableMessage.HueShellController.selectAllTest(java.lang.String)
2018-11-01 00:36:20.915 INFO [restartedMain]o.s.w.s.m.method.annotation.RequestMappingHandlerMapping.register:543 -Mapped "{[/jobplan/delete],methods=[GET]}" onto public java.lang.Object com.mhc.bi.controller.TableMessage.JobPlanController2.delete()
2018-11-01 00:36:20.915 INFO [restartedMain]o.s.w.s.m.method.annotation.RequestMappingHandlerMapping.register:543 -Mapped "{[/jobplan/insert],methods=[GET]}" onto public java.lang.Object com.mhc.bi.controller.TableMessage.JobPlanController2.insertShellContent()
2018-11-01 00:36:20.916 INFO [restartedMain]o.s.w.s.m.method.annotation.RequestMappingHandlerMapping.register:543 -Mapped "{[/jobplan/selectall],methods=[GET]}" onto public java.lang.Object com.mhc.bi.controller.TableMessage.JobPlanController2.selectAllFromJobPlan()
2018-11-01 00:36:20.916 INFO [restartedMain]o.s.w.s.m.method.annotation.RequestMappingHandlerMapping.register:543 -Mapped "{[/jobplan/update],methods=[GET]}" onto public java.lang.Object com.mhc.bi.controller.TableMessage.JobPlanController2.updateShellContent()
2018-11-01 00:36:20.918 INFO [restartedMain]o.s.w.s.m.method.annotation.RequestMappingHandlerMapping.register:543 -Mapped "{[/shellcontent/delete],methods=[GET]}" onto public java.lang.Object com.mhc.bi.controller.TableMessage.ShellContentController.delete()
2018-11-01 00:36:20.919 INFO [restartedMain]o.s.w.s.m.method.annotation.RequestMappingHandlerMapping.register:543 -Mapped "{[/shellcontent/insert],methods=[GET]}" onto public java.lang.Object com.mhc.bi.controller.TableMessage.ShellContentController.insertShellContent()
2018-11-01 00:36:20.919 INFO [restartedMain]o.s.w.s.m.method.annotation.RequestMappingHandlerMapping.register:543 -Mapped "{[/shellcontent/update],methods=[GET]}" onto public java.lang.Object com.mhc.bi.controller.TableMessage.ShellContentController.updateShellContent()
2018-11-01 00:36:20.919 INFO [restartedMain]o.s.w.s.m.method.annotation.RequestMappingHandlerMapping.register:543 -Mapped "{[/shellcontent/selectall],methods=[GET]}" onto public java.lang.Object com.mhc.bi.controller.TableMessage.ShellContentController.selectAllFromShellContent()
2018-11-01 00:36:20.920 INFO [restartedMain]o.s.w.s.m.method.annotation.RequestMappingHandlerMapping.register:543 -Mapped "{[/shellcontent/selectbyname],methods=[GET]}" onto public java.lang.Object com.mhc.bi.controller.TableMessage.ShellContentController.selectstartnode(java.lang.String)
2018-11-01 00:36:20.924 INFO [restartedMain]o.s.w.s.m.method.annotation.RequestMappingHandlerMapping.register:543 -Mapped "{[/taskinstance/delete],methods=[GET]}" onto public java.lang.Object com.mhc.bi.controller.TableMessage.TaskInstanceController2.delete()
2018-11-01 00:36:20.924 INFO [restartedMain]o.s.w.s.m.method.annotation.RequestMappingHandlerMapping.register:543 -Mapped "{[/taskinstance/start1],methods=[GET]}" onto public java.lang.Object com.mhc.bi.controller.TableMessage.TaskInstanceController2.start()
2018-11-01 00:36:20.925 INFO [restartedMain]o.s.w.s.m.method.annotation.RequestMappingHandlerMapping.register:543 -Mapped "{[/taskinstance/update],methods=[GET]}" onto public java.lang.Object com.mhc.bi.controller.TableMessage.TaskInstanceController2.updateShellContent()
2018-11-01 00:36:20.925 INFO [restartedMain]o.s.w.s.m.method.annotation.RequestMappingHandlerMapping.register:543 -Mapped "{[/taskinstance/insert],methods=[GET]}" onto public java.lang.Object com.mhc.bi.controller.TableMessage.TaskInstanceController2.insertTaskInstance()
2018-11-01 00:36:20.926 INFO [restartedMain]o.s.w.s.m.method.annotation.RequestMappingHandlerMapping.register:543 -Mapped "{[/taskinstance/createTaskInstance],methods=[GET]}" onto public void com.mhc.bi.controller.TableMessage.TaskInstanceController2.createTaskInstance()
2018-11-01 00:36:20.926 INFO [restartedMain]o.s.w.s.m.method.annotation.RequestMappingHandlerMapping.register:543 -Mapped "{[/taskinstance/updatestatus],methods=[GET]}" onto public java.lang.Object com.mhc.bi.controller.TableMessage.TaskInstanceController2.start2()
2018-11-01 00:36:20.928 INFO [restartedMain]o.s.w.s.m.method.annotation.RequestMappingHandlerMapping.register:543 -Mapped "{[/submit/save],methods=[POST]}" onto public com.mhc.bi.common.ActionResult com.mhc.bi.controller.TaskSubmit.TaskSubmitController.save(int,java.lang.String)
2018-11-01 00:36:20.928 INFO [restartedMain]o.s.w.s.m.method.annotation.RequestMappingHandlerMapping.register:543 -Mapped "{[/submit/getContent],methods=[POST]}" onto public com.mhc.bi.common.ActionResult com.mhc.bi.controller.TaskSubmit.TaskSubmitController.getContent(int)
2018-11-01 00:36:20.928 INFO [restartedMain]o.s.w.s.m.method.annotation.RequestMappingHandlerMapping.register:543 -Mapped "{[/submit/submit],methods=[POST]}" onto public com.mhc.bi.common.ActionResult com.mhc.bi.controller.TaskSubmit.TaskSubmitController.submit(int)
2018-11-01 00:36:20.929 INFO [restartedMain]o.s.w.s.m.method.annotation.RequestMappingHandlerMapping.register:543 -Mapped "{[/submit/getDirectory],methods=[POST]}" onto public com.mhc.bi.common.ActionResult com.mhc.bi.controller.TaskSubmit.TaskSubmitController.getDirectory()
2018-11-01 00:36:20.929 INFO [restartedMain]o.s.w.s.m.method.annotation.RequestMappingHandlerMapping.register:543 -Mapped "{[/hello]}" onto public java.lang.String com.mhc.bi.controller.TestController.hello()
2018-11-01 00:36:20.930 INFO [restartedMain]o.s.w.s.m.method.annotation.RequestMappingHandlerMapping.register:543 -Mapped "{[/desktopdocument2],methods=[GET]}" onto public com.mhc.bi.domain.hue.DesktopDocument2 com.mhc.bi.controller.TestController.getDesktopDocument2(java.lang.String)
2018-11-01 00:36:20.932 INFO [restartedMain]o.s.w.s.m.method.annotation.RequestMappingHandlerMapping.register:543 -Mapped "{[/dingding],methods=[GET]}" onto public void com.mhc.bi.controller.TestController.sendDingDingMsg(java.lang.String)
2018-11-01 00:36:20.932 INFO [restartedMain]o.s.w.s.m.method.annotation.RequestMappingHandlerMapping.register:543 -Mapped "{[/user/getUser],methods=[GET]}" onto public java.lang.Object com.mhc.bi.controller.UserMessage.UserController.getUser()
2018-11-01 00:36:20.933 INFO [restartedMain]o.s.w.s.m.method.annotation.RequestMappingHandlerMapping.register:543 -Mapped "{[/taskInstance/select],methods=[POST]}" onto public com.mhc.bi.common.ActionResult com.mhc.bi.controller.taskInstance.TaskInstanceController.select(int,int,java.lang.String,java.lang.String,int,int,int,int)
2018-11-01 00:36:20.935 INFO [restartedMain]o.s.w.s.m.method.annotation.RequestMappingHandlerMapping.register:543 -Mapped "{[/error]}" onto public org.springframework.http.ResponseEntity<java.util.Map<java.lang.String, java.lang.Object>> org.springframework.boot.autoconfigure.web.BasicErrorController.error(javax.servlet.http.HttpServletRequest)
2018-11-01 00:36:20.936 INFO [restartedMain]o.s.w.s.m.method.annotation.RequestMappingHandlerMapping.register:543 -Mapped "{[/error],produces=[text/html]}" onto public org.springframework.web.servlet.ModelAndView org.springframework.boot.autoconfigure.web.BasicErrorController.errorHtml(javax.servlet.http.HttpServletRequest,javax.servlet.http.HttpServletResponse)
2018-11-01 00:36:20.969 INFO [restartedMain]o.s.web.servlet.handler.SimpleUrlHandlerMapping.registerHandler:362 -Mapped URL path [/webjars/**] onto handler of type [class org.springframework.web.servlet.resource.ResourceHttpRequestHandler]
2018-11-01 00:36:20.969 INFO [restartedMain]o.s.web.servlet.handler.SimpleUrlHandlerMapping.registerHandler:362 -Mapped URL path [/**] onto handler of type [class org.springframework.web.servlet.resource.ResourceHttpRequestHandler]
2018-11-01 00:36:21.034 INFO [restartedMain]o.s.web.servlet.handler.SimpleUrlHandlerMapping.registerHandler:362 -Mapped URL path [/**/favicon.ico] onto handler of type [class org.springframework.web.servlet.resource.ResourceHttpRequestHandler]
2018-11-01 00:36:21.741 INFO [restartedMain]o.s.boot.devtools.autoconfigure.OptionalLiveReloadServer.startServer:58 -LiveReload server is running on port 35729
2018-11-01 00:36:21.801 INFO [restartedMain]o.s.jmx.export.annotation.AnnotationMBeanExporter.afterSingletonsInstantiated:431 -Registering beans for JMX exposure on startup
2018-11-01 00:36:21.819 INFO [restartedMain]org.apache.coyote.http11.Http11NioProtocol.log:180 -Starting ProtocolHandler ["http-nio-8088"]
2018-11-01 00:36:21.846 INFO [restartedMain]org.apache.tomcat.util.net.NioSelectorPool.log:180 -Using a shared selector for servlet write/read
2018-11-01 00:36:21.858 INFO [restartedMain]o.s.b.c.embedded.tomcat.TomcatEmbeddedServletContainer.start:216 -Tomcat started on port(s): 8088 (http)
2018-11-01 00:36:21.865 INFO [restartedMain]com.mhc.bi.TheAdvisorApplication.logStarted:57 -Started TheAdvisorApplication in 5.673 seconds (JVM running for 6.283)
2018-11-01 00:36:47.577 INFO [http-nio-8088-exec-2]o.a.catalina.core.ContainerBase.[Tomcat].[localhost].[/].log:180 -Initializing Spring FrameworkServlet 'dispatcherServlet'
2018-11-01 00:36:47.577 INFO [http-nio-8088-exec-2]org.springframework.web.servlet.DispatcherServlet.initServletBean:489 -FrameworkServlet 'dispatcherServlet': initialization started
2018-11-01 00:36:47.600 INFO [http-nio-8088-exec-2]org.springframework.web.servlet.DispatcherServlet.initServletBean:508 -FrameworkServlet 'dispatcherServlet': initialization completed in 22 ms
2018-11-01 00:36:47.639 INFO [http-nio-8088-exec-2]c.m.f.s.session.interceptor.AcuraIdentityInterceptor.preHandle:103 -用户未登陆
2018-11-01 00:37:04.376 INFO [Thread-9]o.s.b.c.e.AnnotationConfigEmbeddedWebApplicationContext.doClose:984 -Closing org.springframework.boot.context.embedded.AnnotationConfigEmbeddedWebApplicationContext@4538757f: startup date [Thu Nov 01 00:36:17 CST 2018]; root of context hierarchy
2018-11-01 00:37:04.381 INFO [Thread-9]o.s.jmx.export.annotation.AnnotationMBeanExporter.destroy:449 -Unregistering JMX-exposed beans on shutdown
2018-11-01 00:37:04.445 INFO [localhost-startStop-2]com.mhc.framework.support.auth.filter.AcuraFilter.destroy:167 ------AcuraFilter destroy----
2018-11-01 00:37:07.444 INFO [restartedMain]com.mhc.bi.TheAdvisorApplication.logStarting:48 -Starting TheAdvisorApplication on mac.local with PID 9693 (/Users/peilongcheng/gitcode/ghost/target/classes started by peilongcheng in /Users/peilongcheng/gitcode/ghost)
2018-11-01 00:37:07.445 INFO [restartedMain]com.mhc.bi.TheAdvisorApplication.logStartupProfileInfo:593 -No active profile set, falling back to default profiles: default
2018-11-01 00:37:07.934 INFO [background-preinit]org.hibernate.validator.internal.util.Version.<clinit>:30 -HV000001: Hibernate Validator 5.3.6.Final
2018-11-01 00:37:07.997 INFO [restartedMain]o.s.b.c.e.AnnotationConfigEmbeddedWebApplicationContext.prepareRefresh:583 -Refreshing org.springframework.boot.context.embedded.AnnotationConfigEmbeddedWebApplicationContext@742796e5: startup date [Thu Nov 01 00:37:07 CST 2018]; root of context hierarchy
2018-11-01 00:37:09.044 WARN [restartedMain]org.mybatis.spring.mapper.ClassPathMapperScanner.checkCandidate:239 -Skipping MapperFactoryBean with name 'desktopDocument2Mapper' and 'com.mhc.bi.mapper.hue.DesktopDocument2Mapper' mapperInterface. Bean already defined with the same name!
2018-11-01 00:37:09.044 WARN [restartedMain]org.mybatis.spring.mapper.ClassPathMapperScanner.checkCandidate:239 -Skipping MapperFactoryBean with name 'executeInstanceMapper' and 'com.mhc.bi.mapper.theadvisor.ExecuteInstanceMapper' mapperInterface. Bean already defined with the same name!
2018-11-01 00:37:09.045 WARN [restartedMain]org.mybatis.spring.mapper.ClassPathMapperScanner.checkCandidate:239 -Skipping MapperFactoryBean with name 'hueShellMapper' and 'com.mhc.bi.mapper.theadvisor.HueShellMapper' mapperInterface. Bean already defined with the same name!
2018-11-01 00:37:09.045 WARN [restartedMain]org.mybatis.spring.mapper.ClassPathMapperScanner.checkCandidate:239 -Skipping MapperFactoryBean with name 'jobPlanMapper' and 'com.mhc.bi.mapper.theadvisor.JobPlanMapper' mapperInterface. Bean already defined with the same name!
2018-11-01 00:37:09.045 WARN [restartedMain]org.mybatis.spring.mapper.ClassPathMapperScanner.checkCandidate:239 -Skipping MapperFactoryBean with name 'shellContentMapper' and 'com.mhc.bi.mapper.theadvisor.ShellContentMapper' mapperInterface. Bean already defined with the same name!
2018-11-01 00:37:09.045 WARN [restartedMain]org.mybatis.spring.mapper.ClassPathMapperScanner.checkCandidate:239 -Skipping MapperFactoryBean with name 'taskInstanceMapper' and 'com.mhc.bi.mapper.theadvisor.TaskInstanceMapper' mapperInterface. Bean already defined with the same name!
2018-11-01 00:37:09.045 WARN [restartedMain]org.mybatis.spring.mapper.ClassPathMapperScanner.doScan:166 -No MyBatis mapper was found in '[com.mhc.bi.mapper]' package. Please check your configuration.
2018-11-01 00:37:09.173 INFO [restartedMain]o.s.beans.factory.support.DefaultListableBeanFactory.registerBeanDefinition:828 -Overriding bean definition for bean 'currentUserHolder' with a different definition: replacing [Root bean: class [null]; scope=; abstract=false; lazyInit=false; autowireMode=3; dependencyCheck=0; autowireCandidate=true; primary=false; factoryBeanName=beanConfig; factoryMethodName=currentUserHolder; initMethodName=null; destroyMethodName=(inferred); defined in class path resource [com/mhc/bi/config/BeanConfig.class]] with [Root bean: class [null]; scope=; abstract=false; lazyInit=false; autowireMode=3; dependencyCheck=0; autowireCandidate=true; primary=false; factoryBeanName=com.mhc.framework.support.session.base.AppAutoConfiguration; factoryMethodName=currentUserHolder; initMethodName=null; destroyMethodName=(inferred); defined in class path resource [com/mhc/framework/support/session/base/AppAutoConfiguration.class]]
2018-11-01 00:37:09.212 INFO [restartedMain]o.s.d.repository.config.RepositoryConfigurationDelegate.multipleStoresDetected:165 -Multiple Spring Data modules found, entering strict repository configuration mode!
2018-11-01 00:37:09.909 INFO [restartedMain]o.s.c.s.PostProcessorRegistrationDelegate$BeanPostProcessorChecker.postProcessAfterInitialization:327 -Bean 'org.springframework.transaction.annotation.ProxyTransactionManagementConfiguration' of type [org.springframework.transaction.annotation.ProxyTransactionManagementConfiguration$$EnhancerBySpringCGLIB$$5a279002] is not eligible for getting processed by all BeanPostProcessors (for example: not eligible for auto-proxying)
2018-11-01 00:37:10.393 INFO [restartedMain]o.s.b.c.embedded.tomcat.TomcatEmbeddedServletContainer.initialize:92 -Tomcat initialized with port(s): 8088 (http)
2018-11-01 00:37:10.415 INFO [restartedMain]org.apache.coyote.http11.Http11NioProtocol.log:180 -Initializing ProtocolHandler ["http-nio-8088"]
2018-11-01 00:37:10.433 INFO [restartedMain]org.apache.catalina.core.StandardService.log:180 -Starting service [Tomcat]
2018-11-01 00:37:10.433 INFO [restartedMain]org.apache.catalina.core.StandardEngine.log:180 -Starting Servlet Engine: Apache Tomcat/8.5.31
2018-11-01 00:37:10.579 INFO [localhost-startStop-1]o.a.catalina.core.ContainerBase.[Tomcat].[localhost].[/].log:180 -Initializing Spring embedded WebApplicationContext
2018-11-01 00:37:10.579 INFO [localhost-startStop-1]org.springframework.web.context.ContextLoader.prepareEmbeddedWebApplicationContext:276 -Root WebApplicationContext: initialization completed in 2582 ms
2018-11-01 00:37:10.764 INFO [localhost-startStop-1]o.s.boot.web.servlet.ServletRegistrationBean.onStartup:190 -Mapping servlet: 'dispatcherServlet' to [/]
2018-11-01 00:37:10.768 INFO [localhost-startStop-1]o.s.boot.web.servlet.FilterRegistrationBean.configure:258 -Mapping filter: 'characterEncodingFilter' to: [/*]
2018-11-01 00:37:10.769 INFO [localhost-startStop-1]o.s.boot.web.servlet.FilterRegistrationBean.configure:258 -Mapping filter: 'hiddenHttpMethodFilter' to: [/*]
2018-11-01 00:37:10.769 INFO [localhost-startStop-1]o.s.boot.web.servlet.FilterRegistrationBean.configure:258 -Mapping filter: 'httpPutFormContentFilter' to: [/*]
2018-11-01 00:37:10.769 INFO [localhost-startStop-1]o.s.boot.web.servlet.FilterRegistrationBean.configure:258 -Mapping filter: 'requestContextFilter' to: [/*]
2018-11-01 00:37:11.832 INFO [restartedMain]o.s.w.s.m.method.annotation.RequestMappingHandlerAdapter.initControllerAdviceCache:534 -Looking for @ControllerAdvice: org.springframework.boot.context.embedded.AnnotationConfigEmbeddedWebApplicationContext@742796e5: startup date [Thu Nov 01 00:37:07 CST 2018]; root of context hierarchy
2018-11-01 00:37:11.905 INFO [restartedMain]o.s.w.s.m.method.annotation.RequestMappingHandlerMapping.register:543 -Mapped "{[/taskPlan/select],methods=[POST]}" onto public com.mhc.bi.common.ActionResult com.mhc.bi.controller.JobPlan.JobPlanController.select(java.lang.Integer,java.lang.Integer,java.lang.String,java.lang.Integer)
2018-11-01 00:37:11.907 INFO [restartedMain]o.s.w.s.m.method.annotation.RequestMappingHandlerMapping.register:543 -Mapped "{[/taskPlan/getDependencies],methods=[POST]}" onto public com.mhc.bi.common.ActionResult com.mhc.bi.controller.JobPlan.JobPlanController.getDependencies(int)
2018-11-01 00:37:11.909 INFO [restartedMain]o.s.w.s.m.method.annotation.RequestMappingHandlerMapping.register:543 -Mapped "{[/center/**],methods=[GET]}" onto public java.lang.String com.mhc.bi.controller.LoginController.center()
2018-11-01 00:37:11.910 INFO [restartedMain]o.s.w.s.m.method.annotation.RequestMappingHandlerMapping.register:543 -Mapped "{[/hueshell/submit],methods=[GET]}" onto public boolean com.mhc.bi.controller.TableMessage.HueShellController.export(int)
2018-11-01 00:37:11.911 INFO [restartedMain]o.s.w.s.m.method.annotation.RequestMappingHandlerMapping.register:543 -Mapped "{[/hueshell/select],methods=[GET]}" onto public java.lang.Object com.mhc.bi.controller.TableMessage.HueShellController.select()
2018-11-01 00:37:11.912 INFO [restartedMain]o.s.w.s.m.method.annotation.RequestMappingHandlerMapping.register:543 -Mapped "{[/hueshell/selecttest],methods=[GET]}" onto public java.lang.Object com.mhc.bi.controller.TableMessage.HueShellController.selectAllTest(java.lang.String)
2018-11-01 00:37:11.913 INFO [restartedMain]o.s.w.s.m.method.annotation.RequestMappingHandlerMapping.register:543 -Mapped "{[/jobplan/delete],methods=[GET]}" onto public java.lang.Object com.mhc.bi.controller.TableMessage.JobPlanController2.delete()
2018-11-01 00:37:11.914 INFO [restartedMain]o.s.w.s.m.method.annotation.RequestMappingHandlerMapping.register:543 -Mapped "{[/jobplan/insert],methods=[GET]}" onto public java.lang.Object com.mhc.bi.controller.TableMessage.JobPlanController2.insertShellContent()
2018-11-01 00:37:11.914 INFO [restartedMain]o.s.w.s.m.method.annotation.RequestMappingHandlerMapping.register:543 -Mapped "{[/jobplan/selectall],methods=[GET]}" onto public java.lang.Object com.mhc.bi.controller.TableMessage.JobPlanController2.selectAllFromJobPlan()
2018-11-01 00:37:11.915 INFO [restartedMain]o.s.w.s.m.method.annotation.RequestMappingHandlerMapping.register:543 -Mapped "{[/jobplan/update],methods=[GET]}" onto public java.lang.Object com.mhc.bi.controller.TableMessage.JobPlanController2.updateShellContent()
2018-11-01 00:37:11.916 INFO [restartedMain]o.s.w.s.m.method.annotation.RequestMappingHandlerMapping.register:543 -Mapped "{[/shellcontent/delete],methods=[GET]}" onto public java.lang.Object com.mhc.bi.controller.TableMessage.ShellContentController.delete()
2018-11-01 00:37:11.917 INFO [restartedMain]o.s.w.s.m.method.annotation.RequestMappingHandlerMapping.register:543 -Mapped "{[/shellcontent/insert],methods=[GET]}" onto public java.lang.Object com.mhc.bi.controller.TableMessage.ShellContentController.insertShellContent()
2018-11-01 00:37:11.917 INFO [restartedMain]o.s.w.s.m.method.annotation.RequestMappingHandlerMapping.register:543 -Mapped "{[/shellcontent/update],methods=[GET]}" onto public java.lang.Object com.mhc.bi.controller.TableMessage.ShellContentController.updateShellContent()
2018-11-01 00:37:11.918 INFO [restartedMain]o.s.w.s.m.method.annotation.RequestMappingHandlerMapping.register:543 -Mapped "{[/shellcontent/selectall],methods=[GET]}" onto public java.lang.Object com.mhc.bi.controller.TableMessage.ShellContentController.selectAllFromShellContent()
2018-11-01 00:37:11.918 INFO [restartedMain]o.s.w.s.m.method.annotation.RequestMappingHandlerMapping.register:543 -Mapped "{[/shellcontent/selectbyname],methods=[GET]}" onto public java.lang.Object com.mhc.bi.controller.TableMessage.ShellContentController.selectstartnode(java.lang.String)
2018-11-01 00:37:11.923 INFO [restartedMain]o.s.w.s.m.method.annotation.RequestMappingHandlerMapping.register:543 -Mapped "{[/taskinstance/delete],methods=[GET]}" onto public java.lang.Object com.mhc.bi.controller.TableMessage.TaskInstanceController2.delete()
2018-11-01 00:37:11.924 INFO [restartedMain]o.s.w.s.m.method.annotation.RequestMappingHandlerMapping.register:543 -Mapped "{[/taskinstance/start1],methods=[GET]}" onto public java.lang.Object com.mhc.bi.controller.TableMessage.TaskInstanceController2.start()
2018-11-01 00:37:11.924 INFO [restartedMain]o.s.w.s.m.method.annotation.RequestMappingHandlerMapping.register:543 -Mapped "{[/taskinstance/update],methods=[GET]}" onto public java.lang.Object com.mhc.bi.controller.TableMessage.TaskInstanceController2.updateShellContent()
2018-11-01 00:37:11.925 INFO [restartedMain]o.s.w.s.m.method.annotation.RequestMappingHandlerMapping.register:543 -Mapped "{[/taskinstance/insert],methods=[GET]}" onto public java.lang.Object com.mhc.bi.controller.TableMessage.TaskInstanceController2.insertTaskInstance()
2018-11-01 00:37:11.925 INFO [restartedMain]o.s.w.s.m.method.annotation.RequestMappingHandlerMapping.register:543 -Mapped "{[/taskinstance/createTaskInstance],methods=[GET]}" onto public void com.mhc.bi.controller.TableMessage.TaskInstanceController2.createTaskInstance()
2018-11-01 00:37:11.925 INFO [restartedMain]o.s.w.s.m.method.annotation.RequestMappingHandlerMapping.register:543 -Mapped "{[/taskinstance/updatestatus],methods=[GET]}" onto public java.lang.Object com.mhc.bi.controller.TableMessage.TaskInstanceController2.start2()
2018-11-01 00:37:11.927 INFO [restartedMain]o.s.w.s.m.method.annotation.RequestMappingHandlerMapping.register:543 -Mapped "{[/submit/save],methods=[POST]}" onto public com.mhc.bi.common.ActionResult com.mhc.bi.controller.TaskSubmit.TaskSubmitController.save(int,java.lang.String)
2018-11-01 00:37:11.927 INFO [restartedMain]o.s.w.s.m.method.annotation.RequestMappingHandlerMapping.register:543 -Mapped "{[/submit/getContent],methods=[POST]}" onto public com.mhc.bi.common.ActionResult com.mhc.bi.controller.TaskSubmit.TaskSubmitController.getContent(int)
2018-11-01 00:37:11.927 INFO [restartedMain]o.s.w.s.m.method.annotation.RequestMappingHandlerMapping.register:543 -Mapped "{[/submit/submit],methods=[POST]}" onto public com.mhc.bi.common.ActionResult com.mhc.bi.controller.TaskSubmit.TaskSubmitController.submit(int)
2018-11-01 00:37:11.928 INFO [restartedMain]o.s.w.s.m.method.annotation.RequestMappingHandlerMapping.register:543 -Mapped "{[/submit/getDirectory],methods=[POST]}" onto public com.mhc.bi.common.ActionResult com.mhc.bi.controller.TaskSubmit.TaskSubmitController.getDirectory()
2018-11-01 00:37:11.928 INFO [restartedMain]o.s.w.s.m.method.annotation.RequestMappingHandlerMapping.register:543 -Mapped "{[/hello]}" onto public java.lang.String com.mhc.bi.controller.TestController.hello()
2018-11-01 00:37:11.929 INFO [restartedMain]o.s.w.s.m.method.annotation.RequestMappingHandlerMapping.register:543 -Mapped "{[/desktopdocument2],methods=[GET]}" onto public com.mhc.bi.domain.hue.DesktopDocument2 com.mhc.bi.controller.TestController.getDesktopDocument2(java.lang.String)
2018-11-01 00:37:11.929 INFO [restartedMain]o.s.w.s.m.method.annotation.RequestMappingHandlerMapping.register:543 -Mapped "{[/dingding],methods=[GET]}" onto public void com.mhc.bi.controller.TestController.sendDingDingMsg(java.lang.String)
2018-11-01 00:37:11.930 INFO [restartedMain]o.s.w.s.m.method.annotation.RequestMappingHandlerMapping.register:543 -Mapped "{[/user/getUser],methods=[GET]}" onto public java.lang.Object com.mhc.bi.controller.UserMessage.UserController.getUser()
2018-11-01 00:37:11.931 INFO [restartedMain]o.s.w.s.m.method.annotation.RequestMappingHandlerMapping.register:543 -Mapped "{[/taskInstance/select],methods=[POST]}" onto public com.mhc.bi.common.ActionResult com.mhc.bi.controller.taskInstance.TaskInstanceController.select(int,int,java.lang.String,java.lang.String,int,int,int,int)
2018-11-01 00:37:11.933 INFO [restartedMain]o.s.w.s.m.method.annotation.RequestMappingHandlerMapping.register:543 -Mapped "{[/error]}" onto public org.springframework.http.ResponseEntity<java.util.Map<java.lang.String, java.lang.Object>> org.springframework.boot.autoconfigure.web.BasicErrorController.error(javax.servlet.http.HttpServletRequest)
2018-11-01 00:37:11.934 INFO [restartedMain]o.s.w.s.m.method.annotation.RequestMappingHandlerMapping.register:543 -Mapped "{[/error],produces=[text/html]}" onto public org.springframework.web.servlet.ModelAndView org.springframework.boot.autoconfigure.web.BasicErrorController.errorHtml(javax.servlet.http.HttpServletRequest,javax.servlet.http.HttpServletResponse)
2018-11-01 00:37:11.974 INFO [restartedMain]o.s.web.servlet.handler.SimpleUrlHandlerMapping.registerHandler:362 -Mapped URL path [/webjars/**] onto handler of type [class org.springframework.web.servlet.resource.ResourceHttpRequestHandler]
2018-11-01 00:37:11.974 INFO [restartedMain]o.s.web.servlet.handler.SimpleUrlHandlerMapping.registerHandler:362 -Mapped URL path [/**] onto handler of type [class org.springframework.web.servlet.resource.ResourceHttpRequestHandler]
2018-11-01 00:37:12.020 INFO [restartedMain]o.s.web.servlet.handler.SimpleUrlHandlerMapping.registerHandler:362 -Mapped URL path [/**/favicon.ico] onto handler of type [class org.springframework.web.servlet.resource.ResourceHttpRequestHandler]
2018-11-01 00:37:12.839 INFO [restartedMain]o.s.boot.devtools.autoconfigure.OptionalLiveReloadServer.startServer:58 -LiveReload server is running on port 35729
2018-11-01 00:37:13.001 INFO [restartedMain]o.s.jmx.export.annotation.AnnotationMBeanExporter.afterSingletonsInstantiated:431 -Registering beans for JMX exposure on startup
2018-11-01 00:37:13.023 INFO [restartedMain]org.apache.coyote.http11.Http11NioProtocol.log:180 -Starting ProtocolHandler ["http-nio-8088"]
2018-11-01 00:37:13.052 INFO [restartedMain]org.apache.tomcat.util.net.NioSelectorPool.log:180 -Using a shared selector for servlet write/read
2018-11-01 00:37:13.072 INFO [restartedMain]o.s.b.c.embedded.tomcat.TomcatEmbeddedServletContainer.start:216 -Tomcat started on port(s): 8088 (http)
2018-11-01 00:37:13.079 INFO [restartedMain]com.mhc.bi.TheAdvisorApplication.logStarted:57 -Started TheAdvisorApplication in 6.453 seconds (JVM running for 7.313)
2018-11-01 00:37:28.946 INFO [http-nio-8088-exec-2]o.a.catalina.core.ContainerBase.[Tomcat].[localhost].[/].log:180 -Initializing Spring FrameworkServlet 'dispatcherServlet'
2018-11-01 00:37:28.947 INFO [http-nio-8088-exec-2]org.springframework.web.servlet.DispatcherServlet.initServletBean:489 -FrameworkServlet 'dispatcherServlet': initialization started
2018-11-01 00:37:28.976 INFO [http-nio-8088-exec-2]org.springframework.web.servlet.DispatcherServlet.initServletBean:508 -FrameworkServlet 'dispatcherServlet': initialization completed in 29 ms
2018-11-01 00:37:30.241 DEBUG[http-nio-8088-exec-2]com.mhc.bi.mapper.theadvisor.JobPlanMapper.getNumbers.debug:159 -==>  Preparing: select count(*) from jobplan 
2018-11-01 00:37:30.269 DEBUG[http-nio-8088-exec-2]com.mhc.bi.mapper.theadvisor.JobPlanMapper.getNumbers.debug:159 -==> Parameters: 
2018-11-01 00:37:30.286 DEBUG[http-nio-8088-exec-2]com.mhc.bi.mapper.theadvisor.JobPlanMapper.getNumbers.debug:159 -<==      Total: 1
2018-11-01 00:37:30.290 DEBUG[http-nio-8088-exec-2]c.m.b.m.theadvisor.JobPlanMapper.getJobPlanListLimit.debug:159 -==>  Preparing: select * from jobplan limit ?,? 
2018-11-01 00:37:30.290 DEBUG[http-nio-8088-exec-2]c.m.b.m.theadvisor.JobPlanMapper.getJobPlanListLimit.debug:159 -==> Parameters: 0(Integer), 2(Integer)
2018-11-01 00:37:30.304 DEBUG[http-nio-8088-exec-2]c.m.b.m.theadvisor.JobPlanMapper.getJobPlanListLimit.debug:159 -<==      Total: 2
2018-11-01 00:46:05.557 INFO [Thread-9]o.s.b.c.e.AnnotationConfigEmbeddedWebApplicationContext.doClose:984 -Closing org.springframework.boot.context.embedded.AnnotationConfigEmbeddedWebApplicationContext@742796e5: startup date [Thu Nov 01 00:37:07 CST 2018]; root of context hierarchy
2018-11-01 00:46:05.561 INFO [Thread-9]o.s.jmx.export.annotation.AnnotationMBeanExporter.destroy:449 -Unregistering JMX-exposed beans on shutdown
2018-11-01 07:35:11.644 INFO [restartedMain]com.mhc.bi.TheAdvisorApplication.logStarting:48 -Starting TheAdvisorApplication on mac.local with PID 9861 (/Users/peilongcheng/gitcode/ghost/target/classes started by peilongcheng in /Users/peilongcheng/gitcode/ghost)
2018-11-01 07:35:11.646 INFO [restartedMain]com.mhc.bi.TheAdvisorApplication.logStartupProfileInfo:593 -No active profile set, falling back to default profiles: default
2018-11-01 07:35:12.302 INFO [background-preinit]org.hibernate.validator.internal.util.Version.<clinit>:30 -HV000001: Hibernate Validator 5.3.6.Final
2018-11-01 07:35:12.315 INFO [restartedMain]o.s.b.c.e.AnnotationConfigEmbeddedWebApplicationContext.prepareRefresh:583 -Refreshing org.springframework.boot.context.embedded.AnnotationConfigEmbeddedWebApplicationContext@65b2c703: startup date [Thu Nov 01 07:35:12 CST 2018]; root of context hierarchy
2018-11-01 07:35:13.414 WARN [restartedMain]org.mybatis.spring.mapper.ClassPathMapperScanner.checkCandidate:239 -Skipping MapperFactoryBean with name 'desktopDocument2Mapper' and 'com.mhc.bi.mapper.hue.DesktopDocument2Mapper' mapperInterface. Bean already defined with the same name!
2018-11-01 07:35:13.414 WARN [restartedMain]org.mybatis.spring.mapper.ClassPathMapperScanner.checkCandidate:239 -Skipping MapperFactoryBean with name 'executeInstanceMapper' and 'com.mhc.bi.mapper.theadvisor.ExecuteInstanceMapper' mapperInterface. Bean already defined with the same name!
2018-11-01 07:35:13.414 WARN [restartedMain]org.mybatis.spring.mapper.ClassPathMapperScanner.checkCandidate:239 -Skipping MapperFactoryBean with name 'hueShellMapper' and 'com.mhc.bi.mapper.theadvisor.HueShellMapper' mapperInterface. Bean already defined with the same name!
2018-11-01 07:35:13.415 WARN [restartedMain]org.mybatis.spring.mapper.ClassPathMapperScanner.checkCandidate:239 -Skipping MapperFactoryBean with name 'jobPlanMapper' and 'com.mhc.bi.mapper.theadvisor.JobPlanMapper' mapperInterface. Bean already defined with the same name!
2018-11-01 07:35:13.415 WARN [restartedMain]org.mybatis.spring.mapper.ClassPathMapperScanner.checkCandidate:239 -Skipping MapperFactoryBean with name 'shellContentMapper' and 'com.mhc.bi.mapper.theadvisor.ShellContentMapper' mapperInterface. Bean already defined with the same name!
2018-11-01 07:35:13.415 WARN [restartedMain]org.mybatis.spring.mapper.ClassPathMapperScanner.checkCandidate:239 -Skipping MapperFactoryBean with name 'taskInstanceMapper' and 'com.mhc.bi.mapper.theadvisor.TaskInstanceMapper' mapperInterface. Bean already defined with the same name!
2018-11-01 07:35:13.415 WARN [restartedMain]org.mybatis.spring.mapper.ClassPathMapperScanner.doScan:166 -No MyBatis mapper was found in '[com.mhc.bi.mapper]' package. Please check your configuration.
2018-11-01 07:35:13.567 INFO [restartedMain]o.s.beans.factory.support.DefaultListableBeanFactory.registerBeanDefinition:828 -Overriding bean definition for bean 'currentUserHolder' with a different definition: replacing [Root bean: class [null]; scope=; abstract=false; lazyInit=false; autowireMode=3; dependencyCheck=0; autowireCandidate=true; primary=false; factoryBeanName=beanConfig; factoryMethodName=currentUserHolder; initMethodName=null; destroyMethodName=(inferred); defined in class path resource [com/mhc/bi/config/BeanConfig.class]] with [Root bean: class [null]; scope=; abstract=false; lazyInit=false; autowireMode=3; dependencyCheck=0; autowireCandidate=true; primary=false; factoryBeanName=com.mhc.framework.support.session.base.AppAutoConfiguration; factoryMethodName=currentUserHolder; initMethodName=null; destroyMethodName=(inferred); defined in class path resource [com/mhc/framework/support/session/base/AppAutoConfiguration.class]]
2018-11-01 07:35:13.618 INFO [restartedMain]o.s.d.repository.config.RepositoryConfigurationDelegate.multipleStoresDetected:165 -Multiple Spring Data modules found, entering strict repository configuration mode!
2018-11-01 07:35:14.340 INFO [restartedMain]o.s.c.s.PostProcessorRegistrationDelegate$BeanPostProcessorChecker.postProcessAfterInitialization:327 -Bean 'org.springframework.transaction.annotation.ProxyTransactionManagementConfiguration' of type [org.springframework.transaction.annotation.ProxyTransactionManagementConfiguration$$EnhancerBySpringCGLIB$$a377ef71] is not eligible for getting processed by all BeanPostProcessors (for example: not eligible for auto-proxying)
2018-11-01 07:35:15.064 INFO [restartedMain]o.s.b.c.embedded.tomcat.TomcatEmbeddedServletContainer.initialize:92 -Tomcat initialized with port(s): 8088 (http)
2018-11-01 07:35:15.089 INFO [restartedMain]org.apache.coyote.http11.Http11NioProtocol.log:180 -Initializing ProtocolHandler ["http-nio-8088"]
2018-11-01 07:35:15.116 INFO [restartedMain]org.apache.catalina.core.StandardService.log:180 -Starting service [Tomcat]
2018-11-01 07:35:15.117 INFO [restartedMain]org.apache.catalina.core.StandardEngine.log:180 -Starting Servlet Engine: Apache Tomcat/8.5.31
2018-11-01 07:35:15.271 INFO [localhost-startStop-1]o.a.catalina.core.ContainerBase.[Tomcat].[localhost].[/].log:180 -Initializing Spring embedded WebApplicationContext
2018-11-01 07:35:15.272 INFO [localhost-startStop-1]org.springframework.web.context.ContextLoader.prepareEmbeddedWebApplicationContext:276 -Root WebApplicationContext: initialization completed in 2957 ms
2018-11-01 07:35:15.460 INFO [localhost-startStop-1]o.s.boot.web.servlet.ServletRegistrationBean.onStartup:190 -Mapping servlet: 'dispatcherServlet' to [/]
2018-11-01 07:35:15.467 INFO [localhost-startStop-1]o.s.boot.web.servlet.FilterRegistrationBean.configure:258 -Mapping filter: 'characterEncodingFilter' to: [/*]
2018-11-01 07:35:15.467 INFO [localhost-startStop-1]o.s.boot.web.servlet.FilterRegistrationBean.configure:258 -Mapping filter: 'hiddenHttpMethodFilter' to: [/*]
2018-11-01 07:35:15.468 INFO [localhost-startStop-1]o.s.boot.web.servlet.FilterRegistrationBean.configure:258 -Mapping filter: 'httpPutFormContentFilter' to: [/*]
2018-11-01 07:35:15.468 INFO [localhost-startStop-1]o.s.boot.web.servlet.FilterRegistrationBean.configure:258 -Mapping filter: 'requestContextFilter' to: [/*]
2018-11-01 07:35:16.784 INFO [restartedMain]o.s.w.s.m.method.annotation.RequestMappingHandlerAdapter.initControllerAdviceCache:534 -Looking for @ControllerAdvice: org.springframework.boot.context.embedded.AnnotationConfigEmbeddedWebApplicationContext@65b2c703: startup date [Thu Nov 01 07:35:12 CST 2018]; root of context hierarchy
2018-11-01 07:35:16.885 INFO [restartedMain]o.s.w.s.m.method.annotation.RequestMappingHandlerMapping.register:543 -Mapped "{[/taskPlan/select],methods=[POST]}" onto public com.mhc.bi.common.ActionResult com.mhc.bi.controller.JobPlan.JobPlanController.select(java.lang.Integer,java.lang.Integer,java.lang.String,java.lang.Integer)
2018-11-01 07:35:16.886 INFO [restartedMain]o.s.w.s.m.method.annotation.RequestMappingHandlerMapping.register:543 -Mapped "{[/taskPlan/getDependencies],methods=[POST]}" onto public com.mhc.bi.common.ActionResult com.mhc.bi.controller.JobPlan.JobPlanController.getDependencies(int)
2018-11-01 07:35:16.888 INFO [restartedMain]o.s.w.s.m.method.annotation.RequestMappingHandlerMapping.register:543 -Mapped "{[/center/**],methods=[GET]}" onto public java.lang.String com.mhc.bi.controller.LoginController.center()
2018-11-01 07:35:16.890 INFO [restartedMain]o.s.w.s.m.method.annotation.RequestMappingHandlerMapping.register:543 -Mapped "{[/hueshell/select],methods=[GET]}" onto public java.lang.Object com.mhc.bi.controller.TableMessage.HueShellController.select()
2018-11-01 07:35:16.891 INFO [restartedMain]o.s.w.s.m.method.annotation.RequestMappingHandlerMapping.register:543 -Mapped "{[/hueshell/selecttest],methods=[GET]}" onto public java.lang.Object com.mhc.bi.controller.TableMessage.HueShellController.selectAllTest(java.lang.String)
2018-11-01 07:35:16.891 INFO [restartedMain]o.s.w.s.m.method.annotation.RequestMappingHandlerMapping.register:543 -Mapped "{[/hueshell/submit],methods=[GET]}" onto public boolean com.mhc.bi.controller.TableMessage.HueShellController.export(int)
2018-11-01 07:35:16.893 INFO [restartedMain]o.s.w.s.m.method.annotation.RequestMappingHandlerMapping.register:543 -Mapped "{[/jobplan/delete],methods=[GET]}" onto public java.lang.Object com.mhc.bi.controller.TableMessage.JobPlanController2.delete()
2018-11-01 07:35:16.893 INFO [restartedMain]o.s.w.s.m.method.annotation.RequestMappingHandlerMapping.register:543 -Mapped "{[/jobplan/insert],methods=[GET]}" onto public java.lang.Object com.mhc.bi.controller.TableMessage.JobPlanController2.insertShellContent()
2018-11-01 07:35:16.894 INFO [restartedMain]o.s.w.s.m.method.annotation.RequestMappingHandlerMapping.register:543 -Mapped "{[/jobplan/selectall],methods=[GET]}" onto public java.lang.Object com.mhc.bi.controller.TableMessage.JobPlanController2.selectAllFromJobPlan()
2018-11-01 07:35:16.894 INFO [restartedMain]o.s.w.s.m.method.annotation.RequestMappingHandlerMapping.register:543 -Mapped "{[/jobplan/update],methods=[GET]}" onto public java.lang.Object com.mhc.bi.controller.TableMessage.JobPlanController2.updateShellContent()
2018-11-01 07:35:16.896 INFO [restartedMain]o.s.w.s.m.method.annotation.RequestMappingHandlerMapping.register:543 -Mapped "{[/shellcontent/delete],methods=[GET]}" onto public java.lang.Object com.mhc.bi.controller.TableMessage.ShellContentController.delete()
2018-11-01 07:35:16.897 INFO [restartedMain]o.s.w.s.m.method.annotation.RequestMappingHandlerMapping.register:543 -Mapped "{[/shellcontent/insert],methods=[GET]}" onto public java.lang.Object com.mhc.bi.controller.TableMessage.ShellContentController.insertShellContent()
2018-11-01 07:35:16.897 INFO [restartedMain]o.s.w.s.m.method.annotation.RequestMappingHandlerMapping.register:543 -Mapped "{[/shellcontent/update],methods=[GET]}" onto public java.lang.Object com.mhc.bi.controller.TableMessage.ShellContentController.updateShellContent()
2018-11-01 07:35:16.898 INFO [restartedMain]o.s.w.s.m.method.annotation.RequestMappingHandlerMapping.register:543 -Mapped "{[/shellcontent/selectall],methods=[GET]}" onto public java.lang.Object com.mhc.bi.controller.TableMessage.ShellContentController.selectAllFromShellContent()
2018-11-01 07:35:16.898 INFO [restartedMain]o.s.w.s.m.method.annotation.RequestMappingHandlerMapping.register:543 -Mapped "{[/shellcontent/selectbyname],methods=[GET]}" onto public java.lang.Object com.mhc.bi.controller.TableMessage.ShellContentController.selectstartnode(java.lang.String)
2018-11-01 07:35:16.903 INFO [restartedMain]o.s.w.s.m.method.annotation.RequestMappingHandlerMapping.register:543 -Mapped "{[/taskinstance/delete],methods=[GET]}" onto public java.lang.Object com.mhc.bi.controller.TableMessage.TaskInstanceController2.delete()
2018-11-01 07:35:16.904 INFO [restartedMain]o.s.w.s.m.method.annotation.RequestMappingHandlerMapping.register:543 -Mapped "{[/taskinstance/start1],methods=[GET]}" onto public java.lang.Object com.mhc.bi.controller.TableMessage.TaskInstanceController2.start()
2018-11-01 07:35:16.904 INFO [restartedMain]o.s.w.s.m.method.annotation.RequestMappingHandlerMapping.register:543 -Mapped "{[/taskinstance/updatestatus],methods=[GET]}" onto public java.lang.Object com.mhc.bi.controller.TableMessage.TaskInstanceController2.start2()
2018-11-01 07:35:16.904 INFO [restartedMain]o.s.w.s.m.method.annotation.RequestMappingHandlerMapping.register:543 -Mapped "{[/taskinstance/update],methods=[GET]}" onto public java.lang.Object com.mhc.bi.controller.TableMessage.TaskInstanceController2.updateShellContent()
2018-11-01 07:35:16.905 INFO [restartedMain]o.s.w.s.m.method.annotation.RequestMappingHandlerMapping.register:543 -Mapped "{[/taskinstance/insert],methods=[GET]}" onto public java.lang.Object com.mhc.bi.controller.TableMessage.TaskInstanceController2.insertTaskInstance()
2018-11-01 07:35:16.905 INFO [restartedMain]o.s.w.s.m.method.annotation.RequestMappingHandlerMapping.register:543 -Mapped "{[/taskinstance/createTaskInstance],methods=[GET]}" onto public void com.mhc.bi.controller.TableMessage.TaskInstanceController2.createTaskInstance()
2018-11-01 07:35:16.907 INFO [restartedMain]o.s.w.s.m.method.annotation.RequestMappingHandlerMapping.register:543 -Mapped "{[/submit/save],methods=[POST]}" onto public com.mhc.bi.common.ActionResult com.mhc.bi.controller.TaskSubmit.TaskSubmitController.save(int,java.lang.String)
2018-11-01 07:35:16.907 INFO [restartedMain]o.s.w.s.m.method.annotation.RequestMappingHandlerMapping.register:543 -Mapped "{[/submit/getContent],methods=[POST]}" onto public com.mhc.bi.common.ActionResult com.mhc.bi.controller.TaskSubmit.TaskSubmitController.getContent(int)
2018-11-01 07:35:16.908 INFO [restartedMain]o.s.w.s.m.method.annotation.RequestMappingHandlerMapping.register:543 -Mapped "{[/submit/getDirectory],methods=[POST]}" onto public com.mhc.bi.common.ActionResult com.mhc.bi.controller.TaskSubmit.TaskSubmitController.getDirectory()
2018-11-01 07:35:16.908 INFO [restartedMain]o.s.w.s.m.method.annotation.RequestMappingHandlerMapping.register:543 -Mapped "{[/submit/submit],methods=[POST]}" onto public com.mhc.bi.common.ActionResult com.mhc.bi.controller.TaskSubmit.TaskSubmitController.submit(int)
2018-11-01 07:35:16.909 INFO [restartedMain]o.s.w.s.m.method.annotation.RequestMappingHandlerMapping.register:543 -Mapped "{[/hello]}" onto public java.lang.String com.mhc.bi.controller.TestController.hello()
2018-11-01 07:35:16.909 INFO [restartedMain]o.s.w.s.m.method.annotation.RequestMappingHandlerMapping.register:543 -Mapped "{[/desktopdocument2],methods=[GET]}" onto public com.mhc.bi.domain.hue.DesktopDocument2 com.mhc.bi.controller.TestController.getDesktopDocument2(java.lang.String)
2018-11-01 07:35:16.910 INFO [restartedMain]o.s.w.s.m.method.annotation.RequestMappingHandlerMapping.register:543 -Mapped "{[/dingding],methods=[GET]}" onto public void com.mhc.bi.controller.TestController.sendDingDingMsg(java.lang.String)
2018-11-01 07:35:16.910 INFO [restartedMain]o.s.w.s.m.method.annotation.RequestMappingHandlerMapping.register:543 -Mapped "{[/user/getUser],methods=[GET]}" onto public java.lang.Object com.mhc.bi.controller.UserMessage.UserController.getUser()
2018-11-01 07:35:16.911 INFO [restartedMain]o.s.w.s.m.method.annotation.RequestMappingHandlerMapping.register:543 -Mapped "{[/taskInstance/select],methods=[POST]}" onto public com.mhc.bi.common.ActionResult com.mhc.bi.controller.taskInstance.TaskInstanceController.select(int,int,java.lang.String,java.lang.String,int,int,int,int)
2018-11-01 07:35:16.913 INFO [restartedMain]o.s.w.s.m.method.annotation.RequestMappingHandlerMapping.register:543 -Mapped "{[/error]}" onto public org.springframework.http.ResponseEntity<java.util.Map<java.lang.String, java.lang.Object>> org.springframework.boot.autoconfigure.web.BasicErrorController.error(javax.servlet.http.HttpServletRequest)
2018-11-01 07:35:16.914 INFO [restartedMain]o.s.w.s.m.method.annotation.RequestMappingHandlerMapping.register:543 -Mapped "{[/error],produces=[text/html]}" onto public org.springframework.web.servlet.ModelAndView org.springframework.boot.autoconfigure.web.BasicErrorController.errorHtml(javax.servlet.http.HttpServletRequest,javax.servlet.http.HttpServletResponse)
2018-11-01 07:35:16.961 INFO [restartedMain]o.s.web.servlet.handler.SimpleUrlHandlerMapping.registerHandler:362 -Mapped URL path [/webjars/**] onto handler of type [class org.springframework.web.servlet.resource.ResourceHttpRequestHandler]
2018-11-01 07:35:16.962 INFO [restartedMain]o.s.web.servlet.handler.SimpleUrlHandlerMapping.registerHandler:362 -Mapped URL path [/**] onto handler of type [class org.springframework.web.servlet.resource.ResourceHttpRequestHandler]
2018-11-01 07:35:17.036 INFO [restartedMain]o.s.web.servlet.handler.SimpleUrlHandlerMapping.registerHandler:362 -Mapped URL path [/**/favicon.ico] onto handler of type [class org.springframework.web.servlet.resource.ResourceHttpRequestHandler]
2018-11-01 07:35:18.052 INFO [restartedMain]o.s.boot.devtools.autoconfigure.OptionalLiveReloadServer.startServer:58 -LiveReload server is running on port 35729
2018-11-01 07:35:18.265 INFO [restartedMain]o.s.jmx.export.annotation.AnnotationMBeanExporter.afterSingletonsInstantiated:431 -Registering beans for JMX exposure on startup
2018-11-01 07:35:18.291 INFO [restartedMain]org.apache.coyote.http11.Http11NioProtocol.log:180 -Starting ProtocolHandler ["http-nio-8088"]
2018-11-01 07:35:18.324 INFO [restartedMain]org.apache.tomcat.util.net.NioSelectorPool.log:180 -Using a shared selector for servlet write/read
2018-11-01 07:35:18.342 INFO [restartedMain]o.s.b.c.embedded.tomcat.TomcatEmbeddedServletContainer.start:216 -Tomcat started on port(s): 8088 (http)
2018-11-01 07:35:18.350 INFO [restartedMain]com.mhc.bi.TheAdvisorApplication.logStarted:57 -Started TheAdvisorApplication in 7.627 seconds (JVM running for 8.573)
2018-11-01 07:35:27.243 INFO [http-nio-8088-exec-2]o.a.catalina.core.ContainerBase.[Tomcat].[localhost].[/].log:180 -Initializing Spring FrameworkServlet 'dispatcherServlet'
2018-11-01 07:35:27.243 INFO [http-nio-8088-exec-2]org.springframework.web.servlet.DispatcherServlet.initServletBean:489 -FrameworkServlet 'dispatcherServlet': initialization started
2018-11-01 07:35:27.267 INFO [http-nio-8088-exec-2]org.springframework.web.servlet.DispatcherServlet.initServletBean:508 -FrameworkServlet 'dispatcherServlet': initialization completed in 23 ms
2018-11-01 07:35:36.460 DEBUG[http-nio-8088-exec-2]com.mhc.bi.mapper.theadvisor.JobPlanMapper.getNumbers.debug:159 -==>  Preparing: select count(*) from jobplan 
2018-11-01 07:35:36.501 DEBUG[http-nio-8088-exec-2]com.mhc.bi.mapper.theadvisor.JobPlanMapper.getNumbers.debug:159 -==> Parameters: 
2018-11-01 07:35:36.520 DEBUG[http-nio-8088-exec-2]com.mhc.bi.mapper.theadvisor.JobPlanMapper.getNumbers.debug:159 -<==      Total: 1
2018-11-01 07:35:36.523 DEBUG[http-nio-8088-exec-2]c.m.b.m.theadvisor.JobPlanMapper.getJobPlanListLimit.debug:159 -==>  Preparing: select * from jobplan limit ?,? 
2018-11-01 07:35:36.524 DEBUG[http-nio-8088-exec-2]c.m.b.m.theadvisor.JobPlanMapper.getJobPlanListLimit.debug:159 -==> Parameters: 0(Integer), 2(Integer)
2018-11-01 07:35:36.540 DEBUG[http-nio-8088-exec-2]c.m.b.m.theadvisor.JobPlanMapper.getJobPlanListLimit.debug:159 -<==      Total: 2
2018-11-01 09:34:41.951 INFO [Thread-9]o.s.b.c.e.AnnotationConfigEmbeddedWebApplicationContext.doClose:984 -Closing org.springframework.boot.context.embedded.AnnotationConfigEmbeddedWebApplicationContext@65b2c703: startup date [Thu Nov 01 07:35:12 CST 2018]; root of context hierarchy
2018-11-01 09:34:41.957 INFO [Thread-9]o.s.jmx.export.annotation.AnnotationMBeanExporter.destroy:449 -Unregistering JMX-exposed beans on shutdown
