2018-10-18 11:06:15.868 INFO [localhost-startStop-2]com.mhc.framework.support.auth.filter.AcuraFilter.destroy:167 ------AcuraFilter destroy----
2018-10-18 19:37:32.096 INFO [restartedMain]com.mhc.bi.TheAdvisorApplication.logStarting:48 -Starting TheAdvisorApplication on userdeMacBook-Pro-3.local with PID 15770 (started by user in /Users/user/工作-周日/mhc/BeProject/ghost)
2018-10-18 19:37:32.098 INFO [restartedMain]com.mhc.bi.TheAdvisorApplication.logStartupProfileInfo:593 -No active profile set, falling back to default profiles: default
2018-10-18 19:37:32.548 INFO [background-preinit]org.hibernate.validator.internal.util.Version.<clinit>:30 -HV000001: Hibernate Validator 5.3.6.Final
2018-10-18 19:37:32.708 INFO [restartedMain]o.s.b.c.e.AnnotationConfigEmbeddedWebApplicationContext.prepareRefresh:583 -Refreshing org.springframework.boot.context.embedded.AnnotationConfigEmbeddedWebApplicationContext@7636ae40: startup date [Thu Oct 18 19:37:32 CST 2018]; root of context hierarchy
2018-10-18 19:37:33.934 WARN [restartedMain]org.mybatis.spring.mapper.ClassPathMapperScanner.checkCandidate:239 -Skipping MapperFactoryBean with name 'desktopDocument2Mapper' and 'com.mhc.bi.mapper.hue.DesktopDocument2Mapper' mapperInterface. Bean already defined with the same name!
2018-10-18 19:37:33.934 WARN [restartedMain]org.mybatis.spring.mapper.ClassPathMapperScanner.checkCandidate:239 -Skipping MapperFactoryBean with name 'executeInstanceMapper' and 'com.mhc.bi.mapper.theadvisor.ExecuteInstanceMapper' mapperInterface. Bean already defined with the same name!
2018-10-18 19:37:33.934 WARN [restartedMain]org.mybatis.spring.mapper.ClassPathMapperScanner.checkCandidate:239 -Skipping MapperFactoryBean with name 'hueShellMapper' and 'com.mhc.bi.mapper.theadvisor.HueShellMapper' mapperInterface. Bean already defined with the same name!
2018-10-18 19:37:33.934 WARN [restartedMain]org.mybatis.spring.mapper.ClassPathMapperScanner.checkCandidate:239 -Skipping MapperFactoryBean with name 'jobPlanMapper' and 'com.mhc.bi.mapper.theadvisor.JobPlanMapper' mapperInterface. Bean already defined with the same name!
2018-10-18 19:37:33.935 WARN [restartedMain]org.mybatis.spring.mapper.ClassPathMapperScanner.checkCandidate:239 -Skipping MapperFactoryBean with name 'shellContentMapper' and 'com.mhc.bi.mapper.theadvisor.ShellContentMapper' mapperInterface. Bean already defined with the same name!
2018-10-18 19:37:33.935 WARN [restartedMain]org.mybatis.spring.mapper.ClassPathMapperScanner.checkCandidate:239 -Skipping MapperFactoryBean with name 'taskInstanceMapper' and 'com.mhc.bi.mapper.theadvisor.TaskInstanceMapper' mapperInterface. Bean already defined with the same name!
2018-10-18 19:37:33.935 WARN [restartedMain]org.mybatis.spring.mapper.ClassPathMapperScanner.doScan:166 -No MyBatis mapper was found in '[com.mhc.bi.mapper]' package. Please check your configuration.
2018-10-18 19:37:34.166 INFO [restartedMain]o.s.d.repository.config.RepositoryConfigurationDelegate.multipleStoresDetected:165 -Multiple Spring Data modules found, entering strict repository configuration mode!
2018-10-18 19:37:34.608 INFO [restartedMain]o.s.c.s.PostProcessorRegistrationDelegate$BeanPostProcessorChecker.postProcessAfterInitialization:327 -Bean 'org.springframework.transaction.annotation.ProxyTransactionManagementConfiguration' of type [org.springframework.transaction.annotation.ProxyTransactionManagementConfiguration$$EnhancerBySpringCGLIB$$dce26410] is not eligible for getting processed by all BeanPostProcessors (for example: not eligible for auto-proxying)
2018-10-18 19:37:35.134 INFO [restartedMain]o.s.b.c.embedded.tomcat.TomcatEmbeddedServletContainer.initialize:92 -Tomcat initialized with port(s): 8088 (http)
2018-10-18 19:37:35.172 INFO [restartedMain]org.apache.coyote.http11.Http11NioProtocol.log:180 -Initializing ProtocolHandler ["http-nio-8088"]
2018-10-18 19:37:35.197 INFO [restartedMain]org.apache.catalina.core.StandardService.log:180 -Starting service [Tomcat]
2018-10-18 19:37:35.198 INFO [restartedMain]org.apache.catalina.core.StandardEngine.log:180 -Starting Servlet Engine: Apache Tomcat/8.5.31
2018-10-18 19:37:35.286 INFO [localhost-startStop-1]o.a.catalina.core.ContainerBase.[Tomcat].[localhost].[/].log:180 -Initializing Spring embedded WebApplicationContext
2018-10-18 19:37:35.286 INFO [localhost-startStop-1]org.springframework.web.context.ContextLoader.prepareEmbeddedWebApplicationContext:276 -Root WebApplicationContext: initialization completed in 2578 ms
2018-10-18 19:37:35.621 INFO [localhost-startStop-1]o.s.boot.web.servlet.ServletRegistrationBean.onStartup:190 -Mapping servlet: 'dispatcherServlet' to [/]
2018-10-18 19:37:35.625 INFO [localhost-startStop-1]o.s.boot.web.servlet.FilterRegistrationBean.configure:258 -Mapping filter: 'characterEncodingFilter' to: [/*]
2018-10-18 19:37:35.625 INFO [localhost-startStop-1]o.s.boot.web.servlet.FilterRegistrationBean.configure:258 -Mapping filter: 'hiddenHttpMethodFilter' to: [/*]
2018-10-18 19:37:35.625 INFO [localhost-startStop-1]o.s.boot.web.servlet.FilterRegistrationBean.configure:258 -Mapping filter: 'acuraFilter' to: [/*]
2018-10-18 19:37:35.625 INFO [localhost-startStop-1]o.s.boot.web.servlet.FilterRegistrationBean.configure:258 -Mapping filter: 'httpPutFormContentFilter' to: [/*]
2018-10-18 19:37:35.626 INFO [localhost-startStop-1]o.s.boot.web.servlet.FilterRegistrationBean.configure:258 -Mapping filter: 'requestContextFilter' to: [/*]
2018-10-18 19:37:35.650 INFO [localhost-startStop-1]com.mhc.framework.support.auth.filter.AcuraFilter.init:74 -------AcuraFilter init----
2018-10-18 19:37:36.386 INFO [restartedMain]o.s.w.s.m.method.annotation.RequestMappingHandlerAdapter.initControllerAdviceCache:534 -Looking for @ControllerAdvice: org.springframework.boot.context.embedded.AnnotationConfigEmbeddedWebApplicationContext@7636ae40: startup date [Thu Oct 18 19:37:32 CST 2018]; root of context hierarchy
2018-10-18 19:37:36.454 INFO [restartedMain]o.s.w.s.m.method.annotation.RequestMappingHandlerMapping.register:543 -Mapped "{[/hueshell/submit],methods=[GET]}" onto public java.lang.String com.mhc.bi.controller.HueShellController.export(java.lang.String)
2018-10-18 19:37:36.455 INFO [restartedMain]o.s.w.s.m.method.annotation.RequestMappingHandlerMapping.register:543 -Mapped "{[/hueshell/select],methods=[GET]}" onto public java.lang.Object com.mhc.bi.controller.HueShellController.select()
2018-10-18 19:37:36.455 INFO [restartedMain]o.s.w.s.m.method.annotation.RequestMappingHandlerMapping.register:543 -Mapped "{[/hueshell/selecttest],methods=[GET]}" onto public java.lang.Object com.mhc.bi.controller.HueShellController.selectAllTest(java.lang.String)
2018-10-18 19:37:36.456 INFO [restartedMain]o.s.w.s.m.method.annotation.RequestMappingHandlerMapping.register:543 -Mapped "{[/jobplan/delete],methods=[GET]}" onto public java.lang.Object com.mhc.bi.controller.JobPlanController.delete()
2018-10-18 19:37:36.456 INFO [restartedMain]o.s.w.s.m.method.annotation.RequestMappingHandlerMapping.register:543 -Mapped "{[/jobplan/insert],methods=[GET]}" onto public java.lang.Object com.mhc.bi.controller.JobPlanController.insertShellContent()
2018-10-18 19:37:36.457 INFO [restartedMain]o.s.w.s.m.method.annotation.RequestMappingHandlerMapping.register:543 -Mapped "{[/jobplan/selectall],methods=[GET]}" onto public java.lang.Object com.mhc.bi.controller.JobPlanController.selectAllFromJobPlan()
2018-10-18 19:37:36.457 INFO [restartedMain]o.s.w.s.m.method.annotation.RequestMappingHandlerMapping.register:543 -Mapped "{[/jobplan/update],methods=[GET]}" onto public java.lang.Object com.mhc.bi.controller.JobPlanController.updateShellContent()
2018-10-18 19:37:36.457 INFO [restartedMain]o.s.w.s.m.method.annotation.RequestMappingHandlerMapping.register:543 -Mapped "{[/]}" onto public java.lang.String com.mhc.bi.controller.LoginController.start()
2018-10-18 19:37:36.457 INFO [restartedMain]o.s.w.s.m.method.annotation.RequestMappingHandlerMapping.register:543 -Mapped "{[/getUser]}" onto public java.lang.Object com.mhc.bi.controller.LoginController.getUser()
2018-10-18 19:37:36.458 INFO [restartedMain]o.s.w.s.m.method.annotation.RequestMappingHandlerMapping.register:543 -Mapped "{[/center]}" onto public java.lang.String com.mhc.bi.controller.LoginController.center()
2018-10-18 19:37:36.459 INFO [restartedMain]o.s.w.s.m.method.annotation.RequestMappingHandlerMapping.register:543 -Mapped "{[/shellcontent/delete],methods=[GET]}" onto public java.lang.Object com.mhc.bi.controller.ShellContentController.delete()
2018-10-18 19:37:36.459 INFO [restartedMain]o.s.w.s.m.method.annotation.RequestMappingHandlerMapping.register:543 -Mapped "{[/shellcontent/insert],methods=[GET]}" onto public java.lang.Object com.mhc.bi.controller.ShellContentController.insertShellContent()
2018-10-18 19:37:36.459 INFO [restartedMain]o.s.w.s.m.method.annotation.RequestMappingHandlerMapping.register:543 -Mapped "{[/shellcontent/update],methods=[GET]}" onto public java.lang.Object com.mhc.bi.controller.ShellContentController.updateShellContent()
2018-10-18 19:37:36.460 INFO [restartedMain]o.s.w.s.m.method.annotation.RequestMappingHandlerMapping.register:543 -Mapped "{[/shellcontent/selectall],methods=[GET]}" onto public java.lang.Object com.mhc.bi.controller.ShellContentController.selectAllFromShellContent()
2018-10-18 19:37:36.460 INFO [restartedMain]o.s.w.s.m.method.annotation.RequestMappingHandlerMapping.register:543 -Mapped "{[/shellcontent/selectbyname],methods=[GET]}" onto public java.lang.Object com.mhc.bi.controller.ShellContentController.selectstartnode(java.lang.String)
2018-10-18 19:37:36.463 INFO [restartedMain]o.s.w.s.m.method.annotation.RequestMappingHandlerMapping.register:543 -Mapped "{[/taskinstance/delete],methods=[GET]}" onto public java.lang.Object com.mhc.bi.controller.TaskInstanceController.delete()
2018-10-18 19:37:36.464 INFO [restartedMain]o.s.w.s.m.method.annotation.RequestMappingHandlerMapping.register:543 -Mapped "{[/taskinstance/start1],methods=[GET]}" onto public java.lang.Object com.mhc.bi.controller.TaskInstanceController.start()
2018-10-18 19:37:36.464 INFO [restartedMain]o.s.w.s.m.method.annotation.RequestMappingHandlerMapping.register:543 -Mapped "{[/taskinstance/updatestatus],methods=[GET]}" onto public java.lang.Object com.mhc.bi.controller.TaskInstanceController.start2()
2018-10-18 19:37:36.464 INFO [restartedMain]o.s.w.s.m.method.annotation.RequestMappingHandlerMapping.register:543 -Mapped "{[/taskinstance/update],methods=[GET]}" onto public java.lang.Object com.mhc.bi.controller.TaskInstanceController.updateShellContent()
2018-10-18 19:37:36.464 INFO [restartedMain]o.s.w.s.m.method.annotation.RequestMappingHandlerMapping.register:543 -Mapped "{[/taskinstance/insert],methods=[GET]}" onto public java.lang.Object com.mhc.bi.controller.TaskInstanceController.insertTaskInstance()
2018-10-18 19:37:36.465 INFO [restartedMain]o.s.w.s.m.method.annotation.RequestMappingHandlerMapping.register:543 -Mapped "{[/taskinstance/createTaskInstance],methods=[GET]}" onto public void com.mhc.bi.controller.TaskInstanceController.createTaskInstance()
2018-10-18 19:37:36.465 INFO [restartedMain]o.s.w.s.m.method.annotation.RequestMappingHandlerMapping.register:543 -Mapped "{[/hello]}" onto public java.lang.String com.mhc.bi.controller.TestController.hello()
2018-10-18 19:37:36.466 INFO [restartedMain]o.s.w.s.m.method.annotation.RequestMappingHandlerMapping.register:543 -Mapped "{[/desktopdocument2],methods=[GET]}" onto public com.mhc.bi.domain.hue.DesktopDocument2 com.mhc.bi.controller.TestController.getDesktopDocument2(java.lang.String)
2018-10-18 19:37:36.466 INFO [restartedMain]o.s.w.s.m.method.annotation.RequestMappingHandlerMapping.register:543 -Mapped "{[/dingding],methods=[GET]}" onto public void com.mhc.bi.controller.TestController.sendDingDingMsg(java.lang.String)
2018-10-18 19:37:36.467 INFO [restartedMain]o.s.w.s.m.method.annotation.RequestMappingHandlerMapping.register:543 -Mapped "{[/error]}" onto public org.springframework.http.ResponseEntity<java.util.Map<java.lang.String, java.lang.Object>> org.springframework.boot.autoconfigure.web.BasicErrorController.error(javax.servlet.http.HttpServletRequest)
2018-10-18 19:37:36.468 INFO [restartedMain]o.s.w.s.m.method.annotation.RequestMappingHandlerMapping.register:543 -Mapped "{[/error],produces=[text/html]}" onto public org.springframework.web.servlet.ModelAndView org.springframework.boot.autoconfigure.web.BasicErrorController.errorHtml(javax.servlet.http.HttpServletRequest,javax.servlet.http.HttpServletResponse)
2018-10-18 19:37:36.498 INFO [restartedMain]o.s.web.servlet.handler.SimpleUrlHandlerMapping.registerHandler:362 -Mapped URL path [/webjars/**] onto handler of type [class org.springframework.web.servlet.resource.ResourceHttpRequestHandler]
2018-10-18 19:37:36.498 INFO [restartedMain]o.s.web.servlet.handler.SimpleUrlHandlerMapping.registerHandler:362 -Mapped URL path [/**] onto handler of type [class org.springframework.web.servlet.resource.ResourceHttpRequestHandler]
2018-10-18 19:37:36.530 INFO [restartedMain]o.s.web.servlet.handler.SimpleUrlHandlerMapping.registerHandler:362 -Mapped URL path [/**/favicon.ico] onto handler of type [class org.springframework.web.servlet.resource.ResourceHttpRequestHandler]
2018-10-18 19:37:39.278 INFO [restartedMain]o.s.boot.devtools.autoconfigure.OptionalLiveReloadServer.startServer:58 -LiveReload server is running on port 35729
2018-10-18 19:37:39.322 INFO [restartedMain]o.s.jmx.export.annotation.AnnotationMBeanExporter.afterSingletonsInstantiated:431 -Registering beans for JMX exposure on startup
2018-10-18 19:37:39.338 INFO [restartedMain]o.s.s.annotation.ScheduledAnnotationBeanPostProcessor.finishRegistration:268 -No TaskScheduler/ScheduledExecutorService bean found for scheduled processing
2018-10-18 19:37:39.343 INFO [restartedMain]org.apache.coyote.http11.Http11NioProtocol.log:180 -Starting ProtocolHandler ["http-nio-8088"]
2018-10-18 19:37:39.368 INFO [restartedMain]org.apache.tomcat.util.net.NioSelectorPool.log:180 -Using a shared selector for servlet write/read
2018-10-18 19:37:39.378 INFO [restartedMain]o.s.b.c.embedded.tomcat.TomcatEmbeddedServletContainer.start:216 -Tomcat started on port(s): 8088 (http)
2018-10-18 19:37:39.383 INFO [restartedMain]com.mhc.bi.TheAdvisorApplication.logStarted:57 -Started TheAdvisorApplication in 7.747 seconds (JVM running for 8.501)
2018-10-18 19:37:49.000 INFO [http-nio-8088-exec-1]o.a.catalina.core.ContainerBase.[Tomcat].[localhost].[/].log:180 -Initializing Spring FrameworkServlet 'dispatcherServlet'
2018-10-18 19:37:49.000 INFO [http-nio-8088-exec-1]org.springframework.web.servlet.DispatcherServlet.initServletBean:489 -FrameworkServlet 'dispatcherServlet': initialization started
2018-10-18 19:37:49.017 INFO [http-nio-8088-exec-1]org.springframework.web.servlet.DispatcherServlet.initServletBean:508 -FrameworkServlet 'dispatcherServlet': initialization completed in 17 ms
2018-10-18 19:37:49.035 INFO [http-nio-8088-exec-1]c.m.f.s.session.interceptor.AcuraIdentityInterceptor.preHandle:103 -用户未登陆
2018-10-18 19:37:49.965 INFO [http-nio-8088-exec-3]org.thymeleaf.TemplateEngine.initialize:825 -[THYMELEAF] INITIALIZING TEMPLATE ENGINE
2018-10-18 19:37:49.999 INFO [http-nio-8088-exec-3]org.thymeleaf.templateresolver.AbstractTemplateResolver.initialize:99 -[THYMELEAF] INITIALIZING TEMPLATE RESOLVER: org.thymeleaf.spring4.templateresolver.SpringResourceTemplateResolver
2018-10-18 19:37:49.999 INFO [http-nio-8088-exec-3]org.thymeleaf.templateresolver.AbstractTemplateResolver.initialize:110 -[THYMELEAF] TEMPLATE RESOLVER INITIALIZED OK
2018-10-18 19:37:50.000 INFO [http-nio-8088-exec-3]org.thymeleaf.messageresolver.AbstractMessageResolver.initialize:72 -[THYMELEAF] INITIALIZING MESSAGE RESOLVER: org.thymeleaf.spring4.messageresolver.SpringMessageResolver
2018-10-18 19:37:50.000 INFO [http-nio-8088-exec-3]org.thymeleaf.messageresolver.AbstractMessageResolver.initialize:78 -[THYMELEAF] MESSAGE RESOLVER INITIALIZED OK
2018-10-18 19:37:50.002 INFO [http-nio-8088-exec-3]org.thymeleaf.TemplateEngine.CONFIG.printConfiguration:123 -[THYMELEAF] TEMPLATE ENGINE CONFIGURATION:
[THYMELEAF] * Cache Factory implementation: org.thymeleaf.cache.StandardCacheManager
[THYMELEAF] * Template modes:
[THYMELEAF]     * VALIDXML
[THYMELEAF]     * VALIDXHTML
[THYMELEAF]     * LEGACYHTML5
[THYMELEAF]     * XHTML
[THYMELEAF]     * HTML5
[THYMELEAF]     * XML
[THYMELEAF] * Template resolvers (in order):
[THYMELEAF]     * org.thymeleaf.spring4.templateresolver.SpringResourceTemplateResolver
[THYMELEAF] * Message resolvers (in order):
[THYMELEAF]     * org.thymeleaf.spring4.messageresolver.SpringMessageResolver
[THYMELEAF] * Dialect [1 of 2]: org.thymeleaf.spring4.dialect.SpringStandardDialect
[THYMELEAF]     * Prefix: "th"
[THYMELEAF] * Dialect [2 of 2]: nz.net.ultraq.thymeleaf.LayoutDialect
[THYMELEAF]     * Prefix: "layout"
[THYMELEAF] TEMPLATE ENGINE CONFIGURED OK
2018-10-18 19:37:50.003 INFO [http-nio-8088-exec-3]org.thymeleaf.TemplateEngine.initialize:838 -[THYMELEAF] TEMPLATE ENGINE INITIALIZED
