2018-10-17 18:23:40.516 INFO [restartedMain]com.mhc.bi.TheAdvisorApplication.log:87 -Starting TheAdvisorApplication on userdeMacBook-Pro-3.local with PID 47637 (started by user in /Users/user/工作-周日/mhc/BeProject/ghost)
2018-10-17 18:23:40.521 INFO [restartedMain]com.mhc.bi.TheAdvisorApplication.log:87 -No active profile set, falling back to default profiles: default
2018-10-17 18:23:40.740 INFO [restartedMain]o.s.b.w.s.c.AnnotationConfigServletWebServerApplicationContext.log:87 -Refreshing org.springframework.boot.web.servlet.context.AnnotationConfigServletWebServerApplicationContext@116b323d: startup date [Wed Oct 17 18:23:40 CST 2018]; root of context hierarchy
2018-10-17 18:23:42.239 WARN [restartedMain]org.mybatis.spring.mapper.ClassPathMapperScanner.log:87 -Skipping MapperFactoryBean with name 'desktopDocument2Mapper' and 'com.mhc.bi.mapper.hue.DesktopDocument2Mapper' mapperInterface. Bean already defined with the same name!
2018-10-17 18:23:42.240 WARN [restartedMain]org.mybatis.spring.mapper.ClassPathMapperScanner.log:87 -Skipping MapperFactoryBean with name 'executeInstanceMapper' and 'com.mhc.bi.mapper.theadvisor.ExecuteInstanceMapper' mapperInterface. Bean already defined with the same name!
2018-10-17 18:23:42.240 WARN [restartedMain]org.mybatis.spring.mapper.ClassPathMapperScanner.log:87 -Skipping MapperFactoryBean with name 'hueShellMapper' and 'com.mhc.bi.mapper.theadvisor.HueShellMapper' mapperInterface. Bean already defined with the same name!
2018-10-17 18:23:42.240 WARN [restartedMain]org.mybatis.spring.mapper.ClassPathMapperScanner.log:87 -Skipping MapperFactoryBean with name 'jobPlanMapper' and 'com.mhc.bi.mapper.theadvisor.JobPlanMapper' mapperInterface. Bean already defined with the same name!
2018-10-17 18:23:42.240 WARN [restartedMain]org.mybatis.spring.mapper.ClassPathMapperScanner.log:87 -Skipping MapperFactoryBean with name 'shellContentMapper' and 'com.mhc.bi.mapper.theadvisor.ShellContentMapper' mapperInterface. Bean already defined with the same name!
2018-10-17 18:23:42.241 WARN [restartedMain]org.mybatis.spring.mapper.ClassPathMapperScanner.log:87 -Skipping MapperFactoryBean with name 'taskInstanceMapper' and 'com.mhc.bi.mapper.theadvisor.TaskInstanceMapper' mapperInterface. Bean already defined with the same name!
2018-10-17 18:23:42.241 WARN [restartedMain]org.mybatis.spring.mapper.ClassPathMapperScanner.log:87 -No MyBatis mapper was found in '[com.mhc.bi.mapper]' package. Please check your configuration.
2018-10-17 18:23:42.560 INFO [restartedMain]o.s.d.repository.config.RepositoryConfigurationDelegate.multipleStoresDetected:172 -Multiple Spring Data modules found, entering strict repository configuration mode!
2018-10-17 18:23:43.861 INFO [restartedMain]o.s.boot.web.embedded.tomcat.TomcatWebServer.log:87 -Tomcat initialized with port(s): 8088 (http)
2018-10-17 18:23:43.881 INFO [restartedMain]org.apache.coyote.http11.Http11NioProtocol.log:180 -Initializing ProtocolHandler ["http-nio-8088"]
2018-10-17 18:23:43.894 INFO [restartedMain]org.apache.catalina.core.StandardService.log:180 -Starting service [Tomcat]
2018-10-17 18:23:43.894 INFO [restartedMain]org.apache.catalina.core.StandardEngine.log:180 -Starting Servlet Engine: Apache Tomcat/8.5.34
2018-10-17 18:23:43.899 INFO [localhost-startStop-1]org.apache.catalina.core.AprLifecycleListener.log:180 -The APR based Apache Tomcat Native library which allows optimal performance in production environments was not found on the java.library.path: [/Users/user/Library/Java/Extensions:/Library/Java/Extensions:/Network/Library/Java/Extensions:/System/Library/Java/Extensions:/usr/lib/java:.]
2018-10-17 18:23:43.986 INFO [localhost-startStop-1]o.a.catalina.core.ContainerBase.[Tomcat].[localhost].[/].log:180 -Initializing Spring embedded WebApplicationContext
2018-10-17 18:23:43.986 INFO [localhost-startStop-1]org.springframework.web.context.ContextLoader.log:87 -Root WebApplicationContext: initialization completed in 3247 ms
2018-10-17 18:23:44.625 INFO [localhost-startStop-1]o.s.boot.web.servlet.ServletRegistrationBean.log:87 -Servlet dispatcherServlet mapped to [/]
2018-10-17 18:23:44.631 INFO [localhost-startStop-1]o.s.boot.web.servlet.FilterRegistrationBean.log:87 -Mapping filter: 'characterEncodingFilter' to: [/*]
2018-10-17 18:23:44.631 INFO [localhost-startStop-1]o.s.boot.web.servlet.FilterRegistrationBean.log:87 -Mapping filter: 'hiddenHttpMethodFilter' to: [/*]
2018-10-17 18:23:44.631 INFO [localhost-startStop-1]o.s.boot.web.servlet.FilterRegistrationBean.log:87 -Mapping filter: 'acuraFilter' to: [/*]
2018-10-17 18:23:44.631 INFO [localhost-startStop-1]o.s.boot.web.servlet.FilterRegistrationBean.log:87 -Mapping filter: 'httpPutFormContentFilter' to: [/*]
2018-10-17 18:23:44.632 INFO [localhost-startStop-1]o.s.boot.web.servlet.FilterRegistrationBean.log:87 -Mapping filter: 'requestContextFilter' to: [/*]
2018-10-17 18:23:44.632 INFO [localhost-startStop-1]o.s.boot.web.servlet.FilterRegistrationBean.log:87 -Mapping filter: 'resourceUrlEncodingFilter' to: [/*]
2018-10-17 18:23:44.654 INFO [localhost-startStop-1]com.mhc.framework.support.auth.filter.AcuraFilter.init:74 -------AcuraFilter init----
2018-10-17 18:23:45.204 INFO [restartedMain]o.s.web.servlet.handler.SimpleUrlHandlerMapping.log:87 -Mapped URL path [/**/favicon.ico] onto handler of type [class org.springframework.web.servlet.resource.ResourceHttpRequestHandler]
2018-10-17 18:23:45.643 INFO [restartedMain]o.s.w.s.m.method.annotation.RequestMappingHandlerAdapter.log:87 -Looking for @ControllerAdvice: org.springframework.boot.web.servlet.context.AnnotationConfigServletWebServerApplicationContext@116b323d: startup date [Wed Oct 17 18:23:40 CST 2018]; root of context hierarchy
2018-10-17 18:23:45.828 INFO [restartedMain]o.s.w.s.m.method.annotation.RequestMappingHandlerMapping.log:87 -Mapped "{[/hueshell/submit],methods=[GET]}" onto public java.lang.String com.mhc.bi.controller.HueShellController.export(java.lang.String)
2018-10-17 18:23:45.829 INFO [restartedMain]o.s.w.s.m.method.annotation.RequestMappingHandlerMapping.log:87 -Mapped "{[/hueshell/select],methods=[GET]}" onto public java.lang.Object com.mhc.bi.controller.HueShellController.select()
2018-10-17 18:23:45.829 INFO [restartedMain]o.s.w.s.m.method.annotation.RequestMappingHandlerMapping.log:87 -Mapped "{[/hueshell/selecttest],methods=[GET]}" onto public java.lang.Object com.mhc.bi.controller.HueShellController.selectAllTest(java.lang.String)
2018-10-17 18:23:45.830 INFO [restartedMain]o.s.w.s.m.method.annotation.RequestMappingHandlerMapping.log:87 -Mapped "{[/jobplan/delete],methods=[GET]}" onto public java.lang.Object com.mhc.bi.controller.JobPlanController.delete()
2018-10-17 18:23:45.831 INFO [restartedMain]o.s.w.s.m.method.annotation.RequestMappingHandlerMapping.log:87 -Mapped "{[/jobplan/insert],methods=[GET]}" onto public java.lang.Object com.mhc.bi.controller.JobPlanController.insertShellContent()
2018-10-17 18:23:45.831 INFO [restartedMain]o.s.w.s.m.method.annotation.RequestMappingHandlerMapping.log:87 -Mapped "{[/jobplan/selectall],methods=[GET]}" onto public java.lang.Object com.mhc.bi.controller.JobPlanController.selectAllFromJobPlan()
2018-10-17 18:23:45.838 INFO [restartedMain]o.s.w.s.m.method.annotation.RequestMappingHandlerMapping.log:87 -Mapped "{[/jobplan/update],methods=[GET]}" onto public java.lang.Object com.mhc.bi.controller.JobPlanController.updateShellContent()
2018-10-17 18:23:45.840 INFO [restartedMain]o.s.w.s.m.method.annotation.RequestMappingHandlerMapping.log:87 -Mapped "{[/]}" onto public java.lang.String com.mhc.bi.controller.LoginController.start()
2018-10-17 18:23:45.841 INFO [restartedMain]o.s.w.s.m.method.annotation.RequestMappingHandlerMapping.log:87 -Mapped "{[/getUser]}" onto public java.lang.Object com.mhc.bi.controller.LoginController.getUser()
2018-10-17 18:23:45.841 INFO [restartedMain]o.s.w.s.m.method.annotation.RequestMappingHandlerMapping.log:87 -Mapped "{[/center]}" onto public java.lang.String com.mhc.bi.controller.LoginController.center()
2018-10-17 18:23:45.843 INFO [restartedMain]o.s.w.s.m.method.annotation.RequestMappingHandlerMapping.log:87 -Mapped "{[/shellcontent/delete],methods=[GET]}" onto public java.lang.Object com.mhc.bi.controller.ShellContentController.delete()
2018-10-17 18:23:45.844 INFO [restartedMain]o.s.w.s.m.method.annotation.RequestMappingHandlerMapping.log:87 -Mapped "{[/shellcontent/insert],methods=[GET]}" onto public java.lang.Object com.mhc.bi.controller.ShellContentController.insertShellContent()
2018-10-17 18:23:45.845 INFO [restartedMain]o.s.w.s.m.method.annotation.RequestMappingHandlerMapping.log:87 -Mapped "{[/shellcontent/update],methods=[GET]}" onto public java.lang.Object com.mhc.bi.controller.ShellContentController.updateShellContent()
2018-10-17 18:23:45.847 INFO [restartedMain]o.s.w.s.m.method.annotation.RequestMappingHandlerMapping.log:87 -Mapped "{[/shellcontent/selectall],methods=[GET]}" onto public java.lang.Object com.mhc.bi.controller.ShellContentController.selectAllFromShellContent()
2018-10-17 18:23:45.848 INFO [restartedMain]o.s.w.s.m.method.annotation.RequestMappingHandlerMapping.log:87 -Mapped "{[/shellcontent/selectbyname],methods=[GET]}" onto public java.lang.Object com.mhc.bi.controller.ShellContentController.selectstartnode(java.lang.String)
2018-10-17 18:23:45.875 INFO [restartedMain]o.s.w.s.m.method.annotation.RequestMappingHandlerMapping.log:87 -Mapped "{[/taskinstance/delete],methods=[GET]}" onto public java.lang.Object com.mhc.bi.controller.TaskInstanceController.delete()
2018-10-17 18:23:45.876 INFO [restartedMain]o.s.w.s.m.method.annotation.RequestMappingHandlerMapping.log:87 -Mapped "{[/taskinstance/start1],methods=[GET]}" onto public java.lang.Object com.mhc.bi.controller.TaskInstanceController.start()
2018-10-17 18:23:45.876 INFO [restartedMain]o.s.w.s.m.method.annotation.RequestMappingHandlerMapping.log:87 -Mapped "{[/taskinstance/updatestatus],methods=[GET]}" onto public java.lang.Object com.mhc.bi.controller.TaskInstanceController.start2()
2018-10-17 18:23:45.876 INFO [restartedMain]o.s.w.s.m.method.annotation.RequestMappingHandlerMapping.log:87 -Mapped "{[/taskinstance/update],methods=[GET]}" onto public java.lang.Object com.mhc.bi.controller.TaskInstanceController.updateShellContent()
2018-10-17 18:23:45.877 INFO [restartedMain]o.s.w.s.m.method.annotation.RequestMappingHandlerMapping.log:87 -Mapped "{[/taskinstance/insert],methods=[GET]}" onto public java.lang.Object com.mhc.bi.controller.TaskInstanceController.insertTaskInstance()
2018-10-17 18:23:45.877 INFO [restartedMain]o.s.w.s.m.method.annotation.RequestMappingHandlerMapping.log:87 -Mapped "{[/taskinstance/createTaskInstance],methods=[GET]}" onto public void com.mhc.bi.controller.TaskInstanceController.createTaskInstance()
2018-10-17 18:23:45.879 INFO [restartedMain]o.s.w.s.m.method.annotation.RequestMappingHandlerMapping.log:87 -Mapped "{[/loginValidate],methods=[GET]}" onto public java.lang.Object com.mhc.bi.controller.TestController.loginOut()
2018-10-17 18:23:45.879 INFO [restartedMain]o.s.w.s.m.method.annotation.RequestMappingHandlerMapping.log:87 -Mapped "{[/test1],methods=[GET]}" onto public java.lang.Object com.mhc.bi.controller.TestController.tset1()
2018-10-17 18:23:45.880 INFO [restartedMain]o.s.w.s.m.method.annotation.RequestMappingHandlerMapping.log:87 -Mapped "{[/hello],methods=[GET]}" onto public int com.mhc.bi.controller.TestController.hello()
2018-10-17 18:23:45.880 INFO [restartedMain]o.s.w.s.m.method.annotation.RequestMappingHandlerMapping.log:87 -Mapped "{[/desktopdocument2],methods=[GET]}" onto public com.mhc.bi.domain.hue.DesktopDocument2 com.mhc.bi.controller.TestController.getDesktopDocument2(java.lang.String)
2018-10-17 18:23:45.880 INFO [restartedMain]o.s.w.s.m.method.annotation.RequestMappingHandlerMapping.log:87 -Mapped "{[/dingding],methods=[GET]}" onto public void com.mhc.bi.controller.TestController.sendDingDingMsg(java.lang.String)
2018-10-17 18:23:45.884 INFO [restartedMain]o.s.w.s.m.method.annotation.RequestMappingHandlerMapping.log:87 -Mapped "{[/error]}" onto public org.springframework.http.ResponseEntity<java.util.Map<java.lang.String, java.lang.Object>> org.springframework.boot.autoconfigure.web.servlet.error.BasicErrorController.error(javax.servlet.http.HttpServletRequest)
2018-10-17 18:23:45.885 INFO [restartedMain]o.s.w.s.m.method.annotation.RequestMappingHandlerMapping.log:87 -Mapped "{[/error],produces=[text/html]}" onto public org.springframework.web.servlet.ModelAndView org.springframework.boot.autoconfigure.web.servlet.error.BasicErrorController.errorHtml(javax.servlet.http.HttpServletRequest,javax.servlet.http.HttpServletResponse)
2018-10-17 18:23:46.068 INFO [restartedMain]o.s.web.servlet.handler.SimpleUrlHandlerMapping.log:87 -Mapped URL path [/webjars/**] onto handler of type [class org.springframework.web.servlet.resource.ResourceHttpRequestHandler]
2018-10-17 18:23:46.069 INFO [restartedMain]o.s.web.servlet.handler.SimpleUrlHandlerMapping.log:87 -Mapped URL path [/**] onto handler of type [class org.springframework.web.servlet.resource.ResourceHttpRequestHandler]
2018-10-17 18:23:46.354 WARN [restartedMain]org.thymeleaf.templatemode.TemplateMode.parse:150 -[THYMELEAF][restartedMain] Template Mode 'HTML5' is deprecated. Using Template Mode 'HTML' instead.
2018-10-17 18:23:46.436 INFO [restartedMain]o.s.b.a.web.servlet.WelcomePageHandlerMapping.log:87 -Adding welcome page: class path resource [static/index.html]
2018-10-17 18:23:49.092 INFO [restartedMain]o.s.boot.devtools.autoconfigure.OptionalLiveReloadServer.log:87 -LiveReload server is running on port 35729
2018-10-17 18:23:49.127 INFO [restartedMain]o.s.jmx.export.annotation.AnnotationMBeanExporter.log:87 -Registering beans for JMX exposure on startup
2018-10-17 18:23:49.128 INFO [restartedMain]o.s.jmx.export.annotation.AnnotationMBeanExporter.log:87 -Bean with name 'first' has been autodetected for JMX exposure
2018-10-17 18:23:49.128 INFO [restartedMain]o.s.jmx.export.annotation.AnnotationMBeanExporter.log:87 -Bean with name 'second' has been autodetected for JMX exposure
2018-10-17 18:23:49.135 INFO [restartedMain]o.s.jmx.export.annotation.AnnotationMBeanExporter.log:87 -Located MBean 'first': registering with JMX server as MBean [com.zaxxer.hikari:name=first,type=HikariDataSource]
2018-10-17 18:23:49.136 INFO [restartedMain]o.s.jmx.export.annotation.AnnotationMBeanExporter.log:87 -Located MBean 'second': registering with JMX server as MBean [com.zaxxer.hikari:name=second,type=HikariDataSource]
2018-10-17 18:23:49.148 INFO [restartedMain]o.s.s.annotation.ScheduledAnnotationBeanPostProcessor.log:87 -No TaskScheduler/ScheduledExecutorService bean found for scheduled processing
2018-10-17 18:23:49.158 INFO [restartedMain]org.apache.coyote.http11.Http11NioProtocol.log:180 -Starting ProtocolHandler ["http-nio-8088"]
2018-10-17 18:23:49.177 INFO [restartedMain]org.apache.tomcat.util.net.NioSelectorPool.log:180 -Using a shared selector for servlet write/read
2018-10-17 18:23:49.193 INFO [restartedMain]o.s.boot.web.embedded.tomcat.TomcatWebServer.log:87 -Tomcat started on port(s): 8088 (http) with context path ''
2018-10-17 18:23:49.198 INFO [restartedMain]com.mhc.bi.TheAdvisorApplication.log:87 -Started TheAdvisorApplication in 10.121 seconds (JVM running for 11.748)
2018-10-17 18:24:32.039 INFO [http-nio-8088-exec-1]o.a.catalina.core.ContainerBase.[Tomcat].[localhost].[/].log:180 -Initializing Spring FrameworkServlet 'dispatcherServlet'
2018-10-17 18:24:32.040 INFO [http-nio-8088-exec-1]org.springframework.web.servlet.DispatcherServlet.log:87 -FrameworkServlet 'dispatcherServlet': initialization started
2018-10-17 18:24:32.062 INFO [http-nio-8088-exec-1]org.springframework.web.servlet.DispatcherServlet.log:87 -FrameworkServlet 'dispatcherServlet': initialization completed in 22 ms
2018-10-17 18:24:32.086 INFO [http-nio-8088-exec-1]c.m.f.s.session.interceptor.AcuraIdentityInterceptor.preHandle:103 -用户未登陆
2018-10-17 18:24:35.170 INFO [http-nio-8088-exec-2]io.lettuce.core.EpollProvider.info:101 -Starting without optional epoll library
2018-10-17 18:24:35.172 INFO [http-nio-8088-exec-2]io.lettuce.core.KqueueProvider.info:101 -Starting without optional kqueue library
2018-10-17 18:24:57.600 INFO [http-nio-8088-exec-6]c.m.f.s.session.interceptor.AcuraIdentityInterceptor.preHandle:103 -用户未登陆
2018-10-17 18:28:36.219 INFO [localhost-startStop-2]com.mhc.framework.support.auth.filter.AcuraFilter.destroy:167 ------AcuraFilter destroy----
2018-10-17 18:28:40.512 INFO [restartedMain]com.mhc.bi.TheAdvisorApplication.log:87 -Starting TheAdvisorApplication on userdeMacBook-Pro-3.local with PID 47834 (started by user in /Users/user/工作-周日/mhc/BeProject/ghost)
2018-10-17 18:28:40.517 INFO [restartedMain]com.mhc.bi.TheAdvisorApplication.log:87 -No active profile set, falling back to default profiles: default
2018-10-17 18:28:40.670 INFO [restartedMain]o.s.b.w.s.c.AnnotationConfigServletWebServerApplicationContext.log:87 -Refreshing org.springframework.boot.web.servlet.context.AnnotationConfigServletWebServerApplicationContext@732f0d00: startup date [Wed Oct 17 18:28:40 CST 2018]; root of context hierarchy
2018-10-17 18:28:41.774 WARN [restartedMain]org.mybatis.spring.mapper.ClassPathMapperScanner.log:87 -Skipping MapperFactoryBean with name 'desktopDocument2Mapper' and 'com.mhc.bi.mapper.hue.DesktopDocument2Mapper' mapperInterface. Bean already defined with the same name!
2018-10-17 18:28:41.775 WARN [restartedMain]org.mybatis.spring.mapper.ClassPathMapperScanner.log:87 -Skipping MapperFactoryBean with name 'executeInstanceMapper' and 'com.mhc.bi.mapper.theadvisor.ExecuteInstanceMapper' mapperInterface. Bean already defined with the same name!
2018-10-17 18:28:41.775 WARN [restartedMain]org.mybatis.spring.mapper.ClassPathMapperScanner.log:87 -Skipping MapperFactoryBean with name 'hueShellMapper' and 'com.mhc.bi.mapper.theadvisor.HueShellMapper' mapperInterface. Bean already defined with the same name!
2018-10-17 18:28:41.775 WARN [restartedMain]org.mybatis.spring.mapper.ClassPathMapperScanner.log:87 -Skipping MapperFactoryBean with name 'jobPlanMapper' and 'com.mhc.bi.mapper.theadvisor.JobPlanMapper' mapperInterface. Bean already defined with the same name!
2018-10-17 18:28:41.775 WARN [restartedMain]org.mybatis.spring.mapper.ClassPathMapperScanner.log:87 -Skipping MapperFactoryBean with name 'shellContentMapper' and 'com.mhc.bi.mapper.theadvisor.ShellContentMapper' mapperInterface. Bean already defined with the same name!
2018-10-17 18:28:41.776 WARN [restartedMain]org.mybatis.spring.mapper.ClassPathMapperScanner.log:87 -Skipping MapperFactoryBean with name 'taskInstanceMapper' and 'com.mhc.bi.mapper.theadvisor.TaskInstanceMapper' mapperInterface. Bean already defined with the same name!
2018-10-17 18:28:41.776 WARN [restartedMain]org.mybatis.spring.mapper.ClassPathMapperScanner.log:87 -No MyBatis mapper was found in '[com.mhc.bi.mapper]' package. Please check your configuration.
2018-10-17 18:28:42.077 INFO [restartedMain]o.s.d.repository.config.RepositoryConfigurationDelegate.multipleStoresDetected:172 -Multiple Spring Data modules found, entering strict repository configuration mode!
2018-10-17 18:28:43.409 INFO [restartedMain]o.s.boot.web.embedded.tomcat.TomcatWebServer.log:87 -Tomcat initialized with port(s): 8088 (http)
2018-10-17 18:28:43.422 INFO [restartedMain]org.apache.coyote.http11.Http11NioProtocol.log:180 -Initializing ProtocolHandler ["http-nio-8088"]
2018-10-17 18:28:43.433 INFO [restartedMain]org.apache.catalina.core.StandardService.log:180 -Starting service [Tomcat]
2018-10-17 18:28:43.433 INFO [restartedMain]org.apache.catalina.core.StandardEngine.log:180 -Starting Servlet Engine: Apache Tomcat/8.5.34
2018-10-17 18:28:43.437 INFO [localhost-startStop-1]org.apache.catalina.core.AprLifecycleListener.log:180 -The APR based Apache Tomcat Native library which allows optimal performance in production environments was not found on the java.library.path: [/Users/user/Library/Java/Extensions:/Library/Java/Extensions:/Network/Library/Java/Extensions:/System/Library/Java/Extensions:/usr/lib/java:.]
2018-10-17 18:28:43.511 INFO [localhost-startStop-1]o.a.catalina.core.ContainerBase.[Tomcat].[localhost].[/].log:180 -Initializing Spring embedded WebApplicationContext
2018-10-17 18:28:43.511 INFO [localhost-startStop-1]org.springframework.web.context.ContextLoader.log:87 -Root WebApplicationContext: initialization completed in 2842 ms
2018-10-17 18:28:44.126 INFO [localhost-startStop-1]o.s.boot.web.servlet.ServletRegistrationBean.log:87 -Servlet dispatcherServlet mapped to [/]
2018-10-17 18:28:44.130 INFO [localhost-startStop-1]o.s.boot.web.servlet.FilterRegistrationBean.log:87 -Mapping filter: 'characterEncodingFilter' to: [/*]
2018-10-17 18:28:44.131 INFO [localhost-startStop-1]o.s.boot.web.servlet.FilterRegistrationBean.log:87 -Mapping filter: 'hiddenHttpMethodFilter' to: [/*]
2018-10-17 18:28:44.131 INFO [localhost-startStop-1]o.s.boot.web.servlet.FilterRegistrationBean.log:87 -Mapping filter: 'acuraFilter' to: [/*]
2018-10-17 18:28:44.132 INFO [localhost-startStop-1]o.s.boot.web.servlet.FilterRegistrationBean.log:87 -Mapping filter: 'httpPutFormContentFilter' to: [/*]
2018-10-17 18:28:44.132 INFO [localhost-startStop-1]o.s.boot.web.servlet.FilterRegistrationBean.log:87 -Mapping filter: 'requestContextFilter' to: [/*]
2018-10-17 18:28:44.132 INFO [localhost-startStop-1]o.s.boot.web.servlet.FilterRegistrationBean.log:87 -Mapping filter: 'resourceUrlEncodingFilter' to: [/*]
2018-10-17 18:28:44.148 INFO [localhost-startStop-1]com.mhc.framework.support.auth.filter.AcuraFilter.init:74 -------AcuraFilter init----
2018-10-17 18:28:45.054 INFO [restartedMain]o.s.web.servlet.handler.SimpleUrlHandlerMapping.log:87 -Mapped URL path [/**/favicon.ico] onto handler of type [class org.springframework.web.servlet.resource.ResourceHttpRequestHandler]
2018-10-17 18:28:45.430 INFO [restartedMain]o.s.w.s.m.method.annotation.RequestMappingHandlerAdapter.log:87 -Looking for @ControllerAdvice: org.springframework.boot.web.servlet.context.AnnotationConfigServletWebServerApplicationContext@732f0d00: startup date [Wed Oct 17 18:28:40 CST 2018]; root of context hierarchy
2018-10-17 18:28:45.510 INFO [restartedMain]o.s.w.s.m.method.annotation.RequestMappingHandlerMapping.log:87 -Mapped "{[/hueshell/select],methods=[GET]}" onto public java.lang.Object com.mhc.bi.controller.HueShellController.select()
2018-10-17 18:28:45.514 INFO [restartedMain]o.s.w.s.m.method.annotation.RequestMappingHandlerMapping.log:87 -Mapped "{[/hueshell/selecttest],methods=[GET]}" onto public java.lang.Object com.mhc.bi.controller.HueShellController.selectAllTest(java.lang.String)
2018-10-17 18:28:45.515 INFO [restartedMain]o.s.w.s.m.method.annotation.RequestMappingHandlerMapping.log:87 -Mapped "{[/hueshell/submit],methods=[GET]}" onto public java.lang.String com.mhc.bi.controller.HueShellController.export(java.lang.String)
2018-10-17 18:28:45.520 INFO [restartedMain]o.s.w.s.m.method.annotation.RequestMappingHandlerMapping.log:87 -Mapped "{[/jobplan/delete],methods=[GET]}" onto public java.lang.Object com.mhc.bi.controller.JobPlanController.delete()
2018-10-17 18:28:45.521 INFO [restartedMain]o.s.w.s.m.method.annotation.RequestMappingHandlerMapping.log:87 -Mapped "{[/jobplan/insert],methods=[GET]}" onto public java.lang.Object com.mhc.bi.controller.JobPlanController.insertShellContent()
2018-10-17 18:28:45.524 INFO [restartedMain]o.s.w.s.m.method.annotation.RequestMappingHandlerMapping.log:87 -Mapped "{[/jobplan/selectall],methods=[GET]}" onto public java.lang.Object com.mhc.bi.controller.JobPlanController.selectAllFromJobPlan()
2018-10-17 18:28:45.525 INFO [restartedMain]o.s.w.s.m.method.annotation.RequestMappingHandlerMapping.log:87 -Mapped "{[/jobplan/update],methods=[GET]}" onto public java.lang.Object com.mhc.bi.controller.JobPlanController.updateShellContent()
2018-10-17 18:28:45.526 INFO [restartedMain]o.s.w.s.m.method.annotation.RequestMappingHandlerMapping.log:87 -Mapped "{[/]}" onto public java.lang.String com.mhc.bi.controller.LoginController.start()
2018-10-17 18:28:45.527 INFO [restartedMain]o.s.w.s.m.method.annotation.RequestMappingHandlerMapping.log:87 -Mapped "{[/getUser]}" onto public java.lang.Object com.mhc.bi.controller.LoginController.getUser()
2018-10-17 18:28:45.528 INFO [restartedMain]o.s.w.s.m.method.annotation.RequestMappingHandlerMapping.log:87 -Mapped "{[/center]}" onto public java.lang.String com.mhc.bi.controller.LoginController.center()
2018-10-17 18:28:45.530 INFO [restartedMain]o.s.w.s.m.method.annotation.RequestMappingHandlerMapping.log:87 -Mapped "{[/shellcontent/delete],methods=[GET]}" onto public java.lang.Object com.mhc.bi.controller.ShellContentController.delete()
2018-10-17 18:28:45.531 INFO [restartedMain]o.s.w.s.m.method.annotation.RequestMappingHandlerMapping.log:87 -Mapped "{[/shellcontent/insert],methods=[GET]}" onto public java.lang.Object com.mhc.bi.controller.ShellContentController.insertShellContent()
2018-10-17 18:28:45.533 INFO [restartedMain]o.s.w.s.m.method.annotation.RequestMappingHandlerMapping.log:87 -Mapped "{[/shellcontent/update],methods=[GET]}" onto public java.lang.Object com.mhc.bi.controller.ShellContentController.updateShellContent()
2018-10-17 18:28:45.534 INFO [restartedMain]o.s.w.s.m.method.annotation.RequestMappingHandlerMapping.log:87 -Mapped "{[/shellcontent/selectall],methods=[GET]}" onto public java.lang.Object com.mhc.bi.controller.ShellContentController.selectAllFromShellContent()
2018-10-17 18:28:45.534 INFO [restartedMain]o.s.w.s.m.method.annotation.RequestMappingHandlerMapping.log:87 -Mapped "{[/shellcontent/selectbyname],methods=[GET]}" onto public java.lang.Object com.mhc.bi.controller.ShellContentController.selectstartnode(java.lang.String)
2018-10-17 18:28:45.542 INFO [restartedMain]o.s.w.s.m.method.annotation.RequestMappingHandlerMapping.log:87 -Mapped "{[/taskinstance/delete],methods=[GET]}" onto public java.lang.Object com.mhc.bi.controller.TaskInstanceController.delete()
2018-10-17 18:28:45.542 INFO [restartedMain]o.s.w.s.m.method.annotation.RequestMappingHandlerMapping.log:87 -Mapped "{[/taskinstance/start1],methods=[GET]}" onto public java.lang.Object com.mhc.bi.controller.TaskInstanceController.start()
2018-10-17 18:28:45.542 INFO [restartedMain]o.s.w.s.m.method.annotation.RequestMappingHandlerMapping.log:87 -Mapped "{[/taskinstance/updatestatus],methods=[GET]}" onto public java.lang.Object com.mhc.bi.controller.TaskInstanceController.start2()
2018-10-17 18:28:45.543 INFO [restartedMain]o.s.w.s.m.method.annotation.RequestMappingHandlerMapping.log:87 -Mapped "{[/taskinstance/update],methods=[GET]}" onto public java.lang.Object com.mhc.bi.controller.TaskInstanceController.updateShellContent()
2018-10-17 18:28:45.543 INFO [restartedMain]o.s.w.s.m.method.annotation.RequestMappingHandlerMapping.log:87 -Mapped "{[/taskinstance/insert],methods=[GET]}" onto public java.lang.Object com.mhc.bi.controller.TaskInstanceController.insertTaskInstance()
2018-10-17 18:28:45.544 INFO [restartedMain]o.s.w.s.m.method.annotation.RequestMappingHandlerMapping.log:87 -Mapped "{[/taskinstance/createTaskInstance],methods=[GET]}" onto public void com.mhc.bi.controller.TaskInstanceController.createTaskInstance()
2018-10-17 18:28:45.545 INFO [restartedMain]o.s.w.s.m.method.annotation.RequestMappingHandlerMapping.log:87 -Mapped "{[/loginValidate],methods=[GET]}" onto public java.lang.Object com.mhc.bi.controller.TestController.loginOut()
2018-10-17 18:28:45.546 INFO [restartedMain]o.s.w.s.m.method.annotation.RequestMappingHandlerMapping.log:87 -Mapped "{[/hello],methods=[GET]}" onto public int com.mhc.bi.controller.TestController.hello()
2018-10-17 18:28:45.547 INFO [restartedMain]o.s.w.s.m.method.annotation.RequestMappingHandlerMapping.log:87 -Mapped "{[/test1],methods=[GET]}" onto public java.lang.Object com.mhc.bi.controller.TestController.tset1()
2018-10-17 18:28:45.552 INFO [restartedMain]o.s.w.s.m.method.annotation.RequestMappingHandlerMapping.log:87 -Mapped "{[/desktopdocument2],methods=[GET]}" onto public com.mhc.bi.domain.hue.DesktopDocument2 com.mhc.bi.controller.TestController.getDesktopDocument2(java.lang.String)
2018-10-17 18:28:45.553 INFO [restartedMain]o.s.w.s.m.method.annotation.RequestMappingHandlerMapping.log:87 -Mapped "{[/dingding],methods=[GET]}" onto public void com.mhc.bi.controller.TestController.sendDingDingMsg(java.lang.String)
2018-10-17 18:28:45.562 INFO [restartedMain]o.s.w.s.m.method.annotation.RequestMappingHandlerMapping.log:87 -Mapped "{[/error]}" onto public org.springframework.http.ResponseEntity<java.util.Map<java.lang.String, java.lang.Object>> org.springframework.boot.autoconfigure.web.servlet.error.BasicErrorController.error(javax.servlet.http.HttpServletRequest)
2018-10-17 18:28:45.563 INFO [restartedMain]o.s.w.s.m.method.annotation.RequestMappingHandlerMapping.log:87 -Mapped "{[/error],produces=[text/html]}" onto public org.springframework.web.servlet.ModelAndView org.springframework.boot.autoconfigure.web.servlet.error.BasicErrorController.errorHtml(javax.servlet.http.HttpServletRequest,javax.servlet.http.HttpServletResponse)
2018-10-17 18:28:45.677 INFO [restartedMain]o.s.web.servlet.handler.SimpleUrlHandlerMapping.log:87 -Mapped URL path [/webjars/**] onto handler of type [class org.springframework.web.servlet.resource.ResourceHttpRequestHandler]
2018-10-17 18:28:45.679 INFO [restartedMain]o.s.web.servlet.handler.SimpleUrlHandlerMapping.log:87 -Mapped URL path [/**] onto handler of type [class org.springframework.web.servlet.resource.ResourceHttpRequestHandler]
2018-10-17 18:28:45.832 WARN [restartedMain]org.thymeleaf.templatemode.TemplateMode.parse:150 -[THYMELEAF][restartedMain] Template Mode 'HTML5' is deprecated. Using Template Mode 'HTML' instead.
2018-10-17 18:28:45.966 INFO [restartedMain]o.s.b.a.web.servlet.WelcomePageHandlerMapping.log:87 -Adding welcome page template: index
2018-10-17 18:28:49.085 INFO [restartedMain]o.s.boot.devtools.autoconfigure.OptionalLiveReloadServer.log:87 -LiveReload server is running on port 35729
2018-10-17 18:28:49.128 INFO [restartedMain]o.s.jmx.export.annotation.AnnotationMBeanExporter.log:87 -Registering beans for JMX exposure on startup
2018-10-17 18:28:49.128 INFO [restartedMain]o.s.jmx.export.annotation.AnnotationMBeanExporter.log:87 -Bean with name 'first' has been autodetected for JMX exposure
2018-10-17 18:28:49.129 INFO [restartedMain]o.s.jmx.export.annotation.AnnotationMBeanExporter.log:87 -Bean with name 'second' has been autodetected for JMX exposure
2018-10-17 18:28:49.135 INFO [restartedMain]o.s.jmx.export.annotation.AnnotationMBeanExporter.log:87 -Located MBean 'first': registering with JMX server as MBean [com.zaxxer.hikari:name=first,type=HikariDataSource]
2018-10-17 18:28:49.137 INFO [restartedMain]o.s.jmx.export.annotation.AnnotationMBeanExporter.log:87 -Located MBean 'second': registering with JMX server as MBean [com.zaxxer.hikari:name=second,type=HikariDataSource]
2018-10-17 18:28:49.147 INFO [restartedMain]o.s.s.annotation.ScheduledAnnotationBeanPostProcessor.log:87 -No TaskScheduler/ScheduledExecutorService bean found for scheduled processing
2018-10-17 18:28:49.154 INFO [restartedMain]org.apache.coyote.http11.Http11NioProtocol.log:180 -Starting ProtocolHandler ["http-nio-8088"]
2018-10-17 18:28:49.171 INFO [restartedMain]org.apache.tomcat.util.net.NioSelectorPool.log:180 -Using a shared selector for servlet write/read
2018-10-17 18:28:49.184 INFO [restartedMain]o.s.boot.web.embedded.tomcat.TomcatWebServer.log:87 -Tomcat started on port(s): 8088 (http) with context path ''
2018-10-17 18:28:49.189 INFO [restartedMain]com.mhc.bi.TheAdvisorApplication.log:87 -Started TheAdvisorApplication in 9.499 seconds (JVM running for 10.803)
2018-10-17 18:28:55.013 INFO [http-nio-8088-exec-1]io.lettuce.core.EpollProvider.info:101 -Starting without optional epoll library
2018-10-17 18:28:55.015 INFO [http-nio-8088-exec-1]io.lettuce.core.KqueueProvider.info:101 -Starting without optional kqueue library
2018-10-17 18:28:55.353 INFO [http-nio-8088-exec-1]c.m.f.s.session.interceptor.AcuraIdentityInterceptor.preHandle:103 -用户未登陆
2018-10-17 18:28:59.678 INFO [localhost-startStop-2]com.mhc.framework.support.auth.filter.AcuraFilter.destroy:167 ------AcuraFilter destroy----
2018-10-17 18:29:03.090 INFO [restartedMain]com.mhc.bi.TheAdvisorApplication.log:87 -Starting TheAdvisorApplication on userdeMacBook-Pro-3.local with PID 47863 (started by user in /Users/user/工作-周日/mhc/BeProject/ghost)
2018-10-17 18:29:03.097 INFO [restartedMain]com.mhc.bi.TheAdvisorApplication.log:87 -No active profile set, falling back to default profiles: default
2018-10-17 18:29:03.204 INFO [restartedMain]o.s.b.w.s.c.AnnotationConfigServletWebServerApplicationContext.log:87 -Refreshing org.springframework.boot.web.servlet.context.AnnotationConfigServletWebServerApplicationContext@4d1eacbf: startup date [Wed Oct 17 18:29:03 CST 2018]; root of context hierarchy
2018-10-17 18:29:04.434 WARN [restartedMain]org.mybatis.spring.mapper.ClassPathMapperScanner.log:87 -Skipping MapperFactoryBean with name 'desktopDocument2Mapper' and 'com.mhc.bi.mapper.hue.DesktopDocument2Mapper' mapperInterface. Bean already defined with the same name!
2018-10-17 18:29:04.434 WARN [restartedMain]org.mybatis.spring.mapper.ClassPathMapperScanner.log:87 -Skipping MapperFactoryBean with name 'executeInstanceMapper' and 'com.mhc.bi.mapper.theadvisor.ExecuteInstanceMapper' mapperInterface. Bean already defined with the same name!
2018-10-17 18:29:04.434 WARN [restartedMain]org.mybatis.spring.mapper.ClassPathMapperScanner.log:87 -Skipping MapperFactoryBean with name 'hueShellMapper' and 'com.mhc.bi.mapper.theadvisor.HueShellMapper' mapperInterface. Bean already defined with the same name!
2018-10-17 18:29:04.434 WARN [restartedMain]org.mybatis.spring.mapper.ClassPathMapperScanner.log:87 -Skipping MapperFactoryBean with name 'jobPlanMapper' and 'com.mhc.bi.mapper.theadvisor.JobPlanMapper' mapperInterface. Bean already defined with the same name!
2018-10-17 18:29:04.435 WARN [restartedMain]org.mybatis.spring.mapper.ClassPathMapperScanner.log:87 -Skipping MapperFactoryBean with name 'shellContentMapper' and 'com.mhc.bi.mapper.theadvisor.ShellContentMapper' mapperInterface. Bean already defined with the same name!
2018-10-17 18:29:04.435 WARN [restartedMain]org.mybatis.spring.mapper.ClassPathMapperScanner.log:87 -Skipping MapperFactoryBean with name 'taskInstanceMapper' and 'com.mhc.bi.mapper.theadvisor.TaskInstanceMapper' mapperInterface. Bean already defined with the same name!
2018-10-17 18:29:04.435 WARN [restartedMain]org.mybatis.spring.mapper.ClassPathMapperScanner.log:87 -No MyBatis mapper was found in '[com.mhc.bi.mapper]' package. Please check your configuration.
2018-10-17 18:29:04.589 INFO [restartedMain]o.s.d.repository.config.RepositoryConfigurationDelegate.multipleStoresDetected:172 -Multiple Spring Data modules found, entering strict repository configuration mode!
2018-10-17 18:29:05.705 INFO [restartedMain]o.s.boot.web.embedded.tomcat.TomcatWebServer.log:87 -Tomcat initialized with port(s): 8088 (http)
2018-10-17 18:29:05.719 INFO [restartedMain]org.apache.coyote.http11.Http11NioProtocol.log:180 -Initializing ProtocolHandler ["http-nio-8088"]
2018-10-17 18:29:05.729 INFO [restartedMain]org.apache.catalina.core.StandardService.log:180 -Starting service [Tomcat]
2018-10-17 18:29:05.729 INFO [restartedMain]org.apache.catalina.core.StandardEngine.log:180 -Starting Servlet Engine: Apache Tomcat/8.5.34
2018-10-17 18:29:05.734 INFO [localhost-startStop-1]org.apache.catalina.core.AprLifecycleListener.log:180 -The APR based Apache Tomcat Native library which allows optimal performance in production environments was not found on the java.library.path: [/Users/user/Library/Java/Extensions:/Library/Java/Extensions:/Network/Library/Java/Extensions:/System/Library/Java/Extensions:/usr/lib/java:.]
2018-10-17 18:29:05.815 INFO [localhost-startStop-1]o.a.catalina.core.ContainerBase.[Tomcat].[localhost].[/].log:180 -Initializing Spring embedded WebApplicationContext
2018-10-17 18:29:05.815 INFO [localhost-startStop-1]org.springframework.web.context.ContextLoader.log:87 -Root WebApplicationContext: initialization completed in 2611 ms
2018-10-17 18:29:06.338 INFO [localhost-startStop-1]o.s.boot.web.servlet.ServletRegistrationBean.log:87 -Servlet dispatcherServlet mapped to [/]
2018-10-17 18:29:06.342 INFO [localhost-startStop-1]o.s.boot.web.servlet.FilterRegistrationBean.log:87 -Mapping filter: 'characterEncodingFilter' to: [/*]
2018-10-17 18:29:06.342 INFO [localhost-startStop-1]o.s.boot.web.servlet.FilterRegistrationBean.log:87 -Mapping filter: 'hiddenHttpMethodFilter' to: [/*]
2018-10-17 18:29:06.343 INFO [localhost-startStop-1]o.s.boot.web.servlet.FilterRegistrationBean.log:87 -Mapping filter: 'acuraFilter' to: [/*]
2018-10-17 18:29:06.343 INFO [localhost-startStop-1]o.s.boot.web.servlet.FilterRegistrationBean.log:87 -Mapping filter: 'httpPutFormContentFilter' to: [/*]
2018-10-17 18:29:06.343 INFO [localhost-startStop-1]o.s.boot.web.servlet.FilterRegistrationBean.log:87 -Mapping filter: 'requestContextFilter' to: [/*]
2018-10-17 18:29:06.343 INFO [localhost-startStop-1]o.s.boot.web.servlet.FilterRegistrationBean.log:87 -Mapping filter: 'resourceUrlEncodingFilter' to: [/*]
2018-10-17 18:29:06.363 INFO [localhost-startStop-1]com.mhc.framework.support.auth.filter.AcuraFilter.init:74 -------AcuraFilter init----
2018-10-17 18:29:06.840 INFO [restartedMain]o.s.web.servlet.handler.SimpleUrlHandlerMapping.log:87 -Mapped URL path [/**/favicon.ico] onto handler of type [class org.springframework.web.servlet.resource.ResourceHttpRequestHandler]
2018-10-17 18:29:07.142 INFO [restartedMain]o.s.w.s.m.method.annotation.RequestMappingHandlerAdapter.log:87 -Looking for @ControllerAdvice: org.springframework.boot.web.servlet.context.AnnotationConfigServletWebServerApplicationContext@4d1eacbf: startup date [Wed Oct 17 18:29:03 CST 2018]; root of context hierarchy
2018-10-17 18:29:07.232 INFO [restartedMain]o.s.w.s.m.method.annotation.RequestMappingHandlerMapping.log:87 -Mapped "{[/hueshell/submit],methods=[GET]}" onto public java.lang.String com.mhc.bi.controller.HueShellController.export(java.lang.String)
2018-10-17 18:29:07.233 INFO [restartedMain]o.s.w.s.m.method.annotation.RequestMappingHandlerMapping.log:87 -Mapped "{[/hueshell/select],methods=[GET]}" onto public java.lang.Object com.mhc.bi.controller.HueShellController.select()
2018-10-17 18:29:07.234 INFO [restartedMain]o.s.w.s.m.method.annotation.RequestMappingHandlerMapping.log:87 -Mapped "{[/hueshell/selecttest],methods=[GET]}" onto public java.lang.Object com.mhc.bi.controller.HueShellController.selectAllTest(java.lang.String)
2018-10-17 18:29:07.236 INFO [restartedMain]o.s.w.s.m.method.annotation.RequestMappingHandlerMapping.log:87 -Mapped "{[/jobplan/delete],methods=[GET]}" onto public java.lang.Object com.mhc.bi.controller.JobPlanController.delete()
2018-10-17 18:29:07.237 INFO [restartedMain]o.s.w.s.m.method.annotation.RequestMappingHandlerMapping.log:87 -Mapped "{[/jobplan/insert],methods=[GET]}" onto public java.lang.Object com.mhc.bi.controller.JobPlanController.insertShellContent()
2018-10-17 18:29:07.237 INFO [restartedMain]o.s.w.s.m.method.annotation.RequestMappingHandlerMapping.log:87 -Mapped "{[/jobplan/selectall],methods=[GET]}" onto public java.lang.Object com.mhc.bi.controller.JobPlanController.selectAllFromJobPlan()
2018-10-17 18:29:07.238 INFO [restartedMain]o.s.w.s.m.method.annotation.RequestMappingHandlerMapping.log:87 -Mapped "{[/jobplan/update],methods=[GET]}" onto public java.lang.Object com.mhc.bi.controller.JobPlanController.updateShellContent()
2018-10-17 18:29:07.239 INFO [restartedMain]o.s.w.s.m.method.annotation.RequestMappingHandlerMapping.log:87 -Mapped "{[/]}" onto public java.lang.String com.mhc.bi.controller.LoginController.start()
2018-10-17 18:29:07.239 INFO [restartedMain]o.s.w.s.m.method.annotation.RequestMappingHandlerMapping.log:87 -Mapped "{[/getUser]}" onto public java.lang.Object com.mhc.bi.controller.LoginController.getUser()
2018-10-17 18:29:07.240 INFO [restartedMain]o.s.w.s.m.method.annotation.RequestMappingHandlerMapping.log:87 -Mapped "{[/center]}" onto public java.lang.String com.mhc.bi.controller.LoginController.center()
2018-10-17 18:29:07.242 INFO [restartedMain]o.s.w.s.m.method.annotation.RequestMappingHandlerMapping.log:87 -Mapped "{[/shellcontent/delete],methods=[GET]}" onto public java.lang.Object com.mhc.bi.controller.ShellContentController.delete()
2018-10-17 18:29:07.243 INFO [restartedMain]o.s.w.s.m.method.annotation.RequestMappingHandlerMapping.log:87 -Mapped "{[/shellcontent/insert],methods=[GET]}" onto public java.lang.Object com.mhc.bi.controller.ShellContentController.insertShellContent()
2018-10-17 18:29:07.250 INFO [restartedMain]o.s.w.s.m.method.annotation.RequestMappingHandlerMapping.log:87 -Mapped "{[/shellcontent/update],methods=[GET]}" onto public java.lang.Object com.mhc.bi.controller.ShellContentController.updateShellContent()
2018-10-17 18:29:07.254 INFO [restartedMain]o.s.w.s.m.method.annotation.RequestMappingHandlerMapping.log:87 -Mapped "{[/shellcontent/selectall],methods=[GET]}" onto public java.lang.Object com.mhc.bi.controller.ShellContentController.selectAllFromShellContent()
2018-10-17 18:29:07.255 INFO [restartedMain]o.s.w.s.m.method.annotation.RequestMappingHandlerMapping.log:87 -Mapped "{[/shellcontent/selectbyname],methods=[GET]}" onto public java.lang.Object com.mhc.bi.controller.ShellContentController.selectstartnode(java.lang.String)
2018-10-17 18:29:07.278 INFO [restartedMain]o.s.w.s.m.method.annotation.RequestMappingHandlerMapping.log:87 -Mapped "{[/taskinstance/delete],methods=[GET]}" onto public java.lang.Object com.mhc.bi.controller.TaskInstanceController.delete()
2018-10-17 18:29:07.278 INFO [restartedMain]o.s.w.s.m.method.annotation.RequestMappingHandlerMapping.log:87 -Mapped "{[/taskinstance/start1],methods=[GET]}" onto public java.lang.Object com.mhc.bi.controller.TaskInstanceController.start()
2018-10-17 18:29:07.278 INFO [restartedMain]o.s.w.s.m.method.annotation.RequestMappingHandlerMapping.log:87 -Mapped "{[/taskinstance/updatestatus],methods=[GET]}" onto public java.lang.Object com.mhc.bi.controller.TaskInstanceController.start2()
2018-10-17 18:29:07.279 INFO [restartedMain]o.s.w.s.m.method.annotation.RequestMappingHandlerMapping.log:87 -Mapped "{[/taskinstance/update],methods=[GET]}" onto public java.lang.Object com.mhc.bi.controller.TaskInstanceController.updateShellContent()
2018-10-17 18:29:07.280 INFO [restartedMain]o.s.w.s.m.method.annotation.RequestMappingHandlerMapping.log:87 -Mapped "{[/taskinstance/insert],methods=[GET]}" onto public java.lang.Object com.mhc.bi.controller.TaskInstanceController.insertTaskInstance()
2018-10-17 18:29:07.280 INFO [restartedMain]o.s.w.s.m.method.annotation.RequestMappingHandlerMapping.log:87 -Mapped "{[/taskinstance/createTaskInstance],methods=[GET]}" onto public void com.mhc.bi.controller.TaskInstanceController.createTaskInstance()
2018-10-17 18:29:07.283 INFO [restartedMain]o.s.w.s.m.method.annotation.RequestMappingHandlerMapping.log:87 -Mapped "{[/hello],methods=[GET]}" onto public int com.mhc.bi.controller.TestController.hello()
2018-10-17 18:29:07.285 INFO [restartedMain]o.s.w.s.m.method.annotation.RequestMappingHandlerMapping.log:87 -Mapped "{[/loginValidate],methods=[GET]}" onto public java.lang.Object com.mhc.bi.controller.TestController.loginOut()
2018-10-17 18:29:07.286 INFO [restartedMain]o.s.w.s.m.method.annotation.RequestMappingHandlerMapping.log:87 -Mapped "{[/test1],methods=[GET]}" onto public java.lang.Object com.mhc.bi.controller.TestController.tset1()
2018-10-17 18:29:07.287 INFO [restartedMain]o.s.w.s.m.method.annotation.RequestMappingHandlerMapping.log:87 -Mapped "{[/desktopdocument2],methods=[GET]}" onto public com.mhc.bi.domain.hue.DesktopDocument2 com.mhc.bi.controller.TestController.getDesktopDocument2(java.lang.String)
2018-10-17 18:29:07.289 INFO [restartedMain]o.s.w.s.m.method.annotation.RequestMappingHandlerMapping.log:87 -Mapped "{[/dingding],methods=[GET]}" onto public void com.mhc.bi.controller.TestController.sendDingDingMsg(java.lang.String)
2018-10-17 18:29:07.295 INFO [restartedMain]o.s.w.s.m.method.annotation.RequestMappingHandlerMapping.log:87 -Mapped "{[/error]}" onto public org.springframework.http.ResponseEntity<java.util.Map<java.lang.String, java.lang.Object>> org.springframework.boot.autoconfigure.web.servlet.error.BasicErrorController.error(javax.servlet.http.HttpServletRequest)
2018-10-17 18:29:07.296 INFO [restartedMain]o.s.w.s.m.method.annotation.RequestMappingHandlerMapping.log:87 -Mapped "{[/error],produces=[text/html]}" onto public org.springframework.web.servlet.ModelAndView org.springframework.boot.autoconfigure.web.servlet.error.BasicErrorController.errorHtml(javax.servlet.http.HttpServletRequest,javax.servlet.http.HttpServletResponse)
2018-10-17 18:29:07.360 INFO [restartedMain]o.s.web.servlet.handler.SimpleUrlHandlerMapping.log:87 -Mapped URL path [/webjars/**] onto handler of type [class org.springframework.web.servlet.resource.ResourceHttpRequestHandler]
2018-10-17 18:29:07.360 INFO [restartedMain]o.s.web.servlet.handler.SimpleUrlHandlerMapping.log:87 -Mapped URL path [/**] onto handler of type [class org.springframework.web.servlet.resource.ResourceHttpRequestHandler]
2018-10-17 18:29:07.451 WARN [restartedMain]org.thymeleaf.templatemode.TemplateMode.parse:150 -[THYMELEAF][restartedMain] Template Mode 'HTML5' is deprecated. Using Template Mode 'HTML' instead.
2018-10-17 18:29:07.530 INFO [restartedMain]o.s.b.a.web.servlet.WelcomePageHandlerMapping.log:87 -Adding welcome page template: index
2018-10-17 18:29:09.963 INFO [restartedMain]o.s.boot.devtools.autoconfigure.OptionalLiveReloadServer.log:87 -LiveReload server is running on port 35729
2018-10-17 18:29:09.992 INFO [restartedMain]o.s.jmx.export.annotation.AnnotationMBeanExporter.log:87 -Registering beans for JMX exposure on startup
2018-10-17 18:29:09.993 INFO [restartedMain]o.s.jmx.export.annotation.AnnotationMBeanExporter.log:87 -Bean with name 'first' has been autodetected for JMX exposure
2018-10-17 18:29:09.993 INFO [restartedMain]o.s.jmx.export.annotation.AnnotationMBeanExporter.log:87 -Bean with name 'second' has been autodetected for JMX exposure
2018-10-17 18:29:10.000 INFO [restartedMain]o.s.jmx.export.annotation.AnnotationMBeanExporter.log:87 -Located MBean 'first': registering with JMX server as MBean [com.zaxxer.hikari:name=first,type=HikariDataSource]
2018-10-17 18:29:10.001 INFO [restartedMain]o.s.jmx.export.annotation.AnnotationMBeanExporter.log:87 -Located MBean 'second': registering with JMX server as MBean [com.zaxxer.hikari:name=second,type=HikariDataSource]
2018-10-17 18:29:10.011 INFO [restartedMain]o.s.s.annotation.ScheduledAnnotationBeanPostProcessor.log:87 -No TaskScheduler/ScheduledExecutorService bean found for scheduled processing
2018-10-17 18:29:10.018 INFO [restartedMain]org.apache.coyote.http11.Http11NioProtocol.log:180 -Starting ProtocolHandler ["http-nio-8088"]
2018-10-17 18:29:10.036 INFO [restartedMain]org.apache.tomcat.util.net.NioSelectorPool.log:180 -Using a shared selector for servlet write/read
2018-10-17 18:29:10.048 INFO [restartedMain]o.s.boot.web.embedded.tomcat.TomcatWebServer.log:87 -Tomcat started on port(s): 8088 (http) with context path ''
2018-10-17 18:29:10.053 INFO [restartedMain]com.mhc.bi.TheAdvisorApplication.log:87 -Started TheAdvisorApplication in 7.665 seconds (JVM running for 9.018)
2018-10-17 18:29:13.748 INFO [http-nio-8088-exec-1]o.a.catalina.core.ContainerBase.[Tomcat].[localhost].[/].log:180 -Initializing Spring FrameworkServlet 'dispatcherServlet'
2018-10-17 18:29:13.749 INFO [http-nio-8088-exec-1]org.springframework.web.servlet.DispatcherServlet.log:87 -FrameworkServlet 'dispatcherServlet': initialization started
2018-10-17 18:29:13.770 INFO [http-nio-8088-exec-1]org.springframework.web.servlet.DispatcherServlet.log:87 -FrameworkServlet 'dispatcherServlet': initialization completed in 21 ms
2018-10-17 18:29:17.879 INFO [http-nio-8088-exec-1]io.lettuce.core.EpollProvider.info:101 -Starting without optional epoll library
2018-10-17 18:29:17.881 INFO [http-nio-8088-exec-1]io.lettuce.core.KqueueProvider.info:101 -Starting without optional kqueue library
